<html>
<head>
<title>TestNG:  ESIC_HIS.ProductionScript.C13689_Miscellaneous_Changes_in_Clinical_Records</title>
<link href="../testng.css" rel="stylesheet" type="text/css" />
<link href="../my-testng.css" rel="stylesheet" type="text/css" />

<style type="text/css">
.log { display: none;} 
.stack-trace { display: none;} 
</style>
<script type="text/javascript">
<!--
function flip(e) {
  current = e.style.display;
  if (current == 'block') {
    e.style.display = 'none';
    return 0;
  }
  else {
    e.style.display = 'block';
    return 1;
  }
}

function toggleBox(szDivId, elem, msg1, msg2)
{
  var res = -1;  if (document.getElementById) {
    res = flip(document.getElementById(szDivId));
  }
  else if (document.all) {
    // this is the way old msie versions work
    res = flip(document.all[szDivId]);
  }
  if(elem) {
    if(res == 0) elem.innerHTML = msg1; else elem.innerHTML = msg2;
  }

}

function toggleAllBoxes() {
  if (document.getElementsByTagName) {
    d = document.getElementsByTagName('div');
    for (i = 0; i < d.length; i++) {
      if (d[i].className == 'log') {
        flip(d[i]);
      }
    }
  }
}

// -->
</script>

</head>
<body>
<h2 align='center'>ESIC_HIS.ProductionScript.C13689_Miscellaneous_Changes_in_Clinical_Records</h2><table border='1' align="center">
<tr>
<td>Tests passed/Failed/Skipped:</td><td>0/10/0</td>
</tr><tr>
<td>Started on:</td><td>Mon Jun 19 12:40:14 IST 2023</td>
</tr>
<tr><td>Total time:</td><td>84 seconds (84307 ms)</td>
</tr><tr>
<td>Included groups:</td><td></td>
</tr><tr>
<td>Excluded groups:</td><td></td>
</tr>
</table><p/>
<small><i>(Hover the method name to see the test class name)</i></small><p/>
<table width='100%' border='1' class='invocation-failed'>
<tr><td colspan='4' align='center'><b>FAILED TESTS</b></td></tr>
<tr><td><b>Test method</b></td>
<td width="30%"><b>Exception</b></td>
<td width="10%"><b>Time (seconds)</b></td>
<td><b>Instance</b></td>
</tr>
<tr>
<td title='ESIC_HIS.ProductionScript.C13689_Miscellaneous_Changes_in_Clinical_Records.ESIC_HIS_Location_and_Facility_Selection_Clinical_Records_Dr_Worklist_ESIC_Employee_Esic_Pensioner_insurance_number_Search_Icon_Functionality_TC_007()'><b>ESIC_HIS_Location_and_Facility_Selection_Clinical_Records_Dr_Worklist_ESIC_Employee_Esic_Pensioner_insurance_number_Search_Icon_Functionality_TC_007</b><br>Test class: ESIC_HIS.ProductionScript.C13689_Miscellaneous_Changes_in_Clinical_Records</td>
<td><div><pre>java.lang.NullPointerException: Cannot invoke &quot;com.qa.pages.Miscellaneous_Changes_in_Clinical_RecordsPage.getESIC_Employee_ESIC_Pensioner_Insurance_NoText()&quot; because &quot;this.MCICRP&quot; is null
	at ESIC_HIS.ProductionScript.C13689_Miscellaneous_Changes_in_Clinical_Records.ESIC_HIS_Location_and_Facility_Selection_Clinical_Records_Dr_Worklist_ESIC_Employee_Esic_Pensioner_insurance_number_Search_Icon_Functionality_TC_007(C13689_Miscellaneous_Changes_in_Clinical_Records.java:86)
	at java.base/java.util.ArrayList.forEach(ArrayList.java:1511)
... Removed 27 stack frames</pre></div><a href='#' onClick='toggleBox("stack-trace1620041759", this, "Click to show all stack frames", "Click to hide stack frames")'>Click to show all stack frames</a>
<div class='stack-trace' id='stack-trace1620041759'><pre>java.lang.NullPointerException: Cannot invoke &quot;com.qa.pages.Miscellaneous_Changes_in_Clinical_RecordsPage.getESIC_Employee_ESIC_Pensioner_Insurance_NoText()&quot; because &quot;this.MCICRP&quot; is null
	at ESIC_HIS.ProductionScript.C13689_Miscellaneous_Changes_in_Clinical_Records.ESIC_HIS_Location_and_Facility_Selection_Clinical_Records_Dr_Worklist_ESIC_Employee_Esic_Pensioner_insurance_number_Search_Icon_Functionality_TC_007(C13689_Miscellaneous_Changes_in_Clinical_Records.java:86)
	at java.base/jdk.internal.reflect.NativeMethodAccessorImpl.invoke0(Native Method)
	at java.base/jdk.internal.reflect.NativeMethodAccessorImpl.invoke(NativeMethodAccessorImpl.java:78)
	at java.base/jdk.internal.reflect.DelegatingMethodAccessorImpl.invoke(DelegatingMethodAccessorImpl.java:43)
	at java.base/java.lang.reflect.Method.invoke(Method.java:567)
	at org.testng.internal.MethodInvocationHelper.invokeMethod(MethodInvocationHelper.java:133)
	at org.testng.internal.TestInvoker.invokeMethod(TestInvoker.java:598)
	at org.testng.internal.TestInvoker.invokeTestMethod(TestInvoker.java:173)
	at org.testng.internal.MethodRunner.runInSequence(MethodRunner.java:46)
	at org.testng.internal.TestInvoker$MethodInvocationAgent.invoke(TestInvoker.java:824)
	at org.testng.internal.TestInvoker.invokeTestMethods(TestInvoker.java:146)
	at org.testng.internal.TestMethodWorker.invokeTestMethods(TestMethodWorker.java:146)
	at org.testng.internal.TestMethodWorker.run(TestMethodWorker.java:128)
	at java.base/java.util.ArrayList.forEach(ArrayList.java:1511)
	at org.testng.TestRunner.privateRun(TestRunner.java:794)
	at org.testng.TestRunner.run(TestRunner.java:596)
	at org.testng.SuiteRunner.runTest(SuiteRunner.java:377)
	at org.testng.SuiteRunner.runSequentially(SuiteRunner.java:371)
	at org.testng.SuiteRunner.privateRun(SuiteRunner.java:332)
	at org.testng.SuiteRunner.run(SuiteRunner.java:276)
	at org.testng.SuiteRunnerWorker.runSuite(SuiteRunnerWorker.java:53)
	at org.testng.SuiteRunnerWorker.run(SuiteRunnerWorker.java:96)
	at org.testng.TestNG.runSuitesSequentially(TestNG.java:1212)
	at org.testng.TestNG.runSuitesLocally(TestNG.java:1134)
	at org.testng.TestNG.runSuites(TestNG.java:1063)
	at org.testng.TestNG.run(TestNG.java:1031)
	at org.testng.remote.AbstractRemoteTestNG.run(AbstractRemoteTestNG.java:115)
	at org.testng.remote.RemoteTestNG.initAndRun(RemoteTestNG.java:251)
	at org.testng.remote.RemoteTestNG.main(RemoteTestNG.java:77)
</pre></div></td>
<td>0</td>
<td>ESIC_HIS.ProductionScript.C13689_Miscellaneous_Changes_in_Clinical_Records@1951b871</td></tr>
<tr>
<td title='ESIC_HIS.ProductionScript.C13689_Miscellaneous_Changes_in_Clinical_Records.doLoginTest()'><b>doLoginTest</b><br>Test class: ESIC_HIS.ProductionScript.C13689_Miscellaneous_Changes_in_Clinical_Records</td>
<td><div><pre>org.openqa.selenium.TimeoutException: Expected condition failed: waiting for visibility of element located by By.linkText: Applications (tried for 60 second(s) with 500 milliseconds interval)
Build info: version: &apos;4.0.0&apos;, revision: &apos;3a21814679&apos;
System info: host: &apos;DESKTOP-D23LR3J&apos;, ip: &apos;192.168.0.20&apos;, os.name: &apos;Windows 10&apos;, os.arch: &apos;amd64&apos;, os.version: &apos;10.0&apos;, java.version: &apos;16.0.2&apos;
Driver info: org.openqa.selenium.firefox.FirefoxDriver
Capabilities {acceptInsecureCerts: true, browserName: firefox, browserVersion: 114.0.1, javascriptEnabled: true, moz:accessibilityChecks: false, moz:buildID: 20230608214645, moz:debuggerAddress: 127.0.0.1:58746, moz:geckodriverVersion: 0.30.0, moz:headless: false, moz:platformVersion: 10.0, moz:processID: 16180, moz:profile: C:\Users\KULVIR~1\AppData\L..., moz:shutdownTimeout: 60000, moz:useNonSpecCompliantPointerOrigin: false, moz:webdriverClick: true, moz:windowless: false, pageLoadStrategy: normal, platform: WINDOWS, platformName: WINDOWS, proxy: Proxy(), se:cdp: ws://127.0.0.1:58746/devtoo..., se:cdpVersion: 85, setWindowRect: true, strictFileInteractability: false, timeouts: {implicit: 0, pageLoad: 300000, script: 30000}, unhandledPromptBehavior: dismiss and notify}
Session ID: 138d718b-9fee-4325-8e2b-d857681a932b
	at org.openqa.selenium.support.ui.WebDriverWait.timeoutException(WebDriverWait.java:138)
	at org.openqa.selenium.support.ui.FluentWait.until(FluentWait.java:231)
	at com.qa.pages.Loginpage.doLogin(Loginpage.java:63)
	at ESIC_HIS.ProductionScript.C13689_Miscellaneous_Changes_in_Clinical_Records.doLoginTest(C13689_Miscellaneous_Changes_in_Clinical_Records.java:54)
	at java.base/java.util.ArrayList.forEach(ArrayList.java:1511)
... Removed 27 stack frames</pre></div><a href='#' onClick='toggleBox("stack-trace1156385423", this, "Click to show all stack frames", "Click to hide stack frames")'>Click to show all stack frames</a>
<div class='stack-trace' id='stack-trace1156385423'><pre>org.openqa.selenium.TimeoutException: Expected condition failed: waiting for visibility of element located by By.linkText: Applications (tried for 60 second(s) with 500 milliseconds interval)
Build info: version: &apos;4.0.0&apos;, revision: &apos;3a21814679&apos;
System info: host: &apos;DESKTOP-D23LR3J&apos;, ip: &apos;192.168.0.20&apos;, os.name: &apos;Windows 10&apos;, os.arch: &apos;amd64&apos;, os.version: &apos;10.0&apos;, java.version: &apos;16.0.2&apos;
Driver info: org.openqa.selenium.firefox.FirefoxDriver
Capabilities {acceptInsecureCerts: true, browserName: firefox, browserVersion: 114.0.1, javascriptEnabled: true, moz:accessibilityChecks: false, moz:buildID: 20230608214645, moz:debuggerAddress: 127.0.0.1:58746, moz:geckodriverVersion: 0.30.0, moz:headless: false, moz:platformVersion: 10.0, moz:processID: 16180, moz:profile: C:\Users\KULVIR~1\AppData\L..., moz:shutdownTimeout: 60000, moz:useNonSpecCompliantPointerOrigin: false, moz:webdriverClick: true, moz:windowless: false, pageLoadStrategy: normal, platform: WINDOWS, platformName: WINDOWS, proxy: Proxy(), se:cdp: ws://127.0.0.1:58746/devtoo..., se:cdpVersion: 85, setWindowRect: true, strictFileInteractability: false, timeouts: {implicit: 0, pageLoad: 300000, script: 30000}, unhandledPromptBehavior: dismiss and notify}
Session ID: 138d718b-9fee-4325-8e2b-d857681a932b
	at org.openqa.selenium.support.ui.WebDriverWait.timeoutException(WebDriverWait.java:138)
	at org.openqa.selenium.support.ui.FluentWait.until(FluentWait.java:231)
	at com.qa.pages.Loginpage.doLogin(Loginpage.java:63)
	at ESIC_HIS.ProductionScript.C13689_Miscellaneous_Changes_in_Clinical_Records.doLoginTest(C13689_Miscellaneous_Changes_in_Clinical_Records.java:54)
	at java.base/jdk.internal.reflect.NativeMethodAccessorImpl.invoke0(Native Method)
	at java.base/jdk.internal.reflect.NativeMethodAccessorImpl.invoke(NativeMethodAccessorImpl.java:78)
	at java.base/jdk.internal.reflect.DelegatingMethodAccessorImpl.invoke(DelegatingMethodAccessorImpl.java:43)
	at java.base/java.lang.reflect.Method.invoke(Method.java:567)
	at org.testng.internal.MethodInvocationHelper.invokeMethod(MethodInvocationHelper.java:133)
	at org.testng.internal.TestInvoker.invokeMethod(TestInvoker.java:598)
	at org.testng.internal.TestInvoker.invokeTestMethod(TestInvoker.java:173)
	at org.testng.internal.MethodRunner.runInSequence(MethodRunner.java:46)
	at org.testng.internal.TestInvoker$MethodInvocationAgent.invoke(TestInvoker.java:824)
	at org.testng.internal.TestInvoker.invokeTestMethods(TestInvoker.java:146)
	at org.testng.internal.TestMethodWorker.invokeTestMethods(TestMethodWorker.java:146)
	at org.testng.internal.TestMethodWorker.run(TestMethodWorker.java:128)
	at java.base/java.util.ArrayList.forEach(ArrayList.java:1511)
	at org.testng.TestRunner.privateRun(TestRunner.java:794)
	at org.testng.TestRunner.run(TestRunner.java:596)
	at org.testng.SuiteRunner.runTest(SuiteRunner.java:377)
	at org.testng.SuiteRunner.runSequentially(SuiteRunner.java:371)
	at org.testng.SuiteRunner.privateRun(SuiteRunner.java:332)
	at org.testng.SuiteRunner.run(SuiteRunner.java:276)
	at org.testng.SuiteRunnerWorker.runSuite(SuiteRunnerWorker.java:53)
	at org.testng.SuiteRunnerWorker.run(SuiteRunnerWorker.java:96)
	at org.testng.TestNG.runSuitesSequentially(TestNG.java:1212)
	at org.testng.TestNG.runSuitesLocally(TestNG.java:1134)
	at org.testng.TestNG.runSuites(TestNG.java:1063)
	at org.testng.TestNG.run(TestNG.java:1031)
	at org.testng.remote.AbstractRemoteTestNG.run(AbstractRemoteTestNG.java:115)
	at org.testng.remote.RemoteTestNG.initAndRun(RemoteTestNG.java:251)
	at org.testng.remote.RemoteTestNG.main(RemoteTestNG.java:77)
</pre></div></td>
<td>62</td>
<td>ESIC_HIS.ProductionScript.C13689_Miscellaneous_Changes_in_Clinical_Records@1951b871</td></tr>
<tr>
<td title='ESIC_HIS.ProductionScript.C13689_Miscellaneous_Changes_in_Clinical_Records.doNavigateToHISHomeTest()'><b>doNavigateToHISHomeTest</b><br>Test class: ESIC_HIS.ProductionScript.C13689_Miscellaneous_Changes_in_Clinical_Records<br>Parameters: Firefox</td>
<td><div><pre>java.lang.NullPointerException: Cannot invoke &quot;com.qa.pages.SelectHospitalLocationPage.doNavigateToHISHome(String, String, String)&quot; because &quot;this.selecthospitallocationpage&quot; is null
	at ESIC_HIS.ProductionScript.C13689_Miscellaneous_Changes_in_Clinical_Records.doNavigateToHISHomeTest(C13689_Miscellaneous_Changes_in_Clinical_Records.java:67)
	at java.base/java.util.ArrayList.forEach(ArrayList.java:1511)
... Removed 27 stack frames</pre></div><a href='#' onClick='toggleBox("stack-trace1283364748", this, "Click to show all stack frames", "Click to hide stack frames")'>Click to show all stack frames</a>
<div class='stack-trace' id='stack-trace1283364748'><pre>java.lang.NullPointerException: Cannot invoke &quot;com.qa.pages.SelectHospitalLocationPage.doNavigateToHISHome(String, String, String)&quot; because &quot;this.selecthospitallocationpage&quot; is null
	at ESIC_HIS.ProductionScript.C13689_Miscellaneous_Changes_in_Clinical_Records.doNavigateToHISHomeTest(C13689_Miscellaneous_Changes_in_Clinical_Records.java:67)
	at java.base/jdk.internal.reflect.NativeMethodAccessorImpl.invoke0(Native Method)
	at java.base/jdk.internal.reflect.NativeMethodAccessorImpl.invoke(NativeMethodAccessorImpl.java:78)
	at java.base/jdk.internal.reflect.DelegatingMethodAccessorImpl.invoke(DelegatingMethodAccessorImpl.java:43)
	at java.base/java.lang.reflect.Method.invoke(Method.java:567)
	at org.testng.internal.MethodInvocationHelper.invokeMethod(MethodInvocationHelper.java:133)
	at org.testng.internal.TestInvoker.invokeMethod(TestInvoker.java:598)
	at org.testng.internal.TestInvoker.invokeTestMethod(TestInvoker.java:173)
	at org.testng.internal.MethodRunner.runInSequence(MethodRunner.java:46)
	at org.testng.internal.TestInvoker$MethodInvocationAgent.invoke(TestInvoker.java:824)
	at org.testng.internal.TestInvoker.invokeTestMethods(TestInvoker.java:146)
	at org.testng.internal.TestMethodWorker.invokeTestMethods(TestMethodWorker.java:146)
	at org.testng.internal.TestMethodWorker.run(TestMethodWorker.java:128)
	at java.base/java.util.ArrayList.forEach(ArrayList.java:1511)
	at org.testng.TestRunner.privateRun(TestRunner.java:794)
	at org.testng.TestRunner.run(TestRunner.java:596)
	at org.testng.SuiteRunner.runTest(SuiteRunner.java:377)
	at org.testng.SuiteRunner.runSequentially(SuiteRunner.java:371)
	at org.testng.SuiteRunner.privateRun(SuiteRunner.java:332)
	at org.testng.SuiteRunner.run(SuiteRunner.java:276)
	at org.testng.SuiteRunnerWorker.runSuite(SuiteRunnerWorker.java:53)
	at org.testng.SuiteRunnerWorker.run(SuiteRunnerWorker.java:96)
	at org.testng.TestNG.runSuitesSequentially(TestNG.java:1212)
	at org.testng.TestNG.runSuitesLocally(TestNG.java:1134)
	at org.testng.TestNG.runSuites(TestNG.java:1063)
	at org.testng.TestNG.run(TestNG.java:1031)
	at org.testng.remote.AbstractRemoteTestNG.run(AbstractRemoteTestNG.java:115)
	at org.testng.remote.RemoteTestNG.initAndRun(RemoteTestNG.java:251)
	at org.testng.remote.RemoteTestNG.main(RemoteTestNG.java:77)
</pre></div></td>
<td>0</td>
<td>ESIC_HIS.ProductionScript.C13689_Miscellaneous_Changes_in_Clinical_Records@1951b871</td></tr>
<tr>
<td title='ESIC_HIS.ProductionScript.C13689_Miscellaneous_Changes_in_Clinical_Records.ESIC_HIS_Location_and_Facility_Selection_Registration_Patient_Check_In_Clinical_Records_Dr_Worklist_TC_006()'><b>ESIC_HIS_Location_and_Facility_Selection_Registration_Patient_Check_In_Clinical_Records_Dr_Worklist_TC_006</b><br>Test class: ESIC_HIS.ProductionScript.C13689_Miscellaneous_Changes_in_Clinical_Records</td>
<td><div><pre>java.lang.NullPointerException: Cannot invoke &quot;com.qa.pages.HISHomePage.doNavigateToDrWorkList()&quot; because &quot;this.hishomepage&quot; is null
	at ESIC_HIS.ProductionScript.C13689_Miscellaneous_Changes_in_Clinical_Records.ESIC_HIS_Location_and_Facility_Selection_Registration_Patient_Check_In_Clinical_Records_Dr_Worklist_TC_006(C13689_Miscellaneous_Changes_in_Clinical_Records.java:72)
	at java.base/java.util.ArrayList.forEach(ArrayList.java:1511)
... Removed 27 stack frames</pre></div><a href='#' onClick='toggleBox("stack-trace585878713", this, "Click to show all stack frames", "Click to hide stack frames")'>Click to show all stack frames</a>
<div class='stack-trace' id='stack-trace585878713'><pre>java.lang.NullPointerException: Cannot invoke &quot;com.qa.pages.HISHomePage.doNavigateToDrWorkList()&quot; because &quot;this.hishomepage&quot; is null
	at ESIC_HIS.ProductionScript.C13689_Miscellaneous_Changes_in_Clinical_Records.ESIC_HIS_Location_and_Facility_Selection_Registration_Patient_Check_In_Clinical_Records_Dr_Worklist_TC_006(C13689_Miscellaneous_Changes_in_Clinical_Records.java:72)
	at java.base/jdk.internal.reflect.NativeMethodAccessorImpl.invoke0(Native Method)
	at java.base/jdk.internal.reflect.NativeMethodAccessorImpl.invoke(NativeMethodAccessorImpl.java:78)
	at java.base/jdk.internal.reflect.DelegatingMethodAccessorImpl.invoke(DelegatingMethodAccessorImpl.java:43)
	at java.base/java.lang.reflect.Method.invoke(Method.java:567)
	at org.testng.internal.MethodInvocationHelper.invokeMethod(MethodInvocationHelper.java:133)
	at org.testng.internal.TestInvoker.invokeMethod(TestInvoker.java:598)
	at org.testng.internal.TestInvoker.invokeTestMethod(TestInvoker.java:173)
	at org.testng.internal.MethodRunner.runInSequence(MethodRunner.java:46)
	at org.testng.internal.TestInvoker$MethodInvocationAgent.invoke(TestInvoker.java:824)
	at org.testng.internal.TestInvoker.invokeTestMethods(TestInvoker.java:146)
	at org.testng.internal.TestMethodWorker.invokeTestMethods(TestMethodWorker.java:146)
	at org.testng.internal.TestMethodWorker.run(TestMethodWorker.java:128)
	at java.base/java.util.ArrayList.forEach(ArrayList.java:1511)
	at org.testng.TestRunner.privateRun(TestRunner.java:794)
	at org.testng.TestRunner.run(TestRunner.java:596)
	at org.testng.SuiteRunner.runTest(SuiteRunner.java:377)
	at org.testng.SuiteRunner.runSequentially(SuiteRunner.java:371)
	at org.testng.SuiteRunner.privateRun(SuiteRunner.java:332)
	at org.testng.SuiteRunner.run(SuiteRunner.java:276)
	at org.testng.SuiteRunnerWorker.runSuite(SuiteRunnerWorker.java:53)
	at org.testng.SuiteRunnerWorker.run(SuiteRunnerWorker.java:96)
	at org.testng.TestNG.runSuitesSequentially(TestNG.java:1212)
	at org.testng.TestNG.runSuitesLocally(TestNG.java:1134)
	at org.testng.TestNG.runSuites(TestNG.java:1063)
	at org.testng.TestNG.run(TestNG.java:1031)
	at org.testng.remote.AbstractRemoteTestNG.run(AbstractRemoteTestNG.java:115)
	at org.testng.remote.RemoteTestNG.initAndRun(RemoteTestNG.java:251)
	at org.testng.remote.RemoteTestNG.main(RemoteTestNG.java:77)
</pre></div></td>
<td>0</td>
<td>ESIC_HIS.ProductionScript.C13689_Miscellaneous_Changes_in_Clinical_Records@1951b871</td></tr>
<tr>
<td title='ESIC_HIS.ProductionScript.C13689_Miscellaneous_Changes_in_Clinical_Records.ESIC_HIS_App_LocationANDFacility_Selection_Clinical_Records_Dr_Worklist_ESIC_Employee_Esic_Pensioner_Insurance_Number_Search_Icon_Functionality_TC_20()'><b>ESIC_HIS_App_LocationANDFacility_Selection_Clinical_Records_Dr_Worklist_ESIC_Employee_Esic_Pensioner_Insurance_Number_Search_Icon_Functionality_TC_20</b><br>Test class: ESIC_HIS.ProductionScript.C13689_Miscellaneous_Changes_in_Clinical_Records</td>
<td><div><pre>java.lang.NullPointerException: Cannot invoke &quot;com.qa.pages.Miscellaneous_Changes_in_Clinical_RecordsPage.getPopupCloseButton()&quot; because &quot;this.MCICRP&quot; is null
	at ESIC_HIS.ProductionScript.C13689_Miscellaneous_Changes_in_Clinical_Records.ESIC_HIS_App_LocationANDFacility_Selection_Clinical_Records_Dr_Worklist_ESIC_Employee_Esic_Pensioner_Insurance_Number_Search_Icon_Functionality_TC_20(C13689_Miscellaneous_Changes_in_Clinical_Records.java:111)
	at java.base/java.util.ArrayList.forEach(ArrayList.java:1511)
... Removed 27 stack frames</pre></div><a href='#' onClick='toggleBox("stack-trace1517677623", this, "Click to show all stack frames", "Click to hide stack frames")'>Click to show all stack frames</a>
<div class='stack-trace' id='stack-trace1517677623'><pre>java.lang.NullPointerException: Cannot invoke &quot;com.qa.pages.Miscellaneous_Changes_in_Clinical_RecordsPage.getPopupCloseButton()&quot; because &quot;this.MCICRP&quot; is null
	at ESIC_HIS.ProductionScript.C13689_Miscellaneous_Changes_in_Clinical_Records.ESIC_HIS_App_LocationANDFacility_Selection_Clinical_Records_Dr_Worklist_ESIC_Employee_Esic_Pensioner_Insurance_Number_Search_Icon_Functionality_TC_20(C13689_Miscellaneous_Changes_in_Clinical_Records.java:111)
	at java.base/jdk.internal.reflect.NativeMethodAccessorImpl.invoke0(Native Method)
	at java.base/jdk.internal.reflect.NativeMethodAccessorImpl.invoke(NativeMethodAccessorImpl.java:78)
	at java.base/jdk.internal.reflect.DelegatingMethodAccessorImpl.invoke(DelegatingMethodAccessorImpl.java:43)
	at java.base/java.lang.reflect.Method.invoke(Method.java:567)
	at org.testng.internal.MethodInvocationHelper.invokeMethod(MethodInvocationHelper.java:133)
	at org.testng.internal.TestInvoker.invokeMethod(TestInvoker.java:598)
	at org.testng.internal.TestInvoker.invokeTestMethod(TestInvoker.java:173)
	at org.testng.internal.MethodRunner.runInSequence(MethodRunner.java:46)
	at org.testng.internal.TestInvoker$MethodInvocationAgent.invoke(TestInvoker.java:824)
	at org.testng.internal.TestInvoker.invokeTestMethods(TestInvoker.java:146)
	at org.testng.internal.TestMethodWorker.invokeTestMethods(TestMethodWorker.java:146)
	at org.testng.internal.TestMethodWorker.run(TestMethodWorker.java:128)
	at java.base/java.util.ArrayList.forEach(ArrayList.java:1511)
	at org.testng.TestRunner.privateRun(TestRunner.java:794)
	at org.testng.TestRunner.run(TestRunner.java:596)
	at org.testng.SuiteRunner.runTest(SuiteRunner.java:377)
	at org.testng.SuiteRunner.runSequentially(SuiteRunner.java:371)
	at org.testng.SuiteRunner.privateRun(SuiteRunner.java:332)
	at org.testng.SuiteRunner.run(SuiteRunner.java:276)
	at org.testng.SuiteRunnerWorker.runSuite(SuiteRunnerWorker.java:53)
	at org.testng.SuiteRunnerWorker.run(SuiteRunnerWorker.java:96)
	at org.testng.TestNG.runSuitesSequentially(TestNG.java:1212)
	at org.testng.TestNG.runSuitesLocally(TestNG.java:1134)
	at org.testng.TestNG.runSuites(TestNG.java:1063)
	at org.testng.TestNG.run(TestNG.java:1031)
	at org.testng.remote.AbstractRemoteTestNG.run(AbstractRemoteTestNG.java:115)
	at org.testng.remote.RemoteTestNG.initAndRun(RemoteTestNG.java:251)
	at org.testng.remote.RemoteTestNG.main(RemoteTestNG.java:77)
</pre></div></td>
<td>0</td>
<td>ESIC_HIS.ProductionScript.C13689_Miscellaneous_Changes_in_Clinical_Records@1951b871</td></tr>
<tr>
<td title='ESIC_HIS.ProductionScript.C13689_Miscellaneous_Changes_in_Clinical_Records.doNavigateToSelectHospitalLocationTest()'><b>doNavigateToSelectHospitalLocationTest</b><br>Test class: ESIC_HIS.ProductionScript.C13689_Miscellaneous_Changes_in_Clinical_Records</td>
<td><div><pre>java.lang.NullPointerException: Cannot invoke &quot;com.qa.pages.HomePage.doNavigateToSelectHospitalLocation()&quot; because &quot;this.homepage&quot; is null
	at ESIC_HIS.ProductionScript.C13689_Miscellaneous_Changes_in_Clinical_Records.doNavigateToSelectHospitalLocationTest(C13689_Miscellaneous_Changes_in_Clinical_Records.java:61)
	at java.base/java.util.ArrayList.forEach(ArrayList.java:1511)
... Removed 27 stack frames</pre></div><a href='#' onClick='toggleBox("stack-trace1492400048", this, "Click to show all stack frames", "Click to hide stack frames")'>Click to show all stack frames</a>
<div class='stack-trace' id='stack-trace1492400048'><pre>java.lang.NullPointerException: Cannot invoke &quot;com.qa.pages.HomePage.doNavigateToSelectHospitalLocation()&quot; because &quot;this.homepage&quot; is null
	at ESIC_HIS.ProductionScript.C13689_Miscellaneous_Changes_in_Clinical_Records.doNavigateToSelectHospitalLocationTest(C13689_Miscellaneous_Changes_in_Clinical_Records.java:61)
	at java.base/jdk.internal.reflect.NativeMethodAccessorImpl.invoke0(Native Method)
	at java.base/jdk.internal.reflect.NativeMethodAccessorImpl.invoke(NativeMethodAccessorImpl.java:78)
	at java.base/jdk.internal.reflect.DelegatingMethodAccessorImpl.invoke(DelegatingMethodAccessorImpl.java:43)
	at java.base/java.lang.reflect.Method.invoke(Method.java:567)
	at org.testng.internal.MethodInvocationHelper.invokeMethod(MethodInvocationHelper.java:133)
	at org.testng.internal.TestInvoker.invokeMethod(TestInvoker.java:598)
	at org.testng.internal.TestInvoker.invokeTestMethod(TestInvoker.java:173)
	at org.testng.internal.MethodRunner.runInSequence(MethodRunner.java:46)
	at org.testng.internal.TestInvoker$MethodInvocationAgent.invoke(TestInvoker.java:824)
	at org.testng.internal.TestInvoker.invokeTestMethods(TestInvoker.java:146)
	at org.testng.internal.TestMethodWorker.invokeTestMethods(TestMethodWorker.java:146)
	at org.testng.internal.TestMethodWorker.run(TestMethodWorker.java:128)
	at java.base/java.util.ArrayList.forEach(ArrayList.java:1511)
	at org.testng.TestRunner.privateRun(TestRunner.java:794)
	at org.testng.TestRunner.run(TestRunner.java:596)
	at org.testng.SuiteRunner.runTest(SuiteRunner.java:377)
	at org.testng.SuiteRunner.runSequentially(SuiteRunner.java:371)
	at org.testng.SuiteRunner.privateRun(SuiteRunner.java:332)
	at org.testng.SuiteRunner.run(SuiteRunner.java:276)
	at org.testng.SuiteRunnerWorker.runSuite(SuiteRunnerWorker.java:53)
	at org.testng.SuiteRunnerWorker.run(SuiteRunnerWorker.java:96)
	at org.testng.TestNG.runSuitesSequentially(TestNG.java:1212)
	at org.testng.TestNG.runSuitesLocally(TestNG.java:1134)
	at org.testng.TestNG.runSuites(TestNG.java:1063)
	at org.testng.TestNG.run(TestNG.java:1031)
	at org.testng.remote.AbstractRemoteTestNG.run(AbstractRemoteTestNG.java:115)
	at org.testng.remote.RemoteTestNG.initAndRun(RemoteTestNG.java:251)
	at org.testng.remote.RemoteTestNG.main(RemoteTestNG.java:77)
</pre></div></td>
<td>0</td>
<td>ESIC_HIS.ProductionScript.C13689_Miscellaneous_Changes_in_Clinical_Records@1951b871</td></tr>
<tr>
<td title='ESIC_HIS.ProductionScript.C13689_Miscellaneous_Changes_in_Clinical_Records.ESIC_HIS_Clinical_Records_Clinical_Records_Inpatient_Emergency_Patient_Click_on_Bed_IPD_Casesheet_Print_TC_17()'><b>ESIC_HIS_Clinical_Records_Clinical_Records_Inpatient_Emergency_Patient_Click_on_Bed_IPD_Casesheet_Print_TC_17</b><br>Test class: ESIC_HIS.ProductionScript.C13689_Miscellaneous_Changes_in_Clinical_Records</td>
<td><div><pre>java.lang.NullPointerException: Cannot invoke &quot;com.qa.pages.Miscellaneous_Changes_in_Clinical_RecordsPage.getpopupok()&quot; because &quot;this.MCICRP&quot; is null
	at ESIC_HIS.ProductionScript.C13689_Miscellaneous_Changes_in_Clinical_Records.ESIC_HIS_Clinical_Records_Clinical_Records_Inpatient_Emergency_Patient_Click_on_Bed_IPD_Casesheet_Print_TC_17(C13689_Miscellaneous_Changes_in_Clinical_Records.java:260)
	at java.base/java.util.ArrayList.forEach(ArrayList.java:1511)
... Removed 27 stack frames</pre></div><a href='#' onClick='toggleBox("stack-trace1058994646", this, "Click to show all stack frames", "Click to hide stack frames")'>Click to show all stack frames</a>
<div class='stack-trace' id='stack-trace1058994646'><pre>java.lang.NullPointerException: Cannot invoke &quot;com.qa.pages.Miscellaneous_Changes_in_Clinical_RecordsPage.getpopupok()&quot; because &quot;this.MCICRP&quot; is null
	at ESIC_HIS.ProductionScript.C13689_Miscellaneous_Changes_in_Clinical_Records.ESIC_HIS_Clinical_Records_Clinical_Records_Inpatient_Emergency_Patient_Click_on_Bed_IPD_Casesheet_Print_TC_17(C13689_Miscellaneous_Changes_in_Clinical_Records.java:260)
	at java.base/jdk.internal.reflect.NativeMethodAccessorImpl.invoke0(Native Method)
	at java.base/jdk.internal.reflect.NativeMethodAccessorImpl.invoke(NativeMethodAccessorImpl.java:78)
	at java.base/jdk.internal.reflect.DelegatingMethodAccessorImpl.invoke(DelegatingMethodAccessorImpl.java:43)
	at java.base/java.lang.reflect.Method.invoke(Method.java:567)
	at org.testng.internal.MethodInvocationHelper.invokeMethod(MethodInvocationHelper.java:133)
	at org.testng.internal.TestInvoker.invokeMethod(TestInvoker.java:598)
	at org.testng.internal.TestInvoker.invokeTestMethod(TestInvoker.java:173)
	at org.testng.internal.MethodRunner.runInSequence(MethodRunner.java:46)
	at org.testng.internal.TestInvoker$MethodInvocationAgent.invoke(TestInvoker.java:824)
	at org.testng.internal.TestInvoker.invokeTestMethods(TestInvoker.java:146)
	at org.testng.internal.TestMethodWorker.invokeTestMethods(TestMethodWorker.java:146)
	at org.testng.internal.TestMethodWorker.run(TestMethodWorker.java:128)
	at java.base/java.util.ArrayList.forEach(ArrayList.java:1511)
	at org.testng.TestRunner.privateRun(TestRunner.java:794)
	at org.testng.TestRunner.run(TestRunner.java:596)
	at org.testng.SuiteRunner.runTest(SuiteRunner.java:377)
	at org.testng.SuiteRunner.runSequentially(SuiteRunner.java:371)
	at org.testng.SuiteRunner.privateRun(SuiteRunner.java:332)
	at org.testng.SuiteRunner.run(SuiteRunner.java:276)
	at org.testng.SuiteRunnerWorker.runSuite(SuiteRunnerWorker.java:53)
	at org.testng.SuiteRunnerWorker.run(SuiteRunnerWorker.java:96)
	at org.testng.TestNG.runSuitesSequentially(TestNG.java:1212)
	at org.testng.TestNG.runSuitesLocally(TestNG.java:1134)
	at org.testng.TestNG.runSuites(TestNG.java:1063)
	at org.testng.TestNG.run(TestNG.java:1031)
	at org.testng.remote.AbstractRemoteTestNG.run(AbstractRemoteTestNG.java:115)
	at org.testng.remote.RemoteTestNG.initAndRun(RemoteTestNG.java:251)
	at org.testng.remote.RemoteTestNG.main(RemoteTestNG.java:77)
</pre></div></td>
<td>5</td>
<td>ESIC_HIS.ProductionScript.C13689_Miscellaneous_Changes_in_Clinical_Records@1951b871</td></tr>
<tr>
<td title='ESIC_HIS.ProductionScript.C13689_Miscellaneous_Changes_in_Clinical_Records.ESIC_HIS_Clinical_Records_Clinical_Records_Inpatient_Emergency_Patient_Click_on_Bed_IPD_Case_sheet_Diagnosis_TC_015()'><b>ESIC_HIS_Clinical_Records_Clinical_Records_Inpatient_Emergency_Patient_Click_on_Bed_IPD_Case_sheet_Diagnosis_TC_015</b><br>Test class: ESIC_HIS.ProductionScript.C13689_Miscellaneous_Changes_in_Clinical_Records</td>
<td><div><pre>java.lang.IndexOutOfBoundsException: Index 2 out of bounds for length 1
	at java.base/jdk.internal.util.Preconditions.outOfBounds(Preconditions.java:64)
	at java.base/jdk.internal.util.Preconditions.outOfBoundsCheckIndex(Preconditions.java:70)
	at java.base/jdk.internal.util.Preconditions.checkIndex(Preconditions.java:266)
	at java.base/java.util.Objects.checkIndex(Objects.java:359)
	at java.base/java.util.ArrayList.get(ArrayList.java:427)
	at ESIC_HIS.ProductionScript.C13689_Miscellaneous_Changes_in_Clinical_Records.ESIC_HIS_Clinical_Records_Clinical_Records_Inpatient_Emergency_Patient_Click_on_Bed_IPD_Case_sheet_Diagnosis_TC_015(C13689_Miscellaneous_Changes_in_Clinical_Records.java:248)
	at java.base/java.util.ArrayList.forEach(ArrayList.java:1511)
... Removed 27 stack frames</pre></div><a href='#' onClick='toggleBox("stack-trace818010696", this, "Click to show all stack frames", "Click to hide stack frames")'>Click to show all stack frames</a>
<div class='stack-trace' id='stack-trace818010696'><pre>java.lang.IndexOutOfBoundsException: Index 2 out of bounds for length 1
	at java.base/jdk.internal.util.Preconditions.outOfBounds(Preconditions.java:64)
	at java.base/jdk.internal.util.Preconditions.outOfBoundsCheckIndex(Preconditions.java:70)
	at java.base/jdk.internal.util.Preconditions.checkIndex(Preconditions.java:266)
	at java.base/java.util.Objects.checkIndex(Objects.java:359)
	at java.base/java.util.ArrayList.get(ArrayList.java:427)
	at ESIC_HIS.ProductionScript.C13689_Miscellaneous_Changes_in_Clinical_Records.ESIC_HIS_Clinical_Records_Clinical_Records_Inpatient_Emergency_Patient_Click_on_Bed_IPD_Case_sheet_Diagnosis_TC_015(C13689_Miscellaneous_Changes_in_Clinical_Records.java:248)
	at java.base/jdk.internal.reflect.NativeMethodAccessorImpl.invoke0(Native Method)
	at java.base/jdk.internal.reflect.NativeMethodAccessorImpl.invoke(NativeMethodAccessorImpl.java:78)
	at java.base/jdk.internal.reflect.DelegatingMethodAccessorImpl.invoke(DelegatingMethodAccessorImpl.java:43)
	at java.base/java.lang.reflect.Method.invoke(Method.java:567)
	at org.testng.internal.MethodInvocationHelper.invokeMethod(MethodInvocationHelper.java:133)
	at org.testng.internal.TestInvoker.invokeMethod(TestInvoker.java:598)
	at org.testng.internal.TestInvoker.invokeTestMethod(TestInvoker.java:173)
	at org.testng.internal.MethodRunner.runInSequence(MethodRunner.java:46)
	at org.testng.internal.TestInvoker$MethodInvocationAgent.invoke(TestInvoker.java:824)
	at org.testng.internal.TestInvoker.invokeTestMethods(TestInvoker.java:146)
	at org.testng.internal.TestMethodWorker.invokeTestMethods(TestMethodWorker.java:146)
	at org.testng.internal.TestMethodWorker.run(TestMethodWorker.java:128)
	at java.base/java.util.ArrayList.forEach(ArrayList.java:1511)
	at org.testng.TestRunner.privateRun(TestRunner.java:794)
	at org.testng.TestRunner.run(TestRunner.java:596)
	at org.testng.SuiteRunner.runTest(SuiteRunner.java:377)
	at org.testng.SuiteRunner.runSequentially(SuiteRunner.java:371)
	at org.testng.SuiteRunner.privateRun(SuiteRunner.java:332)
	at org.testng.SuiteRunner.run(SuiteRunner.java:276)
	at org.testng.SuiteRunnerWorker.runSuite(SuiteRunnerWorker.java:53)
	at org.testng.SuiteRunnerWorker.run(SuiteRunnerWorker.java:96)
	at org.testng.TestNG.runSuitesSequentially(TestNG.java:1212)
	at org.testng.TestNG.runSuitesLocally(TestNG.java:1134)
	at org.testng.TestNG.runSuites(TestNG.java:1063)
	at org.testng.TestNG.run(TestNG.java:1031)
	at org.testng.remote.AbstractRemoteTestNG.run(AbstractRemoteTestNG.java:115)
	at org.testng.remote.RemoteTestNG.initAndRun(RemoteTestNG.java:251)
	at org.testng.remote.RemoteTestNG.main(RemoteTestNG.java:77)
</pre></div></td>
<td>5</td>
<td>ESIC_HIS.ProductionScript.C13689_Miscellaneous_Changes_in_Clinical_Records@1951b871</td></tr>
<tr>
<td title='ESIC_HIS.ProductionScript.C13689_Miscellaneous_Changes_in_Clinical_Records.ESIC_HIS_Clinical_Records_Dr_Worklist_casesheet_add_DiagnosWithoutICDCode_Diagnosis_TC_010()'><b>ESIC_HIS_Clinical_Records_Dr_Worklist_casesheet_add_DiagnosWithoutICDCode_Diagnosis_TC_010</b><br>Test class: ESIC_HIS.ProductionScript.C13689_Miscellaneous_Changes_in_Clinical_Records<br>Parameters: Firefox</td>
<td><div><pre>java.lang.NullPointerException: Cannot invoke &quot;com.qa.pages.Miscellaneous_Changes_in_Clinical_RecordsPage.getprescriptionLink()&quot; because &quot;this.MCICRP&quot; is null
	at ESIC_HIS.ProductionScript.C13689_Miscellaneous_Changes_in_Clinical_Records.ESIC_HIS_Clinical_Records_Dr_Worklist_casesheet_add_DiagnosWithoutICDCode_Diagnosis_TC_010(C13689_Miscellaneous_Changes_in_Clinical_Records.java:179)
	at java.base/java.util.ArrayList.forEach(ArrayList.java:1511)
... Removed 27 stack frames</pre></div><a href='#' onClick='toggleBox("stack-trace560897187", this, "Click to show all stack frames", "Click to hide stack frames")'>Click to show all stack frames</a>
<div class='stack-trace' id='stack-trace560897187'><pre>java.lang.NullPointerException: Cannot invoke &quot;com.qa.pages.Miscellaneous_Changes_in_Clinical_RecordsPage.getprescriptionLink()&quot; because &quot;this.MCICRP&quot; is null
	at ESIC_HIS.ProductionScript.C13689_Miscellaneous_Changes_in_Clinical_Records.ESIC_HIS_Clinical_Records_Dr_Worklist_casesheet_add_DiagnosWithoutICDCode_Diagnosis_TC_010(C13689_Miscellaneous_Changes_in_Clinical_Records.java:179)
	at java.base/jdk.internal.reflect.NativeMethodAccessorImpl.invoke0(Native Method)
	at java.base/jdk.internal.reflect.NativeMethodAccessorImpl.invoke(NativeMethodAccessorImpl.java:78)
	at java.base/jdk.internal.reflect.DelegatingMethodAccessorImpl.invoke(DelegatingMethodAccessorImpl.java:43)
	at java.base/java.lang.reflect.Method.invoke(Method.java:567)
	at org.testng.internal.MethodInvocationHelper.invokeMethod(MethodInvocationHelper.java:133)
	at org.testng.internal.TestInvoker.invokeMethod(TestInvoker.java:598)
	at org.testng.internal.TestInvoker.invokeTestMethod(TestInvoker.java:173)
	at org.testng.internal.MethodRunner.runInSequence(MethodRunner.java:46)
	at org.testng.internal.TestInvoker$MethodInvocationAgent.invoke(TestInvoker.java:824)
	at org.testng.internal.TestInvoker.invokeTestMethods(TestInvoker.java:146)
	at org.testng.internal.TestMethodWorker.invokeTestMethods(TestMethodWorker.java:146)
	at org.testng.internal.TestMethodWorker.run(TestMethodWorker.java:128)
	at java.base/java.util.ArrayList.forEach(ArrayList.java:1511)
	at org.testng.TestRunner.privateRun(TestRunner.java:794)
	at org.testng.TestRunner.run(TestRunner.java:596)
	at org.testng.SuiteRunner.runTest(SuiteRunner.java:377)
	at org.testng.SuiteRunner.runSequentially(SuiteRunner.java:371)
	at org.testng.SuiteRunner.privateRun(SuiteRunner.java:332)
	at org.testng.SuiteRunner.run(SuiteRunner.java:276)
	at org.testng.SuiteRunnerWorker.runSuite(SuiteRunnerWorker.java:53)
	at org.testng.SuiteRunnerWorker.run(SuiteRunnerWorker.java:96)
	at org.testng.TestNG.runSuitesSequentially(TestNG.java:1212)
	at org.testng.TestNG.runSuitesLocally(TestNG.java:1134)
	at org.testng.TestNG.runSuites(TestNG.java:1063)
	at org.testng.TestNG.run(TestNG.java:1031)
	at org.testng.remote.AbstractRemoteTestNG.run(AbstractRemoteTestNG.java:115)
	at org.testng.remote.RemoteTestNG.initAndRun(RemoteTestNG.java:251)
	at org.testng.remote.RemoteTestNG.main(RemoteTestNG.java:77)
</pre></div></td>
<td>0</td>
<td>ESIC_HIS.ProductionScript.C13689_Miscellaneous_Changes_in_Clinical_Records@1951b871</td></tr>
<tr>
<td title='ESIC_HIS.ProductionScript.C13689_Miscellaneous_Changes_in_Clinical_Records.ESIC_HIS_Location_and_Facility_Selection_Clinical_Records_Dr_Worklist_ESIC_Employee_Esic_Pensioner_insurance_number_Search_Icon_Functionality_TC_008()'><b>ESIC_HIS_Location_and_Facility_Selection_Clinical_Records_Dr_Worklist_ESIC_Employee_Esic_Pensioner_insurance_number_Search_Icon_Functionality_TC_008</b><br>Test class: ESIC_HIS.ProductionScript.C13689_Miscellaneous_Changes_in_Clinical_Records<br>Parameters: Firefox</td>
<td><div><pre>java.lang.NullPointerException: Cannot invoke &quot;com.qa.pages.Miscellaneous_Changes_in_Clinical_RecordsPage.getRegistrationLink()&quot; because &quot;this.MCICRP&quot; is null
	at ESIC_HIS.ProductionScript.C13689_Miscellaneous_Changes_in_Clinical_Records.ESIC_HIS_Location_and_Facility_Selection_Clinical_Records_Dr_Worklist_ESIC_Employee_Esic_Pensioner_insurance_number_Search_Icon_Functionality_TC_008(C13689_Miscellaneous_Changes_in_Clinical_Records.java:128)
	at java.base/java.util.ArrayList.forEach(ArrayList.java:1511)
... Removed 27 stack frames</pre></div><a href='#' onClick='toggleBox("stack-trace865430810", this, "Click to show all stack frames", "Click to hide stack frames")'>Click to show all stack frames</a>
<div class='stack-trace' id='stack-trace865430810'><pre>java.lang.NullPointerException: Cannot invoke &quot;com.qa.pages.Miscellaneous_Changes_in_Clinical_RecordsPage.getRegistrationLink()&quot; because &quot;this.MCICRP&quot; is null
	at ESIC_HIS.ProductionScript.C13689_Miscellaneous_Changes_in_Clinical_Records.ESIC_HIS_Location_and_Facility_Selection_Clinical_Records_Dr_Worklist_ESIC_Employee_Esic_Pensioner_insurance_number_Search_Icon_Functionality_TC_008(C13689_Miscellaneous_Changes_in_Clinical_Records.java:128)
	at java.base/jdk.internal.reflect.NativeMethodAccessorImpl.invoke0(Native Method)
	at java.base/jdk.internal.reflect.NativeMethodAccessorImpl.invoke(NativeMethodAccessorImpl.java:78)
	at java.base/jdk.internal.reflect.DelegatingMethodAccessorImpl.invoke(DelegatingMethodAccessorImpl.java:43)
	at java.base/java.lang.reflect.Method.invoke(Method.java:567)
	at org.testng.internal.MethodInvocationHelper.invokeMethod(MethodInvocationHelper.java:133)
	at org.testng.internal.TestInvoker.invokeMethod(TestInvoker.java:598)
	at org.testng.internal.TestInvoker.invokeTestMethod(TestInvoker.java:173)
	at org.testng.internal.MethodRunner.runInSequence(MethodRunner.java:46)
	at org.testng.internal.TestInvoker$MethodInvocationAgent.invoke(TestInvoker.java:824)
	at org.testng.internal.TestInvoker.invokeTestMethods(TestInvoker.java:146)
	at org.testng.internal.TestMethodWorker.invokeTestMethods(TestMethodWorker.java:146)
	at org.testng.internal.TestMethodWorker.run(TestMethodWorker.java:128)
	at java.base/java.util.ArrayList.forEach(ArrayList.java:1511)
	at org.testng.TestRunner.privateRun(TestRunner.java:794)
	at org.testng.TestRunner.run(TestRunner.java:596)
	at org.testng.SuiteRunner.runTest(SuiteRunner.java:377)
	at org.testng.SuiteRunner.runSequentially(SuiteRunner.java:371)
	at org.testng.SuiteRunner.privateRun(SuiteRunner.java:332)
	at org.testng.SuiteRunner.run(SuiteRunner.java:276)
	at org.testng.SuiteRunnerWorker.runSuite(SuiteRunnerWorker.java:53)
	at org.testng.SuiteRunnerWorker.run(SuiteRunnerWorker.java:96)
	at org.testng.TestNG.runSuitesSequentially(TestNG.java:1212)
	at org.testng.TestNG.runSuitesLocally(TestNG.java:1134)
	at org.testng.TestNG.runSuites(TestNG.java:1063)
	at org.testng.TestNG.run(TestNG.java:1031)
	at org.testng.remote.AbstractRemoteTestNG.run(AbstractRemoteTestNG.java:115)
	at org.testng.remote.RemoteTestNG.initAndRun(RemoteTestNG.java:251)
	at org.testng.remote.RemoteTestNG.main(RemoteTestNG.java:77)
</pre></div></td>
<td>2</td>
<td>ESIC_HIS.ProductionScript.C13689_Miscellaneous_Changes_in_Clinical_Records@1951b871</td></tr>
</table><p>
</body>
</html>