<?xml version="1.0" encoding="UTF-8"?>
<!-- Generated by org.testng.reporters.JUnitXMLReporter -->
<testsuite ignored="0" hostname="DESKTOP-D23LR3J" failures="0" tests="11" name="Opera" time="6.129" errors="0" timestamp="2023-05-09T12:48:07 IST">
  <testcase classname="ESIC_HIS.ProductionScript.CrossBrowser" name="@BeforeClass setup" time="5.251">
    <failure type="org.openqa.selenium.SessionNotCreatedException" message="Could not start a new session. session not created: This version of OperaDriver only supports Opera version 105
Current browser version is 112.0.5615.165 with binary path C:\Users\Kulvir Singh\AppData\Local\Programs\Opera\98.0.4759.15\opera.exe
  (Driver info: operadriver=105.0.5195.102 (4c16f5ffcc2da70ee2600d5db77bed423ac03a5a-refs/branch-heads/5195_55@{#4}),platform=Windows NT 10.0.19045 x86_64) (WARNING: The server did not provide any stacktrace information)
Command duration or timeout: 3.52 seconds
Build info: version: &amp;apos;4.0.0&amp;apos;, revision: &amp;apos;3a21814679&amp;apos;
System info: host: &amp;apos;DESKTOP-D23LR3J&amp;apos;, ip: &amp;apos;192.168.68.102&amp;apos;, os.name: &amp;apos;Windows 10&amp;apos;, os.arch: &amp;apos;amd64&amp;apos;, os.version: &amp;apos;10.0&amp;apos;, java.version: &amp;apos;16.0.2&amp;apos;
Driver info: org.openqa.selenium.opera.OperaDriver
Command: [null, newSession {capabilities=[Capabilities {browserName: opera}], desiredCapabilities=Capabilities {browserName: opera, operaOptions: {args: [start-maximized], extensions: []}}}]
Capabilities {}">
      <![CDATA[org.openqa.selenium.SessionNotCreatedException: Could not start a new session. session not created: This version of OperaDriver only supports Opera version 105
Current browser version is 112.0.5615.165 with binary path C:\Users\Kulvir Singh\AppData\Local\Programs\Opera\98.0.4759.15\opera.exe
  (Driver info: operadriver=105.0.5195.102 (4c16f5ffcc2da70ee2600d5db77bed423ac03a5a-refs/branch-heads/5195_55@{#4}),platform=Windows NT 10.0.19045 x86_64) (WARNING: The server did not provide any stacktrace information)
Command duration or timeout: 3.52 seconds
Build info: version: '4.0.0', revision: '3a21814679'
System info: host: 'DESKTOP-D23LR3J', ip: '192.168.68.102', os.name: 'Windows 10', os.arch: 'amd64', os.version: '10.0', java.version: '16.0.2'
Driver info: org.openqa.selenium.opera.OperaDriver
Command: [null, newSession {capabilities=[Capabilities {browserName: opera}], desiredCapabilities=Capabilities {browserName: opera, operaOptions: {args: [start-maximized], extensions: []}}}]
Capabilities {}
at org.openqa.selenium.remote.ErrorHandler.createThrowable(ErrorHandler.java:217)
at org.openqa.selenium.remote.ErrorHandler.throwIfResponseFailed(ErrorHandler.java:169)
at org.openqa.selenium.remote.JsonWireProtocolResponse.lambda$errorHandler$0(JsonWireProtocolResponse.java:54)
at org.openqa.selenium.remote.HandshakeResponse.lambda$getResponseFunction$0(HandshakeResponse.java:30)
at org.openqa.selenium.remote.ProtocolHandshake.lambda$createSession$1(ProtocolHandshake.java:133)
at java.base/java.util.stream.ReferencePipeline$3$1.accept(ReferencePipeline.java:197)
at java.base/java.util.Spliterators$ArraySpliterator.tryAdvance(Spliterators.java:958)
at java.base/java.util.stream.ReferencePipeline.forEachWithCancel(ReferencePipeline.java:129)
at java.base/java.util.stream.AbstractPipeline.copyIntoWithCancel(AbstractPipeline.java:502)
at java.base/java.util.stream.AbstractPipeline.copyInto(AbstractPipeline.java:488)
at java.base/java.util.stream.AbstractPipeline.wrapAndCopyInto(AbstractPipeline.java:474)
at java.base/java.util.stream.FindOps$FindOp.evaluateSequential(FindOps.java:150)
at java.base/java.util.stream.AbstractPipeline.evaluate(AbstractPipeline.java:234)
at java.base/java.util.stream.ReferencePipeline.findFirst(ReferencePipeline.java:647)
at org.openqa.selenium.remote.ProtocolHandshake.createSession(ProtocolHandshake.java:135)
at org.openqa.selenium.remote.ProtocolHandshake.createSession(ProtocolHandshake.java:84)
at org.openqa.selenium.remote.ProtocolHandshake.createSession(ProtocolHandshake.java:62)
at org.openqa.selenium.remote.HttpCommandExecutor.execute(HttpCommandExecutor.java:156)
at org.openqa.selenium.remote.service.DriverCommandExecutor.invokeExecute(DriverCommandExecutor.java:164)
at org.openqa.selenium.remote.service.DriverCommandExecutor.execute(DriverCommandExecutor.java:139)
at org.openqa.selenium.remote.RemoteWebDriver.execute(RemoteWebDriver.java:559)
at org.openqa.selenium.remote.RemoteWebDriver.startSession(RemoteWebDriver.java:246)
at org.openqa.selenium.remote.RemoteWebDriver.<init>(RemoteWebDriver.java:168)
at org.openqa.selenium.opera.OperaDriver.<init>(OperaDriver.java:111)
at org.openqa.selenium.opera.OperaDriver.<init>(OperaDriver.java:98)
at org.openqa.selenium.opera.OperaDriver.<init>(OperaDriver.java:87)
at ESIC_HIS.ProductionScript.CrossBrowser.setup(CrossBrowser.java:132)
at java.base/java.util.ArrayList.forEach(ArrayList.java:1511)
... Removed 30 stack frames]]>
    </failure>
  </testcase> <!-- @BeforeClass setup -->
  <testcase classname="ESIC_HIS.ProductionScript.CDRTest" name="doLoginTest" time="0.0">
    <skipped/>
  </testcase> <!-- doLoginTest -->
  <testcase classname="ESIC_HIS.ProductionScript.CDRTest" name="doNavigateToSelectHospitalLocationTest" time="0.0">
    <skipped/>
  </testcase> <!-- doNavigateToSelectHospitalLocationTest -->
  <testcase classname="ESIC_HIS.ProductionScript.CDRTest" name="doNavigateToHISHomeTest" time="0.0">
    <skipped/>
  </testcase> <!-- doNavigateToHISHomeTest -->
  <testcase classname="ESIC_HIS.ProductionScript.CDRTest" name="doNavigateToCDRTest" time="0.0">
    <skipped/>
  </testcase> <!-- doNavigateToCDRTest -->
  <testcase classname="ESIC_HIS.ProductionScript.CDRTest" name="CDR_Patient_Folder_TC_03" time="0.0">
    <skipped/>
  </testcase> <!-- CDR_Patient_Folder_TC_03 -->
  <testcase classname="ESIC_HIS.ProductionScript.CDRTest" name="CDR_Patient_Folder_TC_04" time="0.0">
    <skipped/>
  </testcase> <!-- CDR_Patient_Folder_TC_04 -->
  <testcase classname="ESIC_HIS.ProductionScript.CDRTest" name="CDR_Patient_Folder_TC_05" time="0.0">
    <skipped/>
  </testcase> <!-- CDR_Patient_Folder_TC_05 -->
  <testcase classname="ESIC_HIS.ProductionScript.CDRTest" name="CDR_Patient_Folder_TC_06" time="0.0">
    <skipped/>
  </testcase> <!-- CDR_Patient_Folder_TC_06 -->
  <testcase classname="ESIC_HIS.ProductionScript.CDRTest" name="CDR_Patient_Folder_TC_09" time="0.0">
    <skipped/>
  </testcase> <!-- CDR_Patient_Folder_TC_09 -->
  <testcase classname="ESIC_HIS.ProductionScript.CDRTest" name="CDR_Patient_Folder_TC_07" time="0.0">
    <skipped/>
  </testcase> <!-- CDR_Patient_Folder_TC_07 -->
  <testcase classname="ESIC_HIS.ProductionScript.CDRTest" name="CDR_Patient_Folder_TC_08" time="0.0">
    <skipped/>
  </testcase> <!-- CDR_Patient_Folder_TC_08 -->
</testsuite> <!-- Opera -->
