<?xml version="1.0" encoding="UTF-8"?>
<!-- Generated by org.testng.reporters.JUnitXMLReporter -->
<testsuite ignored="10" hostname="DESKTOP-V3HC333" failures="1" tests="1" name="Default test(failed)" time="0.193" errors="0" timestamp="2023-11-09T11:15:00 IST">
  <testcase classname="com.qa.HIS.BrowserCompatibility_HIS.CrossBrowser" name="@BeforeClass setup" time="-1.699508700444E9">
    <failure type="org.testng.TestNGException" message="
Parameter &amp;apos;browser&amp;apos; is required by BeforeClass on method setup but has not been marked @Optional or defined
in E:\Automation Workspace\BrowserCompatibility_HIS\BrowserCompatibility_HIS\test-output\testng-failed.xml">
      <![CDATA[org.testng.TestNGException: 
Parameter 'browser' is required by BeforeClass on method setup but has not been marked @Optional or defined
in E:\Automation Workspace\BrowserCompatibility_HIS\BrowserCompatibility_HIS\test-output\testng-failed.xml
at java.base/java.util.ArrayList.forEach(ArrayList.java:1511)
... Removed 22 stack frames]]>
    </failure>
  </testcase> <!-- @BeforeClass setup -->
  <testcase classname="com.qa.HIS.BrowserCompatibility_HIS.UHIDPageTest" name="To_Check_Functionality_SaveButton" time="0.0">
    <failure type="org.testng.TestNGException" message="
Parameter &amp;apos;browser&amp;apos; is required by @Test on method To_Check_Functionality_SaveButton but has not been marked @Optional or defined
in E:\Automation Workspace\BrowserCompatibility_HIS\BrowserCompatibility_HIS\test-output\testng-failed.xml">
      <![CDATA[org.testng.TestNGException: 
Parameter 'browser' is required by @Test on method To_Check_Functionality_SaveButton but has not been marked @Optional or defined
in E:\Automation Workspace\BrowserCompatibility_HIS\BrowserCompatibility_HIS\test-output\testng-failed.xml
at java.base/java.util.ArrayList.forEach(ArrayList.java:1511)
... Removed 26 stack frames]]>
    </failure>
  </testcase> <!-- To_Check_Functionality_SaveButton -->
  <testcase classname="com.qa.HIS.BrowserCompatibility_HIS.UHIDPageTest" name="To_Check_Functionality_UpdateButton" time="0.0">
    <ignored/>
  </testcase> <!-- To_Check_Functionality_UpdateButton -->
  <testcase classname="com.qa.HIS.BrowserCompatibility_HIS.UHIDPageTest" name="Search_Patient_detailBy_IPnumberwith_nagative_Scenario" time="0.0">
    <ignored/>
  </testcase> <!-- Search_Patient_detailBy_IPnumberwith_nagative_Scenario -->
  <testcase classname="com.qa.HIS.BrowserCompatibility_HIS.UHIDPageTest" name="doNavigateToUHIDcreationLinkTest" time="0.0">
    <ignored/>
  </testcase> <!-- doNavigateToUHIDcreationLinkTest -->
  <testcase classname="com.qa.HIS.BrowserCompatibility_HIS.UHIDPageTest" name="Check_FunctionalityOf_ClearButton" time="0.0">
    <ignored/>
  </testcase> <!-- Check_FunctionalityOf_ClearButton -->
  <testcase classname="com.qa.HIS.BrowserCompatibility_HIS.UHIDPageTest" name="To_Check_Functionality_UHIDSearch" time="0.0">
    <ignored/>
  </testcase> <!-- To_Check_Functionality_UHIDSearch -->
  <testcase classname="com.qa.HIS.BrowserCompatibility_HIS.UHIDPageTest" name="Check_the_Functionality_Of_OPDNumber" time="0.0">
    <ignored/>
  </testcase> <!-- Check_the_Functionality_Of_OPDNumber -->
  <testcase classname="com.qa.HIS.BrowserCompatibility_HIS.UHIDPageTest" name="doLoginTest" time="0.0">
    <ignored/>
  </testcase> <!-- doLoginTest -->
  <testcase classname="com.qa.HIS.BrowserCompatibility_HIS.UHIDPageTest" name="doNavigateToHISHomeTest" time="0.0">
    <ignored/>
  </testcase> <!-- doNavigateToHISHomeTest -->
  <testcase classname="com.qa.HIS.BrowserCompatibility_HIS.UHIDPageTest" name="doNavigateToSelectHospitalLocationTest" time="0.0">
    <ignored/>
  </testcase> <!-- doNavigateToSelectHospitalLocationTest -->
  <testcase classname="com.qa.HIS.BrowserCompatibility_HIS.UHIDPageTest" name="Search_Patient_detailBy_IPnumber" time="0.0">
    <ignored/>
  </testcase> <!-- Search_Patient_detailBy_IPnumber -->
</testsuite> <!-- Default test(failed) -->
