<?xml version="1.0" encoding="UTF-8"?>
<!-- Generated by org.testng.reporters.JUnitXMLReporter -->
<testsuite ignored="0" hostname="DESKTOP-D23LR3J" failures="4" tests="9" name="Test2" time="205.532" errors="0" timestamp="2022-03-29T19:14:50 IST">
  <testcase classname="com.qa.tests.PatientCheckInTest" name="doLoginTest" time="1.468"/>
  <testcase classname="com.qa.tests.PatientCheckInTest" name="doNavigateToSelectHospitalLocationTest" time="2.34"/>
  <testcase classname="com.qa.tests.PatientCheckInTest" name="doNavigateToHISHomeTest" time="1.443"/>
  <testcase classname="com.qa.tests.PatientCheckInTest" name="doNavigateToPatientCheckInTest" time="0.826"/>
  <testcase classname="com.qa.tests.PatientCheckInTest" name="verifyPatientCheckInPageTitleTest" time="0.018"/>
  <testcase classname="com.qa.tests.PatientCheckInTest" name="doPatientCheckINTest" time="15.781">
    <failure type="org.openqa.selenium.WebDriverException" message="Element is not clickable at point (867.5, 517). Other element would receive the click: &amp;lt;div style=&amp;quot;position: absolute; z-index: 99998; top: 0px; left: 0px; width: 100%; height: 676px; background: rgb(255, 255, 255) none repeat scroll 0% 0%; opacity: 0.01;&amp;quot; id=&amp;quot;popup_overlay&amp;quot;&amp;gt;&amp;lt;/div&amp;gt;
Command duration or timeout: 75 milliseconds
Build info: version: &amp;apos;2.53.0&amp;apos;, revision: &amp;apos;35ae25b1534ae328c771e0856c93e187490ca824&amp;apos;, time: &amp;apos;2016-03-15 10:43:46&amp;apos;
System info: host: &amp;apos;DESKTOP-D23LR3J&amp;apos;, ip: &amp;apos;169.254.64.180&amp;apos;, os.name: &amp;apos;Windows 10&amp;apos;, os.arch: &amp;apos;amd64&amp;apos;, os.version: &amp;apos;10.0&amp;apos;, java.version: &amp;apos;16.0.2&amp;apos;
Driver info: org.openqa.selenium.firefox.FirefoxDriver
Capabilities [{applicationCacheEnabled=true, rotatable=false, handlesAlerts=true, databaseEnabled=true, version=40.0.3, platform=WINDOWS, nativeEvents=false, acceptSslCerts=true, webStorageEnabled=true, locationContextEnabled=true, browserName=firefox, takesScreenshot=true, javascriptEnabled=true, cssSelectorsEnabled=true}]
Session ID: f25cd288-a8ee-4e2c-b96b-c4fd9c3d7bca">
      <![CDATA[org.openqa.selenium.WebDriverException: Element is not clickable at point (867.5, 517). Other element would receive the click: <div style="position: absolute; z-index: 99998; top: 0px; left: 0px; width: 100%; height: 676px; background: rgb(255, 255, 255) none repeat scroll 0% 0%; opacity: 0.01;" id="popup_overlay"></div>
Command duration or timeout: 75 milliseconds
Build info: version: '2.53.0', revision: '35ae25b1534ae328c771e0856c93e187490ca824', time: '2016-03-15 10:43:46'
System info: host: 'DESKTOP-D23LR3J', ip: '169.254.64.180', os.name: 'Windows 10', os.arch: 'amd64', os.version: '10.0', java.version: '16.0.2'
Driver info: org.openqa.selenium.firefox.FirefoxDriver
Capabilities [{applicationCacheEnabled=true, rotatable=false, handlesAlerts=true, databaseEnabled=true, version=40.0.3, platform=WINDOWS, nativeEvents=false, acceptSslCerts=true, webStorageEnabled=true, locationContextEnabled=true, browserName=firefox, takesScreenshot=true, javascriptEnabled=true, cssSelectorsEnabled=true}]
Session ID: f25cd288-a8ee-4e2c-b96b-c4fd9c3d7bca
at org.openqa.selenium.remote.ErrorHandler.createThrowable(ErrorHandler.java:206)
at org.openqa.selenium.remote.ErrorHandler.throwIfResponseFailed(ErrorHandler.java:158)
at org.openqa.selenium.remote.RemoteWebDriver.execute(RemoteWebDriver.java:678)
at org.openqa.selenium.remote.RemoteWebElement.execute(RemoteWebElement.java:327)
at org.openqa.selenium.remote.RemoteWebElement.click(RemoteWebElement.java:85)
at com.qa.tests.PatientCheckInTest.doPatientCheckINTest(PatientCheckInTest.java:74)
at java.base/java.util.ArrayList.forEach(ArrayList.java:1511)
... Removed 32 stack frames]]>
    </failure>
  </testcase> <!-- doPatientCheckINTest -->
  <testcase classname="com.qa.tests.PatientCheckInTest" name="dogetPatientChekIn" time="57.674">
    <failure type="java.lang.NullPointerException" message="Cannot invoke &amp;quot;org.openqa.selenium.WebElement.click()&amp;quot; because the return value of &amp;quot;com.qa.pages.PatientCheckInPage.getclearbuttonLink()&amp;quot; is null">
      <![CDATA[java.lang.NullPointerException: Cannot invoke "org.openqa.selenium.WebElement.click()" because the return value of "com.qa.pages.PatientCheckInPage.getclearbuttonLink()" is null
at com.qa.tests.PatientCheckInTest.dogetPatientChekIn(PatientCheckInTest.java:95)
at java.base/java.util.ArrayList.forEach(ArrayList.java:1511)
... Removed 27 stack frames]]>
    </failure>
  </testcase> <!-- dogetPatientChekIn -->
  <testcase classname="com.qa.tests.PatientCheckInTest" name="doTestRefferls" time="32.199">
    <failure type="java.lang.NullPointerException" message="Cannot invoke &amp;quot;org.openqa.selenium.WebElement.click()&amp;quot; because the return value of &amp;quot;com.qa.pages.PatientCheckInPage.getrefferlsLink()&amp;quot; is null">
      <![CDATA[java.lang.NullPointerException: Cannot invoke "org.openqa.selenium.WebElement.click()" because the return value of "com.qa.pages.PatientCheckInPage.getrefferlsLink()" is null
at com.qa.tests.PatientCheckInTest.doTestRefferls(PatientCheckInTest.java:103)
at java.base/java.util.ArrayList.forEach(ArrayList.java:1511)
... Removed 27 stack frames]]>
    </failure>
  </testcase> <!-- doTestRefferls -->
  <testcase classname="com.qa.tests.PatientCheckInTest" name="doTestTodays_Appointment_Button" time="90.579">
    <failure type="java.lang.NullPointerException" message="Cannot invoke &amp;quot;org.openqa.selenium.WebElement.click()&amp;quot; because the return value of &amp;quot;com.qa.pages.SelectHospitalLocationPage.getSubmit()&amp;quot; is null">
      <![CDATA[java.lang.NullPointerException: Cannot invoke "org.openqa.selenium.WebElement.click()" because the return value of "com.qa.pages.SelectHospitalLocationPage.getSubmit()" is null
at com.qa.pages.SelectHospitalLocationPage.doNavigateToHISHome(SelectHospitalLocationPage.java:54)
at com.qa.tests.PatientCheckInTest.doTestTodays_Appointment_Button(PatientCheckInTest.java:121)
at java.base/java.util.ArrayList.forEach(ArrayList.java:1511)
... Removed 27 stack frames]]>
    </failure>
  </testcase> <!-- doTestTodays_Appointment_Button -->
</testsuite> <!-- Test2 -->
