<?xml version="1.0" encoding="UTF-8"?>
<!-- Generated by org.testng.reporters.JUnitXMLReporter -->
<testsuite hostname="DESKTOP-D23LR3J" failures="3" tests="8" name="Test16" time="114.129" errors="0" timestamp="23 Jul 2021 17:25:20 GMT">
  <testcase classname="com.qa.tests.ANMServicesTest" name="doLoginTest" time="1.594"/>
  <testcase classname="com.qa.tests.ANMServicesTest" name="doNavigateToSelectHospitalLocationTest" time="5.742"/>
  <testcase classname="com.qa.tests.ANMServicesTest" name="doNavigateToHISHomeTest" time="2.293"/>
  <testcase classname="com.qa.tests.ANMServicesTest" name="doNavigateToPatientCheckInTest" time="2.027"/>
  <testcase classname="com.qa.tests.ANMServicesTest" name="doPatientCheckINTest" time="35.174"/>
  <testcase classname="com.qa.tests.ANMServicesTest" name="doNavigateToDoctorWorklistTest" time="62.955">
    <failure type="java.lang.NullPointerException">
      <![CDATA[java.lang.NullPointerException
	at com.qa.pages.HISHomePage.doNavigateToDoctorWorklistLink(HISHomePage.java:453)
	at com.qa.tests.ANMServicesTest.doNavigateToDoctorWorklistTest(ANMServicesTest.java:78)
... Removed 24 stack frames]]>
    </failure>
  </testcase> <!-- doNavigateToDoctorWorklistTest -->
  <testcase classname="com.qa.tests.ANMServicesTest" name="doCasesheetprecripstionTest" time="0.0">
    <failure type="java.lang.NullPointerException">
      <![CDATA[java.lang.NullPointerException
	at com.qa.tests.ANMServicesTest.doCasesheetprecripstionTest(ANMServicesTest.java:90)
... Removed 24 stack frames]]>
    </failure>
  </testcase> <!-- doCasesheetprecripstionTest -->
  <testcase classname="com.qa.tests.ANMServicesTest" name="doANMServicesTest" time="0.009">
    <failure type="org.openqa.selenium.NoSuchWindowException" message="Window not found. The browser window may have been closed.
Command duration or timeout: 9 milliseconds
Build info: version: &amp;apos;2.53.0&amp;apos;, revision: &amp;apos;35ae25b1534ae328c771e0856c93e187490ca824&amp;apos;, time: &amp;apos;2016-03-15 10:43:46&amp;apos;
System info: host: &amp;apos;DESKTOP-D23LR3J&amp;apos;, ip: &amp;apos;192.168.17.2&amp;apos;, os.name: &amp;apos;Windows 10&amp;apos;, os.arch: &amp;apos;amd64&amp;apos;, os.version: &amp;apos;10.0&amp;apos;, java.version: &amp;apos;13.0.2&amp;apos;
Driver info: org.openqa.selenium.firefox.FirefoxDriver
Capabilities [{applicationCacheEnabled=true, rotatable=false, handlesAlerts=true, databaseEnabled=true, version=45.0.1, platform=WINDOWS, nativeEvents=false, acceptSslCerts=true, webStorageEnabled=true, locationContextEnabled=true, browserName=firefox, takesScreenshot=true, javascriptEnabled=true, cssSelectorsEnabled=true}]
Session ID: 875c0129-9a59-47b3-af3c-865dbbeac20b
*** Element info: {Using=xpath, value=//*[@id=&amp;apos;ctl00_cphpage_lblCheckinNO_OP&amp;apos;]}">
      <![CDATA[org.openqa.selenium.NoSuchWindowException: Window not found. The browser window may have been closed.
Command duration or timeout: 9 milliseconds
Build info: version: '2.53.0', revision: '35ae25b1534ae328c771e0856c93e187490ca824', time: '2016-03-15 10:43:46'
System info: host: 'DESKTOP-D23LR3J', ip: '192.168.17.2', os.name: 'Windows 10', os.arch: 'amd64', os.version: '10.0', java.version: '13.0.2'
Driver info: org.openqa.selenium.firefox.FirefoxDriver
Capabilities [{applicationCacheEnabled=true, rotatable=false, handlesAlerts=true, databaseEnabled=true, version=45.0.1, platform=WINDOWS, nativeEvents=false, acceptSslCerts=true, webStorageEnabled=true, locationContextEnabled=true, browserName=firefox, takesScreenshot=true, javascriptEnabled=true, cssSelectorsEnabled=true}]
Session ID: 875c0129-9a59-47b3-af3c-865dbbeac20b
*** Element info: {Using=xpath, value=//*[@id='ctl00_cphpage_lblCheckinNO_OP']}
	at org.openqa.selenium.remote.ErrorHandler.createThrowable(ErrorHandler.java:206)
	at org.openqa.selenium.remote.ErrorHandler.throwIfResponseFailed(ErrorHandler.java:158)
	at org.openqa.selenium.remote.RemoteWebDriver.execute(RemoteWebDriver.java:678)
	at org.openqa.selenium.remote.RemoteWebDriver.findElement(RemoteWebDriver.java:363)
	at org.openqa.selenium.remote.RemoteWebDriver.findElementByXPath(RemoteWebDriver.java:500)
	at org.openqa.selenium.By$ByXPath.findElement(By.java:361)
	at org.openqa.selenium.remote.RemoteWebDriver.findElement(RemoteWebDriver.java:355)
	at com.qa.tests.ANMServicesTest.doANMServicesTest(ANMServicesTest.java:103)
Caused by: org.openqa.selenium.NoSuchWindowException: Window not found. The browser window may have been closed.
Build info: version: '2.53.0', revision: '35ae25b1534ae328c771e0856c93e187490ca824', time: '2016-03-15 10:43:46'
System info: host: 'DESKTOP-D23LR3J', ip: '192.168.17.2', os.name: 'Windows 10', os.arch: 'amd64', os.version: '10.0', java.version: '13.0.2'
Driver info: driver.version: unknown
	at <anonymous class>.nsCommandProcessor.prototype.execute(file:///C:/Users/KULVIR~1/AppData/Local/Temp/anonymous10571169166741480784webdriver-profile/extensions/fxdriver@googlecode.com/components/command-processor.js:12719)
	at <anonymous class>.Dispatcher.executeAs/<(file:///C:/Users/KULVIR~1/AppData/Local/Temp/anonymous10571169166741480784webdriver-profile/extensions/fxdriver@googlecode.com/components/driver-component.js:9558)
	at <anonymous class>.Resource.prototype.handle(file:///C:/Users/KULVIR~1/AppData/Local/Temp/anonymous10571169166741480784webdriver-profile/extensions/fxdriver@googlecode.com/components/driver-component.js:9705)
	at <anonymous class>.Dispatcher.prototype.dispatch(file:///C:/Users/KULVIR~1/AppData/Local/Temp/anonymous10571169166741480784webdriver-profile/extensions/fxdriver@googlecode.com/components/driver-component.js:9652)
	at <anonymous class>.WebDriverServer/<.handle(file:///C:/Users/KULVIR~1/AppData/Local/Temp/anonymous10571169166741480784webdriver-profile/extensions/fxdriver@googlecode.com/components/driver-component.js:12517)
	at <anonymous class>.createHandlerFunc/<(file:///C:/Users/KULVIR~1/AppData/Local/Temp/anonymous10571169166741480784webdriver-profile/extensions/fxdriver@googlecode.com/components/httpd.js:2054)
	at <anonymous class>.ServerHandler.prototype.handleResponse(file:///C:/Users/KULVIR~1/AppData/Local/Temp/anonymous10571169166741480784webdriver-profile/extensions/fxdriver@googlecode.com/components/httpd.js:2387)
	at <anonymous class>.Connection.prototype.process(file:///C:/Users/KULVIR~1/AppData/Local/Temp/anonymous10571169166741480784webdriver-profile/extensions/fxdriver@googlecode.com/components/httpd.js:1223)
	at <anonymous class>.RequestReader.prototype._handleResponse(file:///C:/Users/KULVIR~1/AppData/Local/Temp/anonymous10571169166741480784webdriver-profile/extensions/fxdriver@googlecode.com/components/httpd.js:1677)
	at <anonymous class>.RequestReader.prototype._processBody(file:///C:/Users/KULVIR~1/AppData/Local/Temp/anonymous10571169166741480784webdriver-profile/extensions/fxdriver@googlecode.com/components/httpd.js:1525)
	at <anonymous class>.RequestReader.prototype.onInputStreamReady(file:///C:/Users/KULVIR~1/AppData/Local/Temp/anonymous10571169166741480784webdriver-profile/extensions/fxdriver@googlecode.com/components/httpd.js:1393)
... Removed 28 stack frames]]>
    </failure>
  </testcase> <!-- doANMServicesTest -->
</testsuite> <!-- Test16 -->
