<?xml version="1.0" encoding="UTF-8"?>
<!-- Generated by org.testng.reporters.JUnitXMLReporter -->
<testsuite hostname="DESKTOP-D23LR3J" failures="1" tests="1" name="Test10" time="88.795" errors="0" timestamp="27 Jul 2021 14:46:00 GMT">
  <testcase classname="com.qa.tests.InpatientManagement_ProgressNotesTest" name="ProgressNotes" time="82.965">
    <failure type="org.openqa.selenium.WebDriverException" message="Element is not clickable at point (998.5, 380). Other element would receive the click: &amp;lt;div class=&amp;quot;modalBackground&amp;quot; style=&amp;quot;position: fixed; left: 0px; top: 0px; z-index: 10000; width: 1200px; height: 660px;&amp;quot; id=&amp;quot;mpeSearch_backgroundElement&amp;quot;&amp;gt;&amp;lt;/div&amp;gt;
Command duration or timeout: 75 milliseconds
Build info: version: &amp;apos;2.53.0&amp;apos;, revision: &amp;apos;35ae25b1534ae328c771e0856c93e187490ca824&amp;apos;, time: &amp;apos;2016-03-15 10:43:46&amp;apos;
System info: host: &amp;apos;DESKTOP-D23LR3J&amp;apos;, ip: &amp;apos;192.168.17.2&amp;apos;, os.name: &amp;apos;Windows 10&amp;apos;, os.arch: &amp;apos;amd64&amp;apos;, os.version: &amp;apos;10.0&amp;apos;, java.version: &amp;apos;13.0.2&amp;apos;
Driver info: org.openqa.selenium.firefox.FirefoxDriver
Capabilities [{applicationCacheEnabled=true, rotatable=false, handlesAlerts=true, databaseEnabled=true, version=45.0.1, platform=WINDOWS, nativeEvents=false, acceptSslCerts=true, webStorageEnabled=true, locationContextEnabled=true, browserName=firefox, takesScreenshot=true, javascriptEnabled=true, cssSelectorsEnabled=true}]
Session ID: 60e106cf-caae-46ba-bc07-bf6dc4b8ecfb">
      <![CDATA[org.openqa.selenium.WebDriverException: Element is not clickable at point (998.5, 380). Other element would receive the click: <div class="modalBackground" style="position: fixed; left: 0px; top: 0px; z-index: 10000; width: 1200px; height: 660px;" id="mpeSearch_backgroundElement"></div>
Command duration or timeout: 75 milliseconds
Build info: version: '2.53.0', revision: '35ae25b1534ae328c771e0856c93e187490ca824', time: '2016-03-15 10:43:46'
System info: host: 'DESKTOP-D23LR3J', ip: '192.168.17.2', os.name: 'Windows 10', os.arch: 'amd64', os.version: '10.0', java.version: '13.0.2'
Driver info: org.openqa.selenium.firefox.FirefoxDriver
Capabilities [{applicationCacheEnabled=true, rotatable=false, handlesAlerts=true, databaseEnabled=true, version=45.0.1, platform=WINDOWS, nativeEvents=false, acceptSslCerts=true, webStorageEnabled=true, locationContextEnabled=true, browserName=firefox, takesScreenshot=true, javascriptEnabled=true, cssSelectorsEnabled=true}]
Session ID: 60e106cf-caae-46ba-bc07-bf6dc4b8ecfb
	at org.openqa.selenium.remote.ErrorHandler.createThrowable(ErrorHandler.java:206)
	at org.openqa.selenium.remote.ErrorHandler.throwIfResponseFailed(ErrorHandler.java:158)
	at org.openqa.selenium.remote.RemoteWebDriver.execute(RemoteWebDriver.java:678)
	at org.openqa.selenium.remote.RemoteWebElement.execute(RemoteWebElement.java:327)
	at org.openqa.selenium.remote.RemoteWebElement.click(RemoteWebElement.java:85)
	at org.openqa.selenium.support.pagefactory.internal.LocatingElementHandler.invoke(LocatingElementHandler.java:51)
	at com.sun.proxy.$Proxy12.click(Unknown Source)
	at com.qa.pages.InpatientManagement_progressnotespages.progressnoteswordpress(InpatientManagement_progressnotespages.java:205)
	at com.qa.tests.InpatientManagement_ProgressNotesTest.ProgressNotes(InpatientManagement_ProgressNotesTest.java:58)
... Removed 32 stack frames]]>
    </failure>
  </testcase> <!-- ProgressNotes -->
</testsuite> <!-- Test10 -->
