<?xml version="1.0" encoding="UTF-8"?>
<!-- Generated by org.testng.reporters.JUnitXMLReporter -->
<testsuite ignored="0" hostname="DESKTOP-D23LR3J" failures="2" tests="8" name="Test1" time="167.406" errors="0" timestamp="2022-03-29T19:11:24 IST">
  <testcase classname="com.qa.tests.UHIDPageTest" name="doLoginTest" time="3.55"/>
  <testcase classname="com.qa.tests.UHIDPageTest" name="doNavigateToSelectHospitalLocationTest" time="2.191"/>
  <testcase classname="com.qa.tests.UHIDPageTest" name="doNavigateToHISHomeTest" time="3.554"/>
  <testcase classname="com.qa.tests.UHIDPageTest" name="doNavigateToUHIDcreationLinkTest" time="1.954"/>
  <testcase classname="com.qa.tests.UHIDPageTest" name="doUHIDCreationPageTest" time="74.248"/>
  <testcase classname="com.qa.tests.UHIDPageTest" name="Check_the_Functionality_Of_OPDNumber_Button_Clear_Button" time="35.176"/>
  <testcase classname="com.qa.tests.UHIDPageTest" name="To_Check_Functionality_UpdateButton" time="38.578">
    <failure type="java.lang.NullPointerException" message="Cannot invoke &amp;quot;org.openqa.selenium.WebElement.click()&amp;quot; because the return value of &amp;quot;com.qa.pages.UHIDPage.getUHID_creation_UHIDRadiobuttonselect()&amp;quot; is null">
      <![CDATA[java.lang.NullPointerException: Cannot invoke "org.openqa.selenium.WebElement.click()" because the return value of "com.qa.pages.UHIDPage.getUHID_creation_UHIDRadiobuttonselect()" is null
at com.qa.tests.UHIDPageTest.To_Check_Functionality_UpdateButton(UHIDPageTest.java:176)
at java.base/java.util.ArrayList.forEach(ArrayList.java:1511)
... Removed 27 stack frames]]>
    </failure>
  </testcase> <!-- To_Check_Functionality_UpdateButton -->
  <testcase classname="com.qa.tests.UHIDPageTest" name="Search_Patient_detailBy_IPnumber" time="4.252">
    <failure type="org.openqa.selenium.WebDriverException" message="Element is not clickable at point (937.63330078125, 157). Other element would receive the click: &amp;lt;div class=&amp;quot;black_overlay&amp;quot;&amp;gt;&amp;lt;/div&amp;gt;
Command duration or timeout: 87 milliseconds
Build info: version: &amp;apos;2.53.0&amp;apos;, revision: &amp;apos;35ae25b1534ae328c771e0856c93e187490ca824&amp;apos;, time: &amp;apos;2016-03-15 10:43:46&amp;apos;
System info: host: &amp;apos;DESKTOP-D23LR3J&amp;apos;, ip: &amp;apos;169.254.64.180&amp;apos;, os.name: &amp;apos;Windows 10&amp;apos;, os.arch: &amp;apos;amd64&amp;apos;, os.version: &amp;apos;10.0&amp;apos;, java.version: &amp;apos;16.0.2&amp;apos;
Driver info: org.openqa.selenium.firefox.FirefoxDriver
Capabilities [{applicationCacheEnabled=true, rotatable=false, handlesAlerts=true, databaseEnabled=true, version=40.0.3, platform=WINDOWS, nativeEvents=false, acceptSslCerts=true, webStorageEnabled=true, locationContextEnabled=true, browserName=firefox, takesScreenshot=true, javascriptEnabled=true, cssSelectorsEnabled=true}]
Session ID: 0645c986-922b-475d-9968-d1f7b898ab71">
      <![CDATA[org.openqa.selenium.WebDriverException: Element is not clickable at point (937.63330078125, 157). Other element would receive the click: <div class="black_overlay"></div>
Command duration or timeout: 87 milliseconds
Build info: version: '2.53.0', revision: '35ae25b1534ae328c771e0856c93e187490ca824', time: '2016-03-15 10:43:46'
System info: host: 'DESKTOP-D23LR3J', ip: '169.254.64.180', os.name: 'Windows 10', os.arch: 'amd64', os.version: '10.0', java.version: '16.0.2'
Driver info: org.openqa.selenium.firefox.FirefoxDriver
Capabilities [{applicationCacheEnabled=true, rotatable=false, handlesAlerts=true, databaseEnabled=true, version=40.0.3, platform=WINDOWS, nativeEvents=false, acceptSslCerts=true, webStorageEnabled=true, locationContextEnabled=true, browserName=firefox, takesScreenshot=true, javascriptEnabled=true, cssSelectorsEnabled=true}]
Session ID: 0645c986-922b-475d-9968-d1f7b898ab71
at org.openqa.selenium.remote.ErrorHandler.createThrowable(ErrorHandler.java:206)
at org.openqa.selenium.remote.ErrorHandler.throwIfResponseFailed(ErrorHandler.java:158)
at org.openqa.selenium.remote.RemoteWebDriver.execute(RemoteWebDriver.java:678)
at org.openqa.selenium.remote.RemoteWebElement.execute(RemoteWebElement.java:327)
at org.openqa.selenium.remote.RemoteWebElement.click(RemoteWebElement.java:85)
at com.qa.tests.UHIDPageTest.Search_Patient_detailBy_IPnumber(UHIDPageTest.java:198)
at java.base/java.util.ArrayList.forEach(ArrayList.java:1511)
... Removed 32 stack frames]]>
    </failure>
  </testcase> <!-- Search_Patient_detailBy_IPnumber -->
</testsuite> <!-- Test1 -->
