<?xml version="1.0" encoding="UTF-8"?>
<!-- Generated by org.testng.reporters.JUnitXMLReporter -->
<testsuite ignored="0" hostname="JoshnaRajput" failures="1" tests="6" name="Firefox" time="72.027" errors="0" timestamp="2025-04-03T15:08:41 IST">
  <testcase classname="com.qa.HIS.BrowserCompatibility_HIS.EditCertificateTest" name="doLoginOpenVisitTest" time="0.726"/>
  <testcase classname="com.qa.HIS.BrowserCompatibility_HIS.EditCertificateTest" name="doNavigateToSelectHospitalLocationTest" time="0.003"/>
  <testcase classname="com.qa.HIS.BrowserCompatibility_HIS.EditCertificateTest" name="doNavigateToHISHomeTest" time="9.57"/>
  <testcase classname="com.qa.HIS.BrowserCompatibility_HIS.EditCertificateTest" name="doNavigateToEditCertificateTest" time="2.012"/>
  <testcase classname="com.qa.HIS.BrowserCompatibility_HIS.EditCertificateTest" name="CheckTheFunctionalityOfRequestForChangedUPdateButton" time="27.691"/>
  <testcase classname="com.qa.HIS.BrowserCompatibility_HIS.EditCertificateTest" name="ChecktheFunctionalityOfUpdateButtonOfEditMeternityCertificatePages" time="27.463">
    <failure type="java.lang.AssertionError" message="Remarks text box is not visible even after waiting.">
      <![CDATA[java.lang.AssertionError: Remarks text box is not visible even after waiting.
at com.qa.HIS.BrowserCompatibility_HIS.EditCertificateTest.ChecktheFunctionalityOfUpdateButtonOfEditMeternityCertificatePages(EditCertificateTest.java:139)
at java.base/java.util.ArrayList.forEach(ArrayList.java:1596)
Caused by: java.lang.NullPointerException: Cannot invoke "org.openqa.selenium.WebElement.isDisplayed()" because "element" is null
at org.openqa.selenium.support.ui.ExpectedConditions.elementIfVisible(ExpectedConditions.java:307)
at org.openqa.selenium.support.ui.ExpectedConditions.access$000(ExpectedConditions.java:40)
at org.openqa.selenium.support.ui.ExpectedConditions$10.apply(ExpectedConditions.java:293)
at org.openqa.selenium.support.ui.ExpectedConditions$10.apply(ExpectedConditions.java:290)
at org.openqa.selenium.support.ui.FluentWait.until(FluentWait.java:208)
at com.qa.HIS.BrowserCompatibility_HIS.EditCertificateTest.ChecktheFunctionalityOfUpdateButtonOfEditMeternityCertificatePages(EditCertificateTest.java:132)
... 26 more
... Removed 26 stack frames]]>
    </failure>
  </testcase> <!-- ChecktheFunctionalityOfUpdateButtonOfEditMeternityCertificatePages -->
</testsuite> <!-- Firefox -->
