<?xml version="1.0" encoding="UTF-8"?>
<!-- Generated by org.testng.reporters.JUnitXMLReporter -->
<testsuite ignored="0" hostname="DESKTOP-V3HC333" failures="0" tests="12" name="Opera" time="0.073" errors="0" timestamp="2023-11-09T15:03:56 IST">
  <testcase classname="com.qa.HIS.BrowserCompatibility_HIS.CrossBrowser" name="@BeforeClass setup" time="0.006">
    <failure type="java.lang.IllegalStateException" message="The driver executable must exist: D:\New folder\BrowserCompatibility_HIS\driver\operadriver.exe">
      <![CDATA[java.lang.IllegalStateException: The driver executable must exist: D:\New folder\BrowserCompatibility_HIS\driver\operadriver.exe
at org.openqa.selenium.internal.Require$FileStateChecker.isFile(Require.java:315)
at org.openqa.selenium.remote.service.DriverService.checkExecutable(DriverService.java:144)
at org.openqa.selenium.remote.service.DriverService.findExecutable(DriverService.java:139)
at org.openqa.selenium.opera.OperaDriverService.access$000(OperaDriverService.java:38)
at org.openqa.selenium.opera.OperaDriverService$Builder.findDefaultExecutable(OperaDriverService.java:154)
at org.openqa.selenium.remote.service.DriverService$Builder.build(DriverService.java:434)
at org.openqa.selenium.opera.OperaDriverService.createDefaultService(OperaDriverService.java:102)
at org.openqa.selenium.opera.OperaDriver.<init>(OperaDriver.java:87)
at com.qa.HIS.BrowserCompatibility_HIS.CrossBrowser.setup(CrossBrowser.java:126)
at java.base/java.util.ArrayList.forEach(ArrayList.java:1511)
... Removed 25 stack frames]]>
    </failure>
  </testcase> <!-- @BeforeClass setup -->
  <testcase classname="com.qa.HIS.BrowserCompatibility_HIS.OPDFlowTest" name="doLoginTest" time="0.0">
    <skipped/>
  </testcase> <!-- doLoginTest -->
  <testcase classname="com.qa.HIS.BrowserCompatibility_HIS.OPDFlowTest" name="doNavigateToSelectHospitalLocationTest" time="0.0">
    <skipped/>
  </testcase> <!-- doNavigateToSelectHospitalLocationTest -->
  <testcase classname="com.qa.HIS.BrowserCompatibility_HIS.OPDFlowTest" name="doNavigateToHISHomeTest" time="0.0">
    <skipped/>
  </testcase> <!-- doNavigateToHISHomeTest -->
  <testcase classname="com.qa.HIS.BrowserCompatibility_HIS.OPDFlowTest" name="doNavigateToPatientCheckinLinkTest" time="0.0">
    <skipped/>
  </testcase> <!-- doNavigateToPatientCheckinLinkTest -->
  <testcase classname="com.qa.HIS.BrowserCompatibility_HIS.OPDFlowTest" name="doCreateCheckInPageTest" time="0.0">
    <skipped/>
  </testcase> <!-- doCreateCheckInPageTest -->
  <testcase classname="com.qa.HIS.BrowserCompatibility_HIS.OPDFlowTest" name="dodoctorworklist" time="0.0">
    <skipped/>
  </testcase> <!-- dodoctorworklist -->
  <testcase classname="com.qa.HIS.BrowserCompatibility_HIS.OPDFlowTest" name="doNavigateToHISHomeTestforfacilityStore" time="0.0">
    <skipped/>
  </testcase> <!-- doNavigateToHISHomeTestforfacilityStore -->
  <testcase classname="com.qa.HIS.BrowserCompatibility_HIS.OPDFlowTest" name="dofacilityStore" time="0.0">
    <skipped/>
  </testcase> <!-- dofacilityStore -->
  <testcase classname="com.qa.HIS.BrowserCompatibility_HIS.OPDFlowTest" name="doNavigateToHISHomeTestforLaboratoryworklist" time="0.0">
    <skipped/>
  </testcase> <!-- doNavigateToHISHomeTestforLaboratoryworklist -->
  <testcase classname="com.qa.HIS.BrowserCompatibility_HIS.OPDFlowTest" name="testcaseforLaboratoryworkListOPD" time="0.0">
    <skipped/>
  </testcase> <!-- testcaseforLaboratoryworkListOPD -->
  <testcase classname="com.qa.HIS.BrowserCompatibility_HIS.OPDFlowTest" name="doNavigateToHISHomeTestforImagingServices" time="0.0">
    <skipped/>
  </testcase> <!-- doNavigateToHISHomeTestforImagingServices -->
  <testcase classname="com.qa.HIS.BrowserCompatibility_HIS.OPDFlowTest" name="doImagingServices" time="0.0">
    <skipped/>
  </testcase> <!-- doImagingServices -->
</testsuite> <!-- Opera -->
