{"uuid":"2399f11e-0c04-43f1-a298-057a95a169b0","historyId":"fa39e8a732c497d3e9fc3491dde7185b","fullName":"com.qa.HIS.BrowserCompatibility_HIS.EditCertificateTest.ChecktheFunctionalityOfUpdateButtonOfEditMeternityCertificatePages","labels":[{"name":"package","value":"com.qa.HIS.BrowserCompatibility_HIS.EditCertificateTest"},{"name":"testClass","value":"com.qa.HIS.BrowserCompatibility_HIS.EditCertificateTest"},{"name":"testMethod","value":"ChecktheFunctionalityOfUpdateButtonOfEditMeternityCertificatePages"},{"name":"parentSuite","value":"Suite"},{"name":"suite","value":"Firefox"},{"name":"subSuite","value":"com.qa.HIS.BrowserCompatibility_HIS.EditCertificateTest"},{"name":"host","value":"JoshnaRajput"},{"name":"thread","value":"19264@JoshnaRajput.main(1)"},{"name":"framework","value":"testng"},{"name":"language","value":"java"}],"links":[],"name":"ChecktheFunctionalityOfUpdateButtonOfEditMeternityCertificatePages","status":"failed","statusDetails":{"known":false,"muted":false,"flaky":false,"message":"Remarks text box is not visible even after waiting.","trace":"java.lang.AssertionError: Remarks text box is not visible even after waiting.\r\n\tat org.testng.Assert.fail(Assert.java:99)\r\n\tat com.qa.HIS.BrowserCompatibility_HIS.EditCertificateTest.ChecktheFunctionalityOfUpdateButtonOfEditMeternityCertificatePages(EditCertificateTest.java:139)\r\n\tat java.base/jdk.internal.reflect.DirectMethodHandleAccessor.invoke(DirectMethodHandleAccessor.java:103)\r\n\tat java.base/java.lang.reflect.Method.invoke(Method.java:580)\r\n\tat org.testng.internal.invokers.MethodInvocationHelper.invokeMethod(MethodInvocationHelper.java:141)\r\n\tat org.testng.internal.invokers.TestInvoker.invokeMethod(TestInvoker.java:687)\r\n\tat org.testng.internal.invokers.TestInvoker.invokeTestMethod(TestInvoker.java:230)\r\n\tat org.testng.internal.invokers.MethodRunner.runInSequence(MethodRunner.java:63)\r\n\tat org.testng.internal.invokers.TestInvoker$MethodInvocationAgent.invoke(TestInvoker.java:995)\r\n\tat org.testng.internal.invokers.TestInvoker.invokeTestMethods(TestInvoker.java:203)\r\n\tat org.testng.internal.invokers.TestMethodWorker.invokeTestMethods(TestMethodWorker.java:154)\r\n\tat org.testng.internal.invokers.TestMethodWorker.run(TestMethodWorker.java:134)\r\n\tat java.base/java.util.ArrayList.forEach(ArrayList.java:1596)\r\n\tat org.testng.TestRunner.privateRun(TestRunner.java:741)\r\n\tat org.testng.TestRunner.run(TestRunner.java:616)\r\n\tat org.testng.SuiteRunner.runTest(SuiteRunner.java:421)\r\n\tat org.testng.SuiteRunner.runSequentially(SuiteRunner.java:413)\r\n\tat org.testng.SuiteRunner.privateRun(SuiteRunner.java:373)\r\n\tat org.testng.SuiteRunner.run(SuiteRunner.java:312)\r\n\tat org.testng.SuiteRunnerWorker.runSuite(SuiteRunnerWorker.java:52)\r\n\tat org.testng.SuiteRunnerWorker.run(SuiteRunnerWorker.java:95)\r\n\tat org.testng.TestNG.runSuitesSequentially(TestNG.java:1274)\r\n\tat org.testng.TestNG.runSuitesLocally(TestNG.java:1208)\r\n\tat org.testng.TestNG.runSuites(TestNG.java:1112)\r\n\tat org.testng.TestNG.run(TestNG.java:1079)\r\n\tat org.testng.remote.AbstractRemoteTestNG.run(AbstractRemoteTestNG.java:115)\r\n\tat org.testng.remote.RemoteTestNG.initAndRun(RemoteTestNG.java:293)\r\n\tat org.testng.remote.RemoteTestNG.main(RemoteTestNG.java:91)\r\nCaused by: java.lang.NullPointerException: Cannot invoke \"org.openqa.selenium.WebElement.isDisplayed()\" because \"element\" is null\r\n\tat org.openqa.selenium.support.ui.ExpectedConditions.elementIfVisible(ExpectedConditions.java:304)\r\n\tat org.openqa.selenium.support.ui.ExpectedConditions.access$000(ExpectedConditions.java:37)\r\n\tat org.openqa.selenium.support.ui.ExpectedConditions$10.apply(ExpectedConditions.java:290)\r\n\tat org.openqa.selenium.support.ui.ExpectedConditions$10.apply(ExpectedConditions.java:287)\r\n\tat org.openqa.selenium.support.ui.FluentWait.until(FluentWait.java:205)\r\n\tat com.qa.HIS.BrowserCompatibility_HIS.EditCertificateTest.ChecktheFunctionalityOfUpdateButtonOfEditMeternityCertificatePages(EditCertificateTest.java:132)\r\n\t... 26 more\r\n"},"stage":"finished","steps":[],"attachments":[],"parameters":[{"name":"browser","value":"firefox"}],"start":1743158568679,"stop":1743158596727}