<?xml version="1.0" encoding="UTF-8"?>
<!-- Generated by org.testng.reporters.JUnitXMLReporter -->
<testsuite ignored="18" hostname="DESKTOP-D23LR3J" failures="1" tests="1" name="Default test" time="0.159" errors="0" timestamp="2022-12-13T11:37:36 IST">
  <testcase classname="ESIC_HIS.ProductionScript.CrossBrowser" name="@BeforeClass setup" time="-1.67091165593E9">
    <failure type="org.testng.TestNGException" message="
Parameter &amp;apos;browser&amp;apos; is required by BeforeClass on method setup but has not been marked @Optional or defined
in C:\Users\Kulvir Singh\AppData\Local\Temp\testng-eclipse--1539780695\testng-customsuite.xml">
      <![CDATA[org.testng.TestNGException: 
Parameter 'browser' is required by BeforeClass on method setup but has not been marked @Optional or defined
in C:\Users\Kulvir Singh\AppData\Local\Temp\testng-eclipse--1539780695\testng-customsuite.xml
at org.testng.internal.Parameters.createParams(Parameters.java:270)
at org.testng.internal.Parameters.createParametersForMethod(Parameters.java:358)
at org.testng.internal.Parameters.createParameters(Parameters.java:700)
at org.testng.internal.Parameters.createConfigurationParameters(Parameters.java:168)
at org.testng.internal.ConfigInvoker.invokeConfigurations(ConfigInvoker.java:302)
at org.testng.internal.TestMethodWorker.invokeBeforeClassMethods(TestMethodWorker.java:176)
at org.testng.internal.TestMethodWorker.run(TestMethodWorker.java:122)
at java.base/java.util.ArrayList.forEach(ArrayList.java:1511)
at org.testng.TestRunner.privateRun(TestRunner.java:794)
at org.testng.TestRunner.run(TestRunner.java:596)
at org.testng.SuiteRunner.runTest(SuiteRunner.java:377)
at org.testng.SuiteRunner.runSequentially(SuiteRunner.java:371)
at org.testng.SuiteRunner.privateRun(SuiteRunner.java:332)
at org.testng.SuiteRunner.run(SuiteRunner.java:276)
at org.testng.SuiteRunnerWorker.runSuite(SuiteRunnerWorker.java:53)
at org.testng.SuiteRunnerWorker.run(SuiteRunnerWorker.java:96)
at org.testng.TestNG.runSuitesSequentially(TestNG.java:1212)
at org.testng.TestNG.runSuitesLocally(TestNG.java:1134)
at org.testng.TestNG.runSuites(TestNG.java:1063)
at org.testng.TestNG.run(TestNG.java:1031)
at org.testng.remote.AbstractRemoteTestNG.run(AbstractRemoteTestNG.java:115)
at org.testng.remote.RemoteTestNG.initAndRun(RemoteTestNG.java:251)
at org.testng.remote.RemoteTestNG.main(RemoteTestNG.java:77)
]]>
    </failure>
  </testcase> <!-- @BeforeClass setup -->
  <testcase classname="ESIC_HIS.ProductionScript.C13622_MISC_Change_In_HIS_Test" name="dodoctorworklist" time="0.0">
    <failure type="org.testng.TestNGException" message="
Parameter &amp;apos;browser&amp;apos; is required by @Test on method dodoctorworklist but has not been marked @Optional or defined
in C:\Users\Kulvir Singh\AppData\Local\Temp\testng-eclipse--1539780695\testng-customsuite.xml">
      <![CDATA[org.testng.TestNGException: 
Parameter 'browser' is required by @Test on method dodoctorworklist but has not been marked @Optional or defined
in C:\Users\Kulvir Singh\AppData\Local\Temp\testng-eclipse--1539780695\testng-customsuite.xml
at org.testng.internal.Parameters.createParams(Parameters.java:270)
at org.testng.internal.Parameters.createParametersForMethod(Parameters.java:358)
at org.testng.internal.Parameters.createParameters(Parameters.java:700)
at org.testng.internal.Parameters.handleParameters(Parameters.java:884)
at org.testng.internal.Parameters.handleParameters(Parameters.java:740)
at org.testng.internal.ParameterHandler.handleParameters(ParameterHandler.java:59)
at org.testng.internal.ParameterHandler.createParameters(ParameterHandler.java:38)
at org.testng.internal.TestInvoker$MethodInvocationAgent.invoke(TestInvoker.java:791)
at org.testng.internal.TestInvoker.invokeTestMethods(TestInvoker.java:146)
at org.testng.internal.TestMethodWorker.invokeTestMethods(TestMethodWorker.java:146)
at org.testng.internal.TestMethodWorker.run(TestMethodWorker.java:128)
at java.base/java.util.ArrayList.forEach(ArrayList.java:1511)
at org.testng.TestRunner.privateRun(TestRunner.java:794)
at org.testng.TestRunner.run(TestRunner.java:596)
at org.testng.SuiteRunner.runTest(SuiteRunner.java:377)
at org.testng.SuiteRunner.runSequentially(SuiteRunner.java:371)
at org.testng.SuiteRunner.privateRun(SuiteRunner.java:332)
at org.testng.SuiteRunner.run(SuiteRunner.java:276)
at org.testng.SuiteRunnerWorker.runSuite(SuiteRunnerWorker.java:53)
at org.testng.SuiteRunnerWorker.run(SuiteRunnerWorker.java:96)
at org.testng.TestNG.runSuitesSequentially(TestNG.java:1212)
at org.testng.TestNG.runSuitesLocally(TestNG.java:1134)
at org.testng.TestNG.runSuites(TestNG.java:1063)
at org.testng.TestNG.run(TestNG.java:1031)
at org.testng.remote.AbstractRemoteTestNG.run(AbstractRemoteTestNG.java:115)
at org.testng.remote.RemoteTestNG.initAndRun(RemoteTestNG.java:251)
at org.testng.remote.RemoteTestNG.main(RemoteTestNG.java:77)
]]>
    </failure>
  </testcase> <!-- dodoctorworklist -->
  <testcase classname="ESIC_HIS.ProductionScript.C13622_MISC_Change_In_HIS_Test" name="Do_testFatchingDetailForESICPensionerSelf" time="0.0">
    <ignored/>
  </testcase> <!-- Do_testFatchingDetailForESICPensionerSelf -->
  <testcase classname="ESIC_HIS.ProductionScript.C13622_MISC_Change_In_HIS_Test" name="doNavigateToHISHomeTest" time="0.0">
    <ignored/>
  </testcase> <!-- doNavigateToHISHomeTest -->
  <testcase classname="ESIC_HIS.ProductionScript.C13622_MISC_Change_In_HIS_Test" name="doNavigateToSelectHospitalLocationTest" time="0.0">
    <ignored/>
  </testcase> <!-- doNavigateToSelectHospitalLocationTest -->
  <testcase classname="ESIC_HIS.ProductionScript.C13622_MISC_Change_In_HIS_Test" name="Do_Test_for_ChaangeLocationForStoreServices" time="0.0">
    <ignored/>
  </testcase> <!-- Do_Test_for_ChaangeLocationForStoreServices -->
  <testcase classname="ESIC_HIS.ProductionScript.C13622_MISC_Change_In_HIS_Test" name="Do_NavigateToPatientCheck_in" time="0.0">
    <ignored/>
  </testcase> <!-- Do_NavigateToPatientCheck_in -->
  <testcase classname="ESIC_HIS.ProductionScript.C13622_MISC_Change_In_HIS_Test" name="Do_testForFatchingDetailForIPSelf" time="0.0">
    <ignored/>
  </testcase> <!-- Do_testForFatchingDetailForIPSelf -->
  <testcase classname="ESIC_HIS.ProductionScript.C13622_MISC_Change_In_HIS_Test" name="Do_testFatchingdetailforIPSelf" time="0.0">
    <ignored/>
  </testcase> <!-- Do_testFatchingdetailforIPSelf -->
  <testcase classname="ESIC_HIS.ProductionScript.C13622_MISC_Change_In_HIS_Test" name="Do_testFatchingDetailForESICEmployeeSelf" time="0.0">
    <ignored/>
  </testcase> <!-- Do_testFatchingDetailForESICEmployeeSelf -->
  <testcase classname="ESIC_HIS.ProductionScript.C13622_MISC_Change_In_HIS_Test" name="Do_TestFatchingDetailForESICEmployeeDepandents" time="0.0">
    <ignored/>
  </testcase> <!-- Do_TestFatchingDetailForESICEmployeeDepandents -->
  <testcase classname="ESIC_HIS.ProductionScript.C13622_MISC_Change_In_HIS_Test" name="Do_testForFatchingDetailForIPDepandent" time="0.0">
    <ignored/>
  </testcase> <!-- Do_testForFatchingDetailForIPDepandent -->
  <testcase classname="ESIC_HIS.ProductionScript.C13622_MISC_Change_In_HIS_Test" name="Do_Test_for_ChangeLocation" time="0.0">
    <ignored/>
  </testcase> <!-- Do_Test_for_ChangeLocation -->
  <testcase classname="ESIC_HIS.ProductionScript.C13622_MISC_Change_In_HIS_Test" name="Do_test_for_Last10Prescription" time="0.0">
    <ignored/>
  </testcase> <!-- Do_test_for_Last10Prescription -->
  <testcase classname="ESIC_HIS.ProductionScript.C13622_MISC_Change_In_HIS_Test" name="Do_testCreateCheckInforPharmacyIssue" time="0.0">
    <ignored/>
  </testcase> <!-- Do_testCreateCheckInforPharmacyIssue -->
  <testcase classname="ESIC_HIS.ProductionScript.C13622_MISC_Change_In_HIS_Test" name="doLoginTest" time="0.0">
    <ignored/>
  </testcase> <!-- doLoginTest -->
  <testcase classname="ESIC_HIS.ProductionScript.C13622_MISC_Change_In_HIS_Test" name="Do_navigatetoUHID_Screen" time="0.0">
    <ignored/>
  </testcase> <!-- Do_navigatetoUHID_Screen -->
  <testcase classname="ESIC_HIS.ProductionScript.C13622_MISC_Change_In_HIS_Test" name="Do_TestFatchingDetailForESICPensionerDepandents" time="0.0">
    <ignored/>
  </testcase> <!-- Do_TestFatchingDetailForESICPensionerDepandents -->
  <testcase classname="ESIC_HIS.ProductionScript.C13622_MISC_Change_In_HIS_Test" name="Do_Test_for_pharmacyIssue" time="0.0">
    <ignored/>
  </testcase> <!-- Do_Test_for_pharmacyIssue -->
  <testcase classname="ESIC_HIS.ProductionScript.C13622_MISC_Change_In_HIS_Test" name="do_testFatchingdetailforIPDepandent" time="0.0">
    <ignored/>
  </testcase> <!-- do_testFatchingdetailforIPDepandent -->
</testsuite> <!-- Default test -->
