<?xml version="1.0" encoding="UTF-8"?>
<!-- Generated by org.testng.reporters.JUnitReportReporter -->
<testsuite hostname="DESKTOP-D23LR3J" failures="0" tests="12" name="ESIC_HIS.ProductionScript.OPDFlowTest" time="395.398" errors="1" timestamp="2022-11-11T10:30:19 IST" skipped="0">
  <testcase classname="ESIC_HIS.ProductionScript.OPDFlowTest" name="doLoginTest" time="1.211"/>
  <system-out/>
  <testcase classname="ESIC_HIS.ProductionScript.OPDFlowTest" name="doNavigateToSelectHospitalLocationTest" time="0.352"/>
  <system-out/>
  <testcase classname="ESIC_HIS.ProductionScript.OPDFlowTest" name="doNavigateToHISHomeTest" time="13.994"/>
  <system-out/>
  <testcase classname="ESIC_HIS.ProductionScript.OPDFlowTest" name="doNavigateToPatientCheckinLinkTest" time="1.154"/>
  <system-out/>
  <testcase classname="ESIC_HIS.ProductionScript.OPDFlowTest" name="doCreateCheckInPageTest" time="20.950"/>
  <system-out/>
  <testcase classname="ESIC_HIS.ProductionScript.OPDFlowTest" name="dodoctorworklist" time="59.195"/>
  <system-out/>
  <testcase classname="ESIC_HIS.ProductionScript.OPDFlowTest" name="doNavigateToHISHomeTestforfacilityStore" time="18.000"/>
  <system-out/>
  <testcase classname="ESIC_HIS.ProductionScript.OPDFlowTest" name="dofacilityStore" time="22.039"/>
  <system-out/>
  <testcase classname="ESIC_HIS.ProductionScript.OPDFlowTest" name="doNavigateToHISHomeTestforLaboratoryworklist" time="17.897"/>
  <system-out/>
  <testcase classname="ESIC_HIS.ProductionScript.OPDFlowTest" name="testcaseforLaboratoryworkListOPD" time="95.355"/>
  <system-out/>
  <testcase classname="ESIC_HIS.ProductionScript.OPDFlowTest" name="doNavigateToHISHomeTestforImagingServices" time="19.977"/>
  <system-out/>
  <testcase classname="ESIC_HIS.ProductionScript.OPDFlowTest" name="doImagingServices" time="125.274">
    <error message="Unable to establish websocket connection to http://127.0.0.1:52241/devtools/browser/10b2a08e-d5be-4820-a77f-ab213ae9339e
Build info: version: &#039;4.0.0&#039;, revision: &#039;3a21814679&#039;
System info: host: &#039;DESKTOP-D23LR3J&#039;, ip: &#039;192.168.0.20&#039;, os.name: &#039;Windows 10&#039;, os.arch: &#039;amd64&#039;, os.version: &#039;10.0&#039;, java.version: &#039;16.0.2&#039;
Driver info: driver.version: RemoteWebDriver" type="org.openqa.selenium.remote.http.ConnectionFailedException">
      <![CDATA[org.openqa.selenium.remote.http.ConnectionFailedException: Unable to establish websocket connection to http://127.0.0.1:52241/devtools/browser/10b2a08e-d5be-4820-a77f-ab213ae9339e
Build info: version: '4.0.0', revision: '3a21814679'
System info: host: 'DESKTOP-D23LR3J', ip: '192.168.0.20', os.name: 'Windows 10', os.arch: 'amd64', os.version: '10.0', java.version: '16.0.2'
Driver info: driver.version: RemoteWebDriver
at org.openqa.selenium.remote.http.netty.NettyWebSocket.<init>(NettyWebSocket.java:104)
at org.openqa.selenium.remote.http.netty.NettyWebSocket.lambda$create$3(NettyWebSocket.java:137)
at org.openqa.selenium.remote.http.netty.NettyClient.openSocket(NettyClient.java:127)
at org.openqa.selenium.devtools.Connection.<init>(Connection.java:77)
at org.openqa.selenium.firefox.FirefoxDriver.maybeGetDevTools(FirefoxDriver.java:359)
at org.openqa.selenium.remote.RemoteWebDriver.close(RemoteWebDriver.java:441)
at ESIC_HIS.ProductionScript.OPDFlowTest.doImagingServices(OPDFlowTest.java:660)
at java.base/jdk.internal.reflect.NativeMethodAccessorImpl.invoke0(Native Method)
at java.base/jdk.internal.reflect.NativeMethodAccessorImpl.invoke(NativeMethodAccessorImpl.java:78)
at java.base/jdk.internal.reflect.DelegatingMethodAccessorImpl.invoke(DelegatingMethodAccessorImpl.java:43)
at java.base/java.lang.reflect.Method.invoke(Method.java:567)
at org.testng.internal.MethodInvocationHelper.invokeMethod(MethodInvocationHelper.java:133)
at org.testng.internal.TestInvoker.invokeMethod(TestInvoker.java:598)
at org.testng.internal.TestInvoker.invokeTestMethod(TestInvoker.java:173)
at org.testng.internal.MethodRunner.runInSequence(MethodRunner.java:46)
at org.testng.internal.TestInvoker$MethodInvocationAgent.invoke(TestInvoker.java:824)
at org.testng.internal.TestInvoker.invokeTestMethods(TestInvoker.java:146)
at org.testng.internal.TestMethodWorker.invokeTestMethods(TestMethodWorker.java:146)
at org.testng.internal.TestMethodWorker.run(TestMethodWorker.java:128)
at java.base/java.util.ArrayList.forEach(ArrayList.java:1511)
at org.testng.TestRunner.privateRun(TestRunner.java:794)
at org.testng.TestRunner.run(TestRunner.java:596)
at org.testng.SuiteRunner.runTest(SuiteRunner.java:377)
at org.testng.SuiteRunner.runSequentially(SuiteRunner.java:371)
at org.testng.SuiteRunner.privateRun(SuiteRunner.java:332)
at org.testng.SuiteRunner.run(SuiteRunner.java:276)
at org.testng.SuiteRunnerWorker.runSuite(SuiteRunnerWorker.java:53)
at org.testng.SuiteRunnerWorker.run(SuiteRunnerWorker.java:96)
at org.testng.TestNG.runSuitesSequentially(TestNG.java:1212)
at org.testng.TestNG.runSuitesLocally(TestNG.java:1134)
at org.testng.TestNG.runSuites(TestNG.java:1063)
at org.testng.TestNG.run(TestNG.java:1031)
at org.testng.remote.AbstractRemoteTestNG.run(AbstractRemoteTestNG.java:115)
at org.testng.remote.RemoteTestNG.initAndRun(RemoteTestNG.java:251)
at org.testng.remote.RemoteTestNG.main(RemoteTestNG.java:77)
]]>
    </error>
  </testcase> <!-- doImagingServices -->
  <system-out/>
</testsuite> <!-- ESIC_HIS.ProductionScript.OPDFlowTest -->
