<?xml version="1.0" encoding="UTF-8"?>
<!-- Generated by org.testng.reporters.JUnitReportReporter -->
<testsuite hostname="DESKTOP-D23LR3J" failures="0" tests="12" name="com.qa.tests.OPDFlowTest" time="286.974" errors="1" timestamp="2022-04-04T10:17:51 IST" skipped="0">
  <testcase classname="com.qa.tests.OPDFlowTest" name="doLoginTest" time="1.241"/>
  <system-out/>
  <testcase classname="com.qa.tests.OPDFlowTest" name="doNavigateToSelectHospitalLocationTest" time="14.907"/>
  <system-out/>
  <testcase classname="com.qa.tests.OPDFlowTest" name="doNavigateToHISHomeTest" time="1.162"/>
  <system-out/>
  <testcase classname="com.qa.tests.OPDFlowTest" name="doNavigateToPatientCheckinLinkTest" time="0.859"/>
  <system-out/>
  <testcase classname="com.qa.tests.OPDFlowTest" name="doCreateCheckInPageTest" time="67.729">
    <error message="Cannot invoke &quot;org.openqa.selenium.WebElement.click()&quot; because the return value of &quot;com.qa.pages.OPDFlowPages.getUHID_creation_Uhid_OPDNumber()&quot; is null" type="java.lang.NullPointerException">
      <![CDATA[java.lang.NullPointerException: Cannot invoke "org.openqa.selenium.WebElement.click()" because the return value of "com.qa.pages.OPDFlowPages.getUHID_creation_Uhid_OPDNumber()" is null
at com.qa.pages.OPDFlowPages.testcasegetUhid(OPDFlowPages.java:462)
at com.qa.tests.OPDFlowTest.doCreateCheckInPageTest(OPDFlowTest.java:64)
at java.base/jdk.internal.reflect.NativeMethodAccessorImpl.invoke0(Native Method)
at java.base/jdk.internal.reflect.NativeMethodAccessorImpl.invoke(NativeMethodAccessorImpl.java:78)
at java.base/jdk.internal.reflect.DelegatingMethodAccessorImpl.invoke(DelegatingMethodAccessorImpl.java:43)
at java.base/java.lang.reflect.Method.invoke(Method.java:567)
at org.testng.internal.MethodInvocationHelper.invokeMethod(MethodInvocationHelper.java:133)
at org.testng.internal.TestInvoker.invokeMethod(TestInvoker.java:598)
at org.testng.internal.TestInvoker.invokeTestMethod(TestInvoker.java:173)
at org.testng.internal.MethodRunner.runInSequence(MethodRunner.java:46)
at org.testng.internal.TestInvoker$MethodInvocationAgent.invoke(TestInvoker.java:824)
at org.testng.internal.TestInvoker.invokeTestMethods(TestInvoker.java:146)
at org.testng.internal.TestMethodWorker.invokeTestMethods(TestMethodWorker.java:146)
at org.testng.internal.TestMethodWorker.run(TestMethodWorker.java:128)
at java.base/java.util.ArrayList.forEach(ArrayList.java:1511)
at org.testng.TestRunner.privateRun(TestRunner.java:794)
at org.testng.TestRunner.run(TestRunner.java:596)
at org.testng.SuiteRunner.runTest(SuiteRunner.java:377)
at org.testng.SuiteRunner.runSequentially(SuiteRunner.java:371)
at org.testng.SuiteRunner.privateRun(SuiteRunner.java:332)
at org.testng.SuiteRunner.run(SuiteRunner.java:276)
at org.testng.SuiteRunnerWorker.runSuite(SuiteRunnerWorker.java:53)
at org.testng.SuiteRunnerWorker.run(SuiteRunnerWorker.java:96)
at org.testng.TestNG.runSuitesSequentially(TestNG.java:1212)
at org.testng.TestNG.runSuitesLocally(TestNG.java:1134)
at org.testng.TestNG.runSuites(TestNG.java:1063)
at org.testng.TestNG.run(TestNG.java:1031)
at org.testng.remote.AbstractRemoteTestNG.run(AbstractRemoteTestNG.java:115)
at org.testng.remote.RemoteTestNG.initAndRun(RemoteTestNG.java:251)
at org.testng.remote.RemoteTestNG.main(RemoteTestNG.java:77)
]]>
    </error>
  </testcase> <!-- doCreateCheckInPageTest -->
  <system-out/>
  <testcase classname="com.qa.tests.OPDFlowTest" name="dodoctorworklist" time="31.226"/>
  <system-out/>
  <testcase classname="com.qa.tests.OPDFlowTest" name="doNavigateToHISHomeTestforfacilityStore" time="0.915"/>
  <system-out/>
  <testcase classname="com.qa.tests.OPDFlowTest" name="dofacilityStore" time="21.229"/>
  <system-out/>
  <testcase classname="com.qa.tests.OPDFlowTest" name="doNavigateToHISHomeTestforLaboratoryworklist" time="1.095"/>
  <system-out/>
  <testcase classname="com.qa.tests.OPDFlowTest" name="testcaseforLaboratoryworkListOPD" time="92.308"/>
  <system-out/>
  <testcase classname="com.qa.tests.OPDFlowTest" name="doNavigateToHISHomeTestforImagingServices" time="0.926"/>
  <system-out/>
  <testcase classname="com.qa.tests.OPDFlowTest" name="doImagingServices" time="53.377"/>
  <system-out/>
</testsuite> <!-- com.qa.tests.OPDFlowTest -->
