<?xml version="1.0" encoding="UTF-8"?>
<!-- Generated by org.testng.reporters.JUnitReportReporter -->
<testsuite hostname="DESKTOP-D23LR3J" failures="0" tests="4" name="com.qa.tests.InpatientManagement_BedsideProceduresOrderTest" time="262.211" errors="1" timestamp="2022-04-07T11:25:40 IST" skipped="0">
  <testcase classname="com.qa.tests.InpatientManagement_BedsideProceduresOrderTest" name="doLoginTest" time="1.266"/>
  <system-out/>
  <testcase classname="com.qa.tests.InpatientManagement_BedsideProceduresOrderTest" name="doNavigateToSelectHospitalLocationTest" time="178.847"/>
  <system-out/>
  <testcase classname="com.qa.tests.InpatientManagement_BedsideProceduresOrderTest" name="doNavigateToHISHomeTest" time="1.299"/>
  <system-out/>
  <testcase classname="com.qa.tests.InpatientManagement_BedsideProceduresOrderTest" name="BedsideProceduresOrder" time="80.799">
    <error message="Element is not currently visible and so may not be interacted with
Command duration or timeout: 10 milliseconds" type="org.openqa.selenium.ElementNotVisibleException">
      <![CDATA[org.openqa.selenium.ElementNotVisibleException: Element is not currently visible and so may not be interacted with
Command duration or timeout: 10 milliseconds
at java.base/jdk.internal.reflect.NativeConstructorAccessorImpl.newInstance0(Native Method)
at java.base/jdk.internal.reflect.NativeConstructorAccessorImpl.newInstance(NativeConstructorAccessorImpl.java:78)
at java.base/jdk.internal.reflect.DelegatingConstructorAccessorImpl.newInstance(DelegatingConstructorAccessorImpl.java:45)
at java.base/java.lang.reflect.Constructor.newInstanceWithCaller(Constructor.java:499)
at java.base/java.lang.reflect.Constructor.newInstance(Constructor.java:480)
at org.openqa.selenium.remote.ErrorHandler.createThrowable(ErrorHandler.java:215)
at org.openqa.selenium.remote.ErrorHandler.throwIfResponseFailed(ErrorHandler.java:167)
at org.openqa.selenium.remote.RemoteWebDriver.execute(RemoteWebDriver.java:671)
at org.openqa.selenium.remote.RemoteWebElement.execute(RemoteWebElement.java:272)
at org.openqa.selenium.remote.RemoteWebElement.click(RemoteWebElement.java:82)
at java.base/jdk.internal.reflect.NativeMethodAccessorImpl.invoke0(Native Method)
at java.base/jdk.internal.reflect.NativeMethodAccessorImpl.invoke(NativeMethodAccessorImpl.java:78)
at java.base/jdk.internal.reflect.DelegatingMethodAccessorImpl.invoke(DelegatingMethodAccessorImpl.java:43)
at java.base/java.lang.reflect.Method.invoke(Method.java:567)
at org.openqa.selenium.support.pagefactory.internal.LocatingElementHandler.invoke(LocatingElementHandler.java:51)
at jdk.proxy2/jdk.proxy2.$Proxy21.click(Unknown Source)
at com.qa.pages.InpatientManagement_bedsideproceduresorderpages.bedsideproceduresorderwordpress(InpatientManagement_bedsideproceduresorderpages.java:257)
at com.qa.tests.InpatientManagement_BedsideProceduresOrderTest.BedsideProceduresOrder(InpatientManagement_BedsideProceduresOrderTest.java:66)
at java.base/jdk.internal.reflect.NativeMethodAccessorImpl.invoke0(Native Method)
at java.base/jdk.internal.reflect.NativeMethodAccessorImpl.invoke(NativeMethodAccessorImpl.java:78)
at java.base/jdk.internal.reflect.DelegatingMethodAccessorImpl.invoke(DelegatingMethodAccessorImpl.java:43)
at java.base/java.lang.reflect.Method.invoke(Method.java:567)
at org.testng.internal.MethodInvocationHelper.invokeMethod(MethodInvocationHelper.java:133)
at org.testng.internal.TestInvoker.invokeMethod(TestInvoker.java:598)
at org.testng.internal.TestInvoker.invokeTestMethod(TestInvoker.java:173)
at org.testng.internal.MethodRunner.runInSequence(MethodRunner.java:46)
at org.testng.internal.TestInvoker$MethodInvocationAgent.invoke(TestInvoker.java:824)
at org.testng.internal.TestInvoker.invokeTestMethods(TestInvoker.java:146)
at org.testng.internal.TestMethodWorker.invokeTestMethods(TestMethodWorker.java:146)
at org.testng.internal.TestMethodWorker.run(TestMethodWorker.java:128)
at java.base/java.util.ArrayList.forEach(ArrayList.java:1511)
at org.testng.TestRunner.privateRun(TestRunner.java:794)
at org.testng.TestRunner.run(TestRunner.java:596)
at org.testng.SuiteRunner.runTest(SuiteRunner.java:377)
at org.testng.SuiteRunner.runSequentially(SuiteRunner.java:371)
at org.testng.SuiteRunner.privateRun(SuiteRunner.java:332)
at org.testng.SuiteRunner.run(SuiteRunner.java:276)
at org.testng.SuiteRunnerWorker.runSuite(SuiteRunnerWorker.java:53)
at org.testng.SuiteRunnerWorker.run(SuiteRunnerWorker.java:96)
at org.testng.TestNG.runSuitesSequentially(TestNG.java:1212)
at org.testng.TestNG.runSuitesLocally(TestNG.java:1134)
at org.testng.TestNG.runSuites(TestNG.java:1063)
at org.testng.TestNG.run(TestNG.java:1031)
at org.testng.remote.AbstractRemoteTestNG.run(AbstractRemoteTestNG.java:115)
at org.testng.remote.RemoteTestNG.initAndRun(RemoteTestNG.java:251)
at org.testng.remote.RemoteTestNG.main(RemoteTestNG.java:77)
Caused by: org.openqa.selenium.ElementNotVisibleException: Element is not currently visible and so may not be interacted with
Build info: version: '3.4.0', revision: 'unknown', time: 'unknown'
System info: host: 'DESKTOP-D23LR3J', ip: '169.254.64.180', os.name: 'Windows 10', os.arch: 'amd64', os.version: '10.0', java.version: '16.0.2'
Driver info: driver.version: unknown
at <anonymous class>.fxdriver.preconditions.visible(file:///C:/Users/KULVIR~1/AppData/Local/Temp/anonymous5217213057806925934webdriver-profile/extensions/fxdriver@googlecode.com/components/command-processor.js:10919)
at <anonymous class>.DelayedCommand.prototype.checkPreconditions_(file:///C:/Users/KULVIR~1/AppData/Local/Temp/anonymous5217213057806925934webdriver-profile/extensions/fxdriver@googlecode.com/components/command-processor.js:12862)
at <anonymous class>.DelayedCommand.prototype.executeInternal_/k(file:///C:/Users/KULVIR~1/AppData/Local/Temp/anonymous5217213057806925934webdriver-profile/extensions/fxdriver@googlecode.com/components/command-processor.js:12879)
at <anonymous class>.DelayedCommand.prototype.executeInternal_(file:///C:/Users/KULVIR~1/AppData/Local/Temp/anonymous5217213057806925934webdriver-profile/extensions/fxdriver@googlecode.com/components/command-processor.js:12884)
at <anonymous class>.DelayedCommand.prototype.execute/<(file:///C:/Users/KULVIR~1/AppData/Local/Temp/anonymous5217213057806925934webdriver-profile/extensions/fxdriver@googlecode.com/components/command-processor.js:12826)
]]>
    </error>
  </testcase> <!-- BedsideProceduresOrder -->
  <system-out/>
</testsuite> <!-- com.qa.tests.InpatientManagement_BedsideProceduresOrderTest -->
