<?xml version="1.0" encoding="UTF-8"?>
<!-- Generated by org.testng.reporters.JUnitReportReporter -->
<testsuite hostname="DESKTOP-D23LR3J" failures="0" tests="4" name="com.qa.tests.InpatientManagement_VitalsEntryTest" time="89.136" errors="1" timestamp="2022-04-07T16:59:30 IST" skipped="0">
  <testcase classname="com.qa.tests.InpatientManagement_VitalsEntryTest" name="doLoginTest" time="1.228"/>
  <system-out/>
  <testcase classname="com.qa.tests.InpatientManagement_VitalsEntryTest" name="doNavigateToSelectHospitalLocationTest" time="42.339"/>
  <system-out/>
  <testcase classname="com.qa.tests.InpatientManagement_VitalsEntryTest" name="doNavigateToHISHomeTest" time="1.363"/>
  <system-out/>
  <testcase classname="com.qa.tests.InpatientManagement_VitalsEntryTest" name="VitalsEntry" time="44.206">
    <error message="Unable to locate element: {&quot;method&quot;:&quot;id&quot;,&quot;selector&quot;:&quot;popup_ok&quot;}
Command duration or timeout: 31 milliseconds" type="org.openqa.selenium.NoSuchElementException">
      <![CDATA[org.openqa.selenium.NoSuchElementException: Unable to locate element: {"method":"id","selector":"popup_ok"}
Command duration or timeout: 31 milliseconds
at java.base/jdk.internal.reflect.NativeConstructorAccessorImpl.newInstance0(Native Method)
at java.base/jdk.internal.reflect.NativeConstructorAccessorImpl.newInstance(NativeConstructorAccessorImpl.java:78)
at java.base/jdk.internal.reflect.DelegatingConstructorAccessorImpl.newInstance(DelegatingConstructorAccessorImpl.java:45)
at java.base/java.lang.reflect.Constructor.newInstanceWithCaller(Constructor.java:499)
at java.base/java.lang.reflect.Constructor.newInstance(Constructor.java:480)
at org.openqa.selenium.remote.ErrorHandler.createThrowable(ErrorHandler.java:215)
at org.openqa.selenium.remote.ErrorHandler.throwIfResponseFailed(ErrorHandler.java:167)
at org.openqa.selenium.remote.RemoteWebDriver.execute(RemoteWebDriver.java:671)
at org.openqa.selenium.remote.RemoteWebDriver.findElement(RemoteWebDriver.java:410)
at org.openqa.selenium.remote.RemoteWebDriver.findElementById(RemoteWebDriver.java:453)
at org.openqa.selenium.By$ById.findElement(By.java:218)
at org.openqa.selenium.remote.RemoteWebDriver.findElement(RemoteWebDriver.java:402)
at com.qa.pages.InpatientManagement_vitalsentrypages.vitalsentrywordpress(InpatientManagement_vitalsentrypages.java:170)
at com.qa.tests.InpatientManagement_VitalsEntryTest.VitalsEntry(InpatientManagement_VitalsEntryTest.java:68)
at java.base/jdk.internal.reflect.NativeMethodAccessorImpl.invoke0(Native Method)
at java.base/jdk.internal.reflect.NativeMethodAccessorImpl.invoke(NativeMethodAccessorImpl.java:78)
at java.base/jdk.internal.reflect.DelegatingMethodAccessorImpl.invoke(DelegatingMethodAccessorImpl.java:43)
at java.base/java.lang.reflect.Method.invoke(Method.java:567)
at org.testng.internal.MethodInvocationHelper.invokeMethod(MethodInvocationHelper.java:133)
at org.testng.internal.TestInvoker.invokeMethod(TestInvoker.java:598)
at org.testng.internal.TestInvoker.invokeTestMethod(TestInvoker.java:173)
at org.testng.internal.MethodRunner.runInSequence(MethodRunner.java:46)
at org.testng.internal.TestInvoker$MethodInvocationAgent.invoke(TestInvoker.java:824)
at org.testng.internal.TestInvoker.invokeTestMethods(TestInvoker.java:146)
at org.testng.internal.TestMethodWorker.invokeTestMethods(TestMethodWorker.java:146)
at org.testng.internal.TestMethodWorker.run(TestMethodWorker.java:128)
at java.base/java.util.ArrayList.forEach(ArrayList.java:1511)
at org.testng.TestRunner.privateRun(TestRunner.java:794)
at org.testng.TestRunner.run(TestRunner.java:596)
at org.testng.SuiteRunner.runTest(SuiteRunner.java:377)
at org.testng.SuiteRunner.runSequentially(SuiteRunner.java:371)
at org.testng.SuiteRunner.privateRun(SuiteRunner.java:332)
at org.testng.SuiteRunner.run(SuiteRunner.java:276)
at org.testng.SuiteRunnerWorker.runSuite(SuiteRunnerWorker.java:53)
at org.testng.SuiteRunnerWorker.run(SuiteRunnerWorker.java:96)
at org.testng.TestNG.runSuitesSequentially(TestNG.java:1212)
at org.testng.TestNG.runSuitesLocally(TestNG.java:1134)
at org.testng.TestNG.runSuites(TestNG.java:1063)
at org.testng.TestNG.run(TestNG.java:1031)
at org.testng.remote.AbstractRemoteTestNG.run(AbstractRemoteTestNG.java:115)
at org.testng.remote.RemoteTestNG.initAndRun(RemoteTestNG.java:251)
at org.testng.remote.RemoteTestNG.main(RemoteTestNG.java:77)
Caused by: org.openqa.selenium.NoSuchElementException: Unable to locate element: {"method":"id","selector":"popup_ok"}
For documentation on this error, please visit: http://seleniumhq.org/exceptions/no_such_element.html
Build info: version: '3.4.0', revision: 'unknown', time: 'unknown'
System info: host: 'DESKTOP-D23LR3J', ip: '169.254.64.180', os.name: 'Windows 10', os.arch: 'amd64', os.version: '10.0', java.version: '16.0.2'
Driver info: driver.version: unknown
at <anonymous class>.FirefoxDriver.prototype.findElementInternal_(file:///C:/Users/KULVIR~1/AppData/Local/Temp/anonymous15301518767330148900webdriver-profile/extensions/fxdriver@googlecode.com/components/driver-component.js:11390)
at <anonymous class>.FirefoxDriver.prototype.findElement(file:///C:/Users/KULVIR~1/AppData/Local/Temp/anonymous15301518767330148900webdriver-profile/extensions/fxdriver@googlecode.com/components/driver-component.js:11399)
at <anonymous class>.DelayedCommand.prototype.executeInternal_/k(file:///C:/Users/KULVIR~1/AppData/Local/Temp/anonymous15301518767330148900webdriver-profile/extensions/fxdriver@googlecode.com/components/command-processor.js:12879)
at <anonymous class>.DelayedCommand.prototype.executeInternal_(file:///C:/Users/KULVIR~1/AppData/Local/Temp/anonymous15301518767330148900webdriver-profile/extensions/fxdriver@googlecode.com/components/command-processor.js:12884)
at <anonymous class>.DelayedCommand.prototype.execute/<(file:///C:/Users/KULVIR~1/AppData/Local/Temp/anonymous15301518767330148900webdriver-profile/extensions/fxdriver@googlecode.com/components/command-processor.js:12826)
at <anonymous class>..send(https://gateway.esic.in/Custom_Menu/javascript/jquery-1.9.1.js:8526)
at <anonymous class>..ajax(https://gateway.esic.in/Custom_Menu/javascript/jquery-1.9.1.js:7978)
at <anonymous class>.Liferay.Language.get(https://gateway.esic.in/webspace/html/js/barebone.jsp?browserId=firefox&themeId=Intranet_Theme_WAR_Intranet_Theme&colorSchemeId=01&minifierType=js&minifierBundleId=javascript.barebone.files&t=1610113954000:1)
at <anonymous class>.Liferay.Session.init(https://gateway.esic.in/webspace/html/js/everything.jsp?browserId=firefox&themeId=Intranet_Theme_WAR_Intranet_Theme&colorSchemeId=01&minifierType=js&minifierBundleId=javascript.everything.files&t=1610113954000:1)
at <anonymous class>.<anonymous method>(https://gateway.esic.in/webspace/web/guest:172)
]]>
    </error>
  </testcase> <!-- VitalsEntry -->
  <system-out/>
</testsuite> <!-- com.qa.tests.InpatientManagement_VitalsEntryTest -->
