{"name":"PrimaryDoctorChange","status":"broken","statusDetails":{"known":false,"muted":false,"flaky":false,"message":"Unable to locate element: {\"method\":\"xpath\",\"selector\":\"//a[contains(text(),'InPatient Management')]\"}\nCommand duration or timeout: 27.92 seconds","trace":"org.openqa.selenium.NoSuchElementException: Unable to locate element: {\"method\":\"xpath\",\"selector\":\"//a[contains(text(),'InPatient Management')]\"}\nCommand duration or timeout: 27.92 seconds\r\n\tat java.base/jdk.internal.reflect.NativeConstructorAccessorImpl.newInstance0(Native Method)\r\n\tat java.base/jdk.internal.reflect.NativeConstructorAccessorImpl.newInstance(NativeConstructorAccessorImpl.java:78)\r\n\tat java.base/jdk.internal.reflect.DelegatingConstructorAccessorImpl.newInstance(DelegatingConstructorAccessorImpl.java:45)\r\n\tat java.base/java.lang.reflect.Constructor.newInstanceWithCaller(Constructor.java:499)\r\n\tat java.base/java.lang.reflect.Constructor.newInstance(Constructor.java:480)\r\n\tat org.openqa.selenium.remote.ErrorHandler.createThrowable(ErrorHandler.java:215)\r\n\tat org.openqa.selenium.remote.ErrorHandler.throwIfResponseFailed(ErrorHandler.java:167)\r\n\tat org.openqa.selenium.remote.RemoteWebDriver.execute(RemoteWebDriver.java:671)\r\n\tat org.openqa.selenium.remote.RemoteWebDriver.findElement(RemoteWebDriver.java:410)\r\n\tat org.openqa.selenium.remote.RemoteWebDriver.findElementByXPath(RemoteWebDriver.java:509)\r\n\tat org.openqa.selenium.By$ByXPath.findElement(By.java:361)\r\n\tat org.openqa.selenium.remote.RemoteWebDriver.findElement(RemoteWebDriver.java:402)\r\n\tat org.openqa.selenium.support.pagefactory.DefaultElementLocator.findElement(DefaultElementLocator.java:69)\r\n\tat org.openqa.selenium.support.pagefactory.internal.LocatingElementHandler.invoke(LocatingElementHandler.java:38)\r\n\tat jdk.proxy2/jdk.proxy2.$Proxy16.getCoordinates(Unknown Source)\r\n\tat org.openqa.selenium.interactions.internal.MouseAction.getActionLocation(MouseAction.java:67)\r\n\tat org.openqa.selenium.interactions.MoveMouseAction.perform(MoveMouseAction.java:43)\r\n\tat org.openqa.selenium.interactions.CompositeAction.perform(CompositeAction.java:36)\r\n\tat org.openqa.selenium.interactions.Actions$BuiltAction.perform(Actions.java:634)\r\n\tat com.qa.pages.InpatientManagement_primarydoctorchangepages.primarydoctorchangewordpress(InpatientManagement_primarydoctorchangepages.java:110)\r\n\tat com.qa.tests.InpatientManagement_PrimaryDoctorChangeTest.PrimaryDoctorChange(InpatientManagement_PrimaryDoctorChangeTest.java:85)\r\n\tat java.base/jdk.internal.reflect.NativeMethodAccessorImpl.invoke0(Native Method)\r\n\tat java.base/jdk.internal.reflect.NativeMethodAccessorImpl.invoke(NativeMethodAccessorImpl.java:78)\r\n\tat java.base/jdk.internal.reflect.DelegatingMethodAccessorImpl.invoke(DelegatingMethodAccessorImpl.java:43)\r\n\tat java.base/java.lang.reflect.Method.invoke(Method.java:567)\r\n\tat org.testng.internal.MethodInvocationHelper.invokeMethod(MethodInvocationHelper.java:133)\r\n\tat org.testng.internal.TestInvoker.invokeMethod(TestInvoker.java:598)\r\n\tat org.testng.internal.TestInvoker.invokeTestMethod(TestInvoker.java:173)\r\n\tat org.testng.internal.MethodRunner.runInSequence(MethodRunner.java:46)\r\n\tat org.testng.internal.TestInvoker$MethodInvocationAgent.invoke(TestInvoker.java:824)\r\n\tat org.testng.internal.TestInvoker.invokeTestMethods(TestInvoker.java:146)\r\n\tat org.testng.internal.TestMethodWorker.invokeTestMethods(TestMethodWorker.java:146)\r\n\tat org.testng.internal.TestMethodWorker.run(TestMethodWorker.java:128)\r\n\tat java.base/java.util.ArrayList.forEach(ArrayList.java:1511)\r\n\tat org.testng.TestRunner.privateRun(TestRunner.java:794)\r\n\tat org.testng.TestRunner.run(TestRunner.java:596)\r\n\tat org.testng.SuiteRunner.runTest(SuiteRunner.java:377)\r\n\tat org.testng.SuiteRunner.runSequentially(SuiteRunner.java:371)\r\n\tat org.testng.SuiteRunner.privateRun(SuiteRunner.java:332)\r\n\tat org.testng.SuiteRunner.run(SuiteRunner.java:276)\r\n\tat org.testng.SuiteRunnerWorker.runSuite(SuiteRunnerWorker.java:53)\r\n\tat org.testng.SuiteRunnerWorker.run(SuiteRunnerWorker.java:96)\r\n\tat org.testng.TestNG.runSuitesSequentially(TestNG.java:1212)\r\n\tat org.testng.TestNG.runSuitesLocally(TestNG.java:1134)\r\n\tat org.testng.TestNG.runSuites(TestNG.java:1063)\r\n\tat org.testng.TestNG.run(TestNG.java:1031)\r\n\tat org.testng.remote.AbstractRemoteTestNG.run(AbstractRemoteTestNG.java:115)\r\n\tat org.testng.remote.RemoteTestNG.initAndRun(RemoteTestNG.java:251)\r\n\tat org.testng.remote.RemoteTestNG.main(RemoteTestNG.java:77)\r\nCaused by: org.openqa.selenium.NoSuchElementException: Unable to locate element: {\"method\":\"xpath\",\"selector\":\"//a[contains(text(),'InPatient Management')]\"}\nFor documentation on this error, please visit: http://seleniumhq.org/exceptions/no_such_element.html\nBuild info: version: '3.4.0', revision: 'unknown', time: 'unknown'\nSystem info: host: 'DESKTOP-D23LR3J', ip: '169.254.64.180', os.name: 'Windows 10', os.arch: 'amd64', os.version: '10.0', java.version: '16.0.2'\nDriver info: driver.version: unknown\r\n\tat <anonymous class>.FirefoxDriver.prototype.findElementInternal_(file:///C:/Users/KULVIR~1/AppData/Local/Temp/anonymous11502666246170680542webdriver-profile/extensions/fxdriver@googlecode.com/components/driver-component.js:11390)\r\n\tat <anonymous class>.FirefoxDriver.prototype.findElement(file:///C:/Users/KULVIR~1/AppData/Local/Temp/anonymous11502666246170680542webdriver-profile/extensions/fxdriver@googlecode.com/components/driver-component.js:11399)\r\n\tat <anonymous class>.DelayedCommand.prototype.executeInternal_/k(file:///C:/Users/KULVIR~1/AppData/Local/Temp/anonymous11502666246170680542webdriver-profile/extensions/fxdriver@googlecode.com/components/command-processor.js:12879)\r\n\tat <anonymous class>.DelayedCommand.prototype.executeInternal_(file:///C:/Users/KULVIR~1/AppData/Local/Temp/anonymous11502666246170680542webdriver-profile/extensions/fxdriver@googlecode.com/components/command-processor.js:12884)\r\n\tat <anonymous class>.DelayedCommand.prototype.execute/<(file:///C:/Users/KULVIR~1/AppData/Local/Temp/anonymous11502666246170680542webdriver-profile/extensions/fxdriver@googlecode.com/components/command-processor.js:12826)\r\n"},"stage":"finished","steps":[],"attachments":[],"parameters":[],"start":1649142558534,"stop":1649142586490,"uuid":"034851dd-3199-49ae-a0a7-b96132c5a1b1","historyId":"5b84ac30b7fb4ad25d01b762c559c7bb","fullName":"com.qa.tests.InpatientManagement_PrimaryDoctorChangeTest.PrimaryDoctorChange","labels":[{"name":"package","value":"com.qa.tests.InpatientManagement_PrimaryDoctorChangeTest"},{"name":"testClass","value":"com.qa.tests.InpatientManagement_PrimaryDoctorChangeTest"},{"name":"testMethod","value":"PrimaryDoctorChange"},{"name":"parentSuite","value":"Default suite"},{"name":"suite","value":"Default test"},{"name":"subSuite","value":"com.qa.tests.InpatientManagement_PrimaryDoctorChangeTest"},{"name":"host","value":"DESKTOP-D23LR3J"},{"name":"thread","value":"4380@DESKTOP-D23LR3J.main(1)"},{"name":"framework","value":"testng"},{"name":"language","value":"java"}],"links":[]}