{"uuid":"4fb7556f-d354-47bf-9ecf-723b08fb06c9","name":"Default test","children":["0ee1ffe9-bc07-48e6-9278-575bc3bd4879","2d12f13a-87eb-4f97-9c1d-aa0ec38a53b8","4aa7d493-df52-4b84-abb8-e2403845fb41","070c2bd7-a463-48fd-b529-cc1d5f66c619"],"befores":[],"afters":[{"name":"endtest","status":"broken","statusDetails":{"known":false,"muted":false,"flaky":false,"message":"Error communicating with the remote browser. It may have died.\nBuild info: version: '3.4.0', revision: 'unknown', time: 'unknown'\nSystem info: host: 'DESKTOP-D23LR3J', ip: '169.254.64.180', os.name: 'Windows 10', os.arch: 'amd64', os.version: '10.0', java.version: '16.0.2'\nDriver info: driver.version: RemoteWebDriver\nCapabilities [{applicationCacheEnabled=true, rotatable=false, handlesAlerts=true, databaseEnabled=true, version=40.0.3, platform=WINDOWS, nativeEvents=false, acceptSslCerts=true, webStorageEnabled=true, locationContextEnabled=true, browserName=firefox, takesScreenshot=true, javascriptEnabled=true, cssSelectorsEnabled=true}]\nSession ID: d0cdc050-1205-4f65-80b5-8cb2d5486275","trace":"org.openqa.selenium.remote.UnreachableBrowserException: Error communicating with the remote browser. It may have died.\nBuild info: version: '3.4.0', revision: 'unknown', time: 'unknown'\nSystem info: host: 'DESKTOP-D23LR3J', ip: '169.254.64.180', os.name: 'Windows 10', os.arch: 'amd64', os.version: '10.0', java.version: '16.0.2'\nDriver info: driver.version: RemoteWebDriver\nCapabilities [{applicationCacheEnabled=true, rotatable=false, handlesAlerts=true, databaseEnabled=true, version=40.0.3, platform=WINDOWS, nativeEvents=false, acceptSslCerts=true, webStorageEnabled=true, locationContextEnabled=true, browserName=firefox, takesScreenshot=true, javascriptEnabled=true, cssSelectorsEnabled=true}]\nSession ID: d0cdc050-1205-4f65-80b5-8cb2d5486275\r\n\tat org.openqa.selenium.remote.RemoteWebDriver.execute(RemoteWebDriver.java:658)\r\n\tat org.openqa.selenium.remote.RemoteWebDriver.execute(RemoteWebDriver.java:694)\r\n\tat org.openqa.selenium.remote.RemoteWebDriver.quit(RemoteWebDriver.java:533)\r\n\tat com.qa.tests.InpatientManagement_PrimaryDoctorChangeTest.endtest(InpatientManagement_PrimaryDoctorChangeTest.java:94)\r\n\tat java.base/jdk.internal.reflect.NativeMethodAccessorImpl.invoke0(Native Method)\r\n\tat java.base/jdk.internal.reflect.NativeMethodAccessorImpl.invoke(NativeMethodAccessorImpl.java:78)\r\n\tat java.base/jdk.internal.reflect.DelegatingMethodAccessorImpl.invoke(DelegatingMethodAccessorImpl.java:43)\r\n\tat java.base/java.lang.reflect.Method.invoke(Method.java:567)\r\n\tat org.testng.internal.MethodInvocationHelper.invokeMethod(MethodInvocationHelper.java:133)\r\n\tat org.testng.internal.MethodInvocationHelper.invokeMethodConsideringTimeout(MethodInvocationHelper.java:62)\r\n\tat org.testng.internal.ConfigInvoker.invokeConfigurationMethod(ConfigInvoker.java:385)\r\n\tat org.testng.internal.ConfigInvoker.invokeConfigurations(ConfigInvoker.java:321)\r\n\tat org.testng.TestRunner.invokeTestConfigurations(TestRunner.java:637)\r\n\tat org.testng.TestRunner.afterRun(TestRunner.java:877)\r\n\tat org.testng.TestRunner.run(TestRunner.java:599)\r\n\tat org.testng.SuiteRunner.runTest(SuiteRunner.java:377)\r\n\tat org.testng.SuiteRunner.runSequentially(SuiteRunner.java:371)\r\n\tat org.testng.SuiteRunner.privateRun(SuiteRunner.java:332)\r\n\tat org.testng.SuiteRunner.run(SuiteRunner.java:276)\r\n\tat org.testng.SuiteRunnerWorker.runSuite(SuiteRunnerWorker.java:53)\r\n\tat org.testng.SuiteRunnerWorker.run(SuiteRunnerWorker.java:96)\r\n\tat org.testng.TestNG.runSuitesSequentially(TestNG.java:1212)\r\n\tat org.testng.TestNG.runSuitesLocally(TestNG.java:1134)\r\n\tat org.testng.TestNG.runSuites(TestNG.java:1063)\r\n\tat org.testng.TestNG.run(TestNG.java:1031)\r\n\tat org.testng.remote.AbstractRemoteTestNG.run(AbstractRemoteTestNG.java:115)\r\n\tat org.testng.remote.RemoteTestNG.initAndRun(RemoteTestNG.java:251)\r\n\tat org.testng.remote.RemoteTestNG.main(RemoteTestNG.java:77)\r\nCaused by: java.lang.RuntimeException: Process refused to die after 10 seconds, and couldn't taskkill it: Couldn't detect pid\r\n\tat org.openqa.selenium.os.ProcessUtils.killWinProcess(ProcessUtils.java:133)\r\n\tat org.openqa.selenium.os.ProcessUtils.killProcess(ProcessUtils.java:81)\r\n\tat org.openqa.selenium.os.UnixProcess$SeleniumWatchDog.destroyHarder(UnixProcess.java:246)\r\n\tat org.openqa.selenium.os.UnixProcess$SeleniumWatchDog.access$200(UnixProcess.java:200)\r\n\tat org.openqa.selenium.os.UnixProcess.destroy(UnixProcess.java:126)\r\n\tat org.openqa.selenium.os.CommandLine.destroy(CommandLine.java:153)\r\n\tat org.openqa.selenium.firefox.FirefoxBinary.quit(FirefoxBinary.java:333)\r\n\tat org.openqa.selenium.firefox.XpiDriverService.stop(XpiDriverService.java:104)\r\n\tat org.openqa.selenium.remote.service.DriverCommandExecutor.execute(DriverCommandExecutor.java:94)\r\n\tat org.openqa.selenium.remote.RemoteWebDriver.execute(RemoteWebDriver.java:637)\r\n\t... 27 more\r\nCaused by: java.lang.RuntimeException: Couldn't detect pid\r\n\tat org.openqa.selenium.os.ProcessUtils.getProcessId(ProcessUtils.java:195)\r\n\tat org.openqa.selenium.os.ProcessUtils.killWinProcess(ProcessUtils.java:128)\r\n\t... 36 more\r\nCaused by: java.lang.reflect.InaccessibleObjectException: Unable to make field private final long java.lang.ProcessImpl.handle accessible: module java.base does not \"opens java.lang\" to unnamed module @2096442d\r\n\tat java.base/java.lang.reflect.AccessibleObject.checkCanSetAccessible(AccessibleObject.java:357)\r\n\tat java.base/java.lang.reflect.AccessibleObject.checkCanSetAccessible(AccessibleObject.java:297)\r\n\tat java.base/java.lang.reflect.Field.checkCanSetAccessible(Field.java:177)\r\n\tat java.base/java.lang.reflect.Field.setAccessible(Field.java:171)\r\n\tat org.openqa.selenium.os.ProcessUtils.getProcessId(ProcessUtils.java:181)\r\n\t... 37 more\r\n"},"stage":"finished","description":"","steps":[],"attachments":[],"parameters":[],"start":1649143157529,"stop":1649143157570}],"links":[],"start":1649142965803,"stop":1649143157614}