{"uuid":"7b5e7b8c-2254-403a-83fe-e2e336c5ff40","name":"com.qa.tests.UHIDPageTest","children":["037ef8e0-0a7a-4014-ad01-b8ddb6a9326a","da934a76-dc22-4ba6-b607-b117d9221aa4","3a8b1d71-0a96-4440-8dbe-03e79a742f47","5b940b79-e31d-48b8-ac7e-a4202e92fbe5","a3610c91-890d-46e3-823f-dc82e5472d83","ce7de1ef-964b-4abc-b0c4-a30fb35ec6e0","0e3d6017-57b3-4ae5-bd9e-0b9db6810676","71b86d2f-3e45-474d-a65a-6f6e09d7f964"],"befores":[{"name":"setuptest","status":"broken","statusDetails":{"known":false,"muted":false,"flaky":false,"message":"Failed to connect to binary FirefoxBinary(C:\\Program Files\\Mozilla Firefox\\firefox.exe) on port 7055; process output follows: \nJavaScript error: resource://gre/modules/XULStore.jsm, line 66: Error: Can't find profile directory.\r\n\nBuild info: version: '2.53.0', revision: '35ae25b1534ae328c771e0856c93e187490ca824', time: '2016-03-15 10:43:46'\nSystem info: host: 'DESKTOP-D23LR3J', ip: '169.254.64.180', os.name: 'Windows 10', os.arch: 'amd64', os.version: '10.0', java.version: '16.0.2'\nDriver info: driver.version: FirefoxDriver","trace":"org.openqa.selenium.WebDriverException: Failed to connect to binary FirefoxBinary(C:\\Program Files\\Mozilla Firefox\\firefox.exe) on port 7055; process output follows: \nJavaScript error: resource://gre/modules/XULStore.jsm, line 66: Error: Can't find profile directory.\r\n\nBuild info: version: '2.53.0', revision: '35ae25b1534ae328c771e0856c93e187490ca824', time: '2016-03-15 10:43:46'\nSystem info: host: 'DESKTOP-D23LR3J', ip: '169.254.64.180', os.name: 'Windows 10', os.arch: 'amd64', os.version: '10.0', java.version: '16.0.2'\nDriver info: driver.version: FirefoxDriver\r\n\tat org.openqa.selenium.firefox.internal.NewProfileExtensionConnection.start(NewProfileExtensionConnection.java:125)\r\n\tat org.openqa.selenium.firefox.FirefoxDriver.startClient(FirefoxDriver.java:271)\r\n\tat org.openqa.selenium.remote.RemoteWebDriver.<init>(RemoteWebDriver.java:119)\r\n\tat org.openqa.selenium.firefox.FirefoxDriver.<init>(FirefoxDriver.java:216)\r\n\tat org.openqa.selenium.firefox.FirefoxDriver.<init>(FirefoxDriver.java:211)\r\n\tat org.openqa.selenium.firefox.FirefoxDriver.<init>(FirefoxDriver.java:207)\r\n\tat org.openqa.selenium.firefox.FirefoxDriver.<init>(FirefoxDriver.java:120)\r\n\tat com.qa.tests.BaseTest.setuptest(BaseTest.java:86)\r\n\tat java.base/jdk.internal.reflect.NativeMethodAccessorImpl.invoke0(Native Method)\r\n\tat java.base/jdk.internal.reflect.NativeMethodAccessorImpl.invoke(NativeMethodAccessorImpl.java:78)\r\n\tat java.base/jdk.internal.reflect.DelegatingMethodAccessorImpl.invoke(DelegatingMethodAccessorImpl.java:43)\r\n\tat java.base/java.lang.reflect.Method.invoke(Method.java:567)\r\n\tat org.testng.internal.MethodInvocationHelper.invokeMethod(MethodInvocationHelper.java:133)\r\n\tat org.testng.internal.MethodInvocationHelper.invokeMethodConsideringTimeout(MethodInvocationHelper.java:62)\r\n\tat org.testng.internal.ConfigInvoker.invokeConfigurationMethod(ConfigInvoker.java:385)\r\n\tat org.testng.internal.ConfigInvoker.invokeConfigurations(ConfigInvoker.java:321)\r\n\tat org.testng.internal.TestMethodWorker.invokeBeforeClassMethods(TestMethodWorker.java:176)\r\n\tat org.testng.internal.TestMethodWorker.run(TestMethodWorker.java:122)\r\n\tat java.base/java.util.ArrayList.forEach(ArrayList.java:1511)\r\n\tat org.testng.TestRunner.privateRun(TestRunner.java:794)\r\n\tat org.testng.TestRunner.run(TestRunner.java:596)\r\n\tat org.testng.SuiteRunner.runTest(SuiteRunner.java:377)\r\n\tat org.testng.SuiteRunner.runSequentially(SuiteRunner.java:371)\r\n\tat org.testng.SuiteRunner.privateRun(SuiteRunner.java:332)\r\n\tat org.testng.SuiteRunner.run(SuiteRunner.java:276)\r\n\tat org.testng.SuiteRunnerWorker.runSuite(SuiteRunnerWorker.java:53)\r\n\tat org.testng.SuiteRunnerWorker.run(SuiteRunnerWorker.java:96)\r\n\tat org.testng.TestNG.runSuitesSequentially(TestNG.java:1212)\r\n\tat org.testng.TestNG.runSuitesLocally(TestNG.java:1134)\r\n\tat org.testng.TestNG.runSuites(TestNG.java:1063)\r\n\tat org.testng.TestNG.run(TestNG.java:1031)\r\n\tat org.testng.remote.AbstractRemoteTestNG.run(AbstractRemoteTestNG.java:115)\r\n\tat org.testng.remote.RemoteTestNG.initAndRun(RemoteTestNG.java:251)\r\n\tat org.testng.remote.RemoteTestNG.main(RemoteTestNG.java:77)\r\nCaused by: org.openqa.selenium.firefox.NotConnectedException: Unable to connect to host 127.0.0.1 on port 7055 after 45000 ms. Firefox console output:\nJavaScript error: resource://gre/modules/XULStore.jsm, line 66: Error: Can't find profile directory.\r\n\r\n\tat org.openqa.selenium.firefox.internal.NewProfileExtensionConnection.start(NewProfileExtensionConnection.java:113)\r\n\t... 33 more\r\n"},"stage":"finished","description":"","steps":[],"attachments":[],"parameters":[],"start":1648558777287,"stop":1648558824907}],"afters":[{"name":"teardown","status":"broken","stage":"finished","description":"","steps":[],"attachments":[],"parameters":[],"start":1648558825099,"stop":1648558825099}],"links":[],"start":1648558777268,"stop":1648558825150}