{"uuid":"83391763-52ef-4878-a640-994a4450d200","name":"com.qa.tests.CertificationGenrationtest","children":["94f42dfc-0c8c-46da-af58-3fe90be46359","decc2341-2817-4ad3-b372-1190ae5d426d","26ee28bb-4ba7-48fa-9e76-3a1c7f9b331e","e6e06c33-d6e2-44ea-a0d6-64ed931c4e19"],"befores":[{"name":"setuptest","status":"passed","stage":"finished","description":"","steps":[],"attachments":[],"parameters":[],"start":1637745580338,"stop":1637745585701}],"afters":[{"name":"teardown","status":"broken","statusDetails":{"known":false,"muted":false,"flaky":false,"message":"Process refused to die after 10 seconds, and couldn't taskkill it: Unable to make field private final long java.lang.ProcessImpl.handle accessible: module java.base does not \"opens java.lang\" to unnamed module @2096442d","trace":"java.lang.RuntimeException: Process refused to die after 10 seconds, and couldn't taskkill it: Unable to make field private final long java.lang.ProcessImpl.handle accessible: module java.base does not \"opens java.lang\" to unnamed module @2096442d\r\n\tat org.openqa.selenium.os.ProcessUtils.killWinProcess(ProcessUtils.java:143)\r\n\tat org.openqa.selenium.os.ProcessUtils.killProcess(ProcessUtils.java:81)\r\n\tat org.openqa.selenium.os.UnixProcess$SeleniumWatchDog.destroyHarder(UnixProcess.java:247)\r\n\tat org.openqa.selenium.os.UnixProcess$SeleniumWatchDog.access$200(UnixProcess.java:201)\r\n\tat org.openqa.selenium.os.UnixProcess.destroy(UnixProcess.java:125)\r\n\tat org.openqa.selenium.os.CommandLine.destroy(CommandLine.java:155)\r\n\tat org.openqa.selenium.firefox.FirefoxBinary.quit(FirefoxBinary.java:246)\r\n\tat org.openqa.selenium.firefox.internal.NewProfileExtensionConnection.quit(NewProfileExtensionConnection.java:194)\r\n\tat org.openqa.selenium.firefox.FirefoxDriver$LazyCommandExecutor.quit(FirefoxDriver.java:364)\r\n\tat org.openqa.selenium.firefox.FirefoxDriver.stopClient(FirefoxDriver.java:310)\r\n\tat org.openqa.selenium.remote.RemoteWebDriver.quit(RemoteWebDriver.java:529)\r\n\tat com.qa.tests.BaseTest.teardown(BaseTest.java:102)\r\n\tat java.base/jdk.internal.reflect.NativeMethodAccessorImpl.invoke0(Native Method)\r\n\tat java.base/jdk.internal.reflect.NativeMethodAccessorImpl.invoke(NativeMethodAccessorImpl.java:78)\r\n\tat java.base/jdk.internal.reflect.DelegatingMethodAccessorImpl.invoke(DelegatingMethodAccessorImpl.java:43)\r\n\tat java.base/java.lang.reflect.Method.invoke(Method.java:567)\r\n\tat org.testng.internal.MethodInvocationHelper.invokeMethod(MethodInvocationHelper.java:133)\r\n\tat org.testng.internal.MethodInvocationHelper.invokeMethodConsideringTimeout(MethodInvocationHelper.java:62)\r\n\tat org.testng.internal.ConfigInvoker.invokeConfigurationMethod(ConfigInvoker.java:385)\r\n\tat org.testng.internal.ConfigInvoker.invokeConfigurations(ConfigInvoker.java:321)\r\n\tat org.testng.internal.TestMethodWorker.invokeAfterClassMethods(TestMethodWorker.java:217)\r\n\tat org.testng.internal.TestMethodWorker.run(TestMethodWorker.java:130)\r\n\tat java.base/java.util.ArrayList.forEach(ArrayList.java:1511)\r\n\tat org.testng.TestRunner.privateRun(TestRunner.java:794)\r\n\tat org.testng.TestRunner.run(TestRunner.java:596)\r\n\tat org.testng.SuiteRunner.runTest(SuiteRunner.java:377)\r\n\tat org.testng.SuiteRunner.runSequentially(SuiteRunner.java:371)\r\n\tat org.testng.SuiteRunner.privateRun(SuiteRunner.java:332)\r\n\tat org.testng.SuiteRunner.run(SuiteRunner.java:276)\r\n\tat org.testng.SuiteRunnerWorker.runSuite(SuiteRunnerWorker.java:53)\r\n\tat org.testng.SuiteRunnerWorker.run(SuiteRunnerWorker.java:96)\r\n\tat org.testng.TestNG.runSuitesSequentially(TestNG.java:1212)\r\n\tat org.testng.TestNG.runSuitesLocally(TestNG.java:1134)\r\n\tat org.testng.TestNG.runSuites(TestNG.java:1063)\r\n\tat org.testng.TestNG.run(TestNG.java:1031)\r\n\tat org.testng.remote.AbstractRemoteTestNG.run(AbstractRemoteTestNG.java:115)\r\n\tat org.testng.remote.RemoteTestNG.initAndRun(RemoteTestNG.java:251)\r\n\tat org.testng.remote.RemoteTestNG.main(RemoteTestNG.java:77)\r\nCaused by: java.lang.reflect.InaccessibleObjectException: Unable to make field private final long java.lang.ProcessImpl.handle accessible: module java.base does not \"opens java.lang\" to unnamed module @2096442d\r\n\tat java.base/java.lang.reflect.AccessibleObject.checkCanSetAccessible(AccessibleObject.java:357)\r\n\tat java.base/java.lang.reflect.AccessibleObject.checkCanSetAccessible(AccessibleObject.java:297)\r\n\tat java.base/java.lang.reflect.Field.checkCanSetAccessible(Field.java:177)\r\n\tat java.base/java.lang.reflect.Field.setAccessible(Field.java:171)\r\n\tat org.openqa.selenium.os.ProcessUtils.killWinProcess(ProcessUtils.java:130)\r\n\t... 37 more\r\n"},"stage":"finished","description":"","steps":[],"attachments":[],"parameters":[],"start":1637745808729,"stop":1637745808746}],"links":[],"start":1637745580318,"stop":1637745808788}