{"name":"DoTestCaseforIP_IntegtationToSynchronizationDataToHISScreen","status":"broken","statusDetails":{"known":false,"muted":false,"flaky":false,"message":"Unable to locate element: {\"method\":\"id\",\"selector\":\"ctl00_cphpage_hisLiveListControl_gdvInsurance_ctl06_chkUHID\"}\nCommand duration or timeout: 19 milliseconds\nFor documentation on this error, please visit: http://seleniumhq.org/exceptions/no_such_element.html\nBuild info: version: '2.53.0', revision: '35ae25b1534ae328c771e0856c93e187490ca824', time: '2016-03-15 10:43:46'\nSystem info: host: 'DESKTOP-D23LR3J', ip: '169.254.149.123', os.name: 'Windows 10', os.arch: 'amd64', os.version: '10.0', java.version: '16.0.2'\nDriver info: org.openqa.selenium.firefox.FirefoxDriver\nCapabilities [{applicationCacheEnabled=true, rotatable=false, handlesAlerts=true, databaseEnabled=true, version=40.0.3, platform=WINDOWS, nativeEvents=false, acceptSslCerts=true, webStorageEnabled=true, locationContextEnabled=true, browserName=firefox, takesScreenshot=true, javascriptEnabled=true, cssSelectorsEnabled=true}]\nSession ID: 09129b5c-1642-4c64-b8bb-dc7a534cd6cd\n*** Element info: {Using=id, value=ctl00_cphpage_hisLiveListControl_gdvInsurance_ctl06_chkUHID}","trace":"org.openqa.selenium.NoSuchElementException: Unable to locate element: {\"method\":\"id\",\"selector\":\"ctl00_cphpage_hisLiveListControl_gdvInsurance_ctl06_chkUHID\"}\nCommand duration or timeout: 19 milliseconds\nFor documentation on this error, please visit: http://seleniumhq.org/exceptions/no_such_element.html\nBuild info: version: '2.53.0', revision: '35ae25b1534ae328c771e0856c93e187490ca824', time: '2016-03-15 10:43:46'\nSystem info: host: 'DESKTOP-D23LR3J', ip: '169.254.149.123', os.name: 'Windows 10', os.arch: 'amd64', os.version: '10.0', java.version: '16.0.2'\nDriver info: org.openqa.selenium.firefox.FirefoxDriver\nCapabilities [{applicationCacheEnabled=true, rotatable=false, handlesAlerts=true, databaseEnabled=true, version=40.0.3, platform=WINDOWS, nativeEvents=false, acceptSslCerts=true, webStorageEnabled=true, locationContextEnabled=true, browserName=firefox, takesScreenshot=true, javascriptEnabled=true, cssSelectorsEnabled=true}]\nSession ID: 09129b5c-1642-4c64-b8bb-dc7a534cd6cd\n*** Element info: {Using=id, value=ctl00_cphpage_hisLiveListControl_gdvInsurance_ctl06_chkUHID}\r\n\tat java.base/jdk.internal.reflect.NativeConstructorAccessorImpl.newInstance0(Native Method)\r\n\tat java.base/jdk.internal.reflect.NativeConstructorAccessorImpl.newInstance(NativeConstructorAccessorImpl.java:78)\r\n\tat java.base/jdk.internal.reflect.DelegatingConstructorAccessorImpl.newInstance(DelegatingConstructorAccessorImpl.java:45)\r\n\tat java.base/java.lang.reflect.Constructor.newInstanceWithCaller(Constructor.java:499)\r\n\tat java.base/java.lang.reflect.Constructor.newInstance(Constructor.java:480)\r\n\tat org.openqa.selenium.remote.ErrorHandler.createThrowable(ErrorHandler.java:206)\r\n\tat org.openqa.selenium.remote.ErrorHandler.throwIfResponseFailed(ErrorHandler.java:158)\r\n\tat org.openqa.selenium.remote.RemoteWebDriver.execute(RemoteWebDriver.java:678)\r\n\tat org.openqa.selenium.remote.RemoteWebDriver.findElement(RemoteWebDriver.java:363)\r\n\tat org.openqa.selenium.remote.RemoteWebDriver.findElementById(RemoteWebDriver.java:413)\r\n\tat org.openqa.selenium.By$ById.findElement(By.java:218)\r\n\tat org.openqa.selenium.remote.RemoteWebDriver.findElement(RemoteWebDriver.java:355)\r\n\tat com.qa.tests.DC_DR_Activity_Integration_Testing_for_IP_Number.DoTestCaseforIP_IntegtationToSynchronizationDataToHISScreen(DC_DR_Activity_Integration_Testing_for_IP_Number.java:146)\r\n\tat java.base/jdk.internal.reflect.NativeMethodAccessorImpl.invoke0(Native Method)\r\n\tat java.base/jdk.internal.reflect.NativeMethodAccessorImpl.invoke(NativeMethodAccessorImpl.java:78)\r\n\tat java.base/jdk.internal.reflect.DelegatingMethodAccessorImpl.invoke(DelegatingMethodAccessorImpl.java:43)\r\n\tat java.base/java.lang.reflect.Method.invoke(Method.java:567)\r\n\tat org.testng.internal.MethodInvocationHelper.invokeMethod(MethodInvocationHelper.java:133)\r\n\tat org.testng.internal.TestInvoker.invokeMethod(TestInvoker.java:598)\r\n\tat org.testng.internal.TestInvoker.invokeTestMethod(TestInvoker.java:173)\r\n\tat org.testng.internal.MethodRunner.runInSequence(MethodRunner.java:46)\r\n\tat org.testng.internal.TestInvoker$MethodInvocationAgent.invoke(TestInvoker.java:824)\r\n\tat org.testng.internal.TestInvoker.invokeTestMethods(TestInvoker.java:146)\r\n\tat org.testng.internal.TestMethodWorker.invokeTestMethods(TestMethodWorker.java:146)\r\n\tat org.testng.internal.TestMethodWorker.run(TestMethodWorker.java:128)\r\n\tat java.base/java.util.ArrayList.forEach(ArrayList.java:1511)\r\n\tat org.testng.TestRunner.privateRun(TestRunner.java:794)\r\n\tat org.testng.TestRunner.run(TestRunner.java:596)\r\n\tat org.testng.SuiteRunner.runTest(SuiteRunner.java:377)\r\n\tat org.testng.SuiteRunner.runSequentially(SuiteRunner.java:371)\r\n\tat org.testng.SuiteRunner.privateRun(SuiteRunner.java:332)\r\n\tat org.testng.SuiteRunner.run(SuiteRunner.java:276)\r\n\tat org.testng.SuiteRunnerWorker.runSuite(SuiteRunnerWorker.java:53)\r\n\tat org.testng.SuiteRunnerWorker.run(SuiteRunnerWorker.java:96)\r\n\tat org.testng.TestNG.runSuitesSequentially(TestNG.java:1212)\r\n\tat org.testng.TestNG.runSuitesLocally(TestNG.java:1134)\r\n\tat org.testng.TestNG.runSuites(TestNG.java:1063)\r\n\tat org.testng.TestNG.run(TestNG.java:1031)\r\n\tat org.testng.remote.AbstractRemoteTestNG.run(AbstractRemoteTestNG.java:115)\r\n\tat org.testng.remote.RemoteTestNG.initAndRun(RemoteTestNG.java:251)\r\n\tat org.testng.remote.RemoteTestNG.main(RemoteTestNG.java:77)\r\nCaused by: org.openqa.selenium.NoSuchElementException: Unable to locate element: {\"method\":\"id\",\"selector\":\"ctl00_cphpage_hisLiveListControl_gdvInsurance_ctl06_chkUHID\"}\nFor documentation on this error, please visit: http://seleniumhq.org/exceptions/no_such_element.html\nBuild info: version: '2.53.0', revision: '35ae25b1534ae328c771e0856c93e187490ca824', time: '2016-03-15 10:43:46'\nSystem info: host: 'DESKTOP-D23LR3J', ip: '169.254.149.123', os.name: 'Windows 10', os.arch: 'amd64', os.version: '10.0', java.version: '16.0.2'\nDriver info: driver.version: unknown\r\n\tat <anonymous class>.FirefoxDriver.prototype.findElementInternal_(file:///C:/Users/KULVIR~1/AppData/Local/Temp/anonymous4790497582178949844webdriver-profile/extensions/fxdriver@googlecode.com/components/driver-component.js:10770)\r\n\tat <anonymous class>.FirefoxDriver.prototype.findElement(file:///C:/Users/KULVIR~1/AppData/Local/Temp/anonymous4790497582178949844webdriver-profile/extensions/fxdriver@googlecode.com/components/driver-component.js:10779)\r\n\tat <anonymous class>.DelayedCommand.prototype.executeInternal_/h(file:///C:/Users/KULVIR~1/AppData/Local/Temp/anonymous4790497582178949844webdriver-profile/extensions/fxdriver@googlecode.com/components/command-processor.js:12661)\r\n\tat <anonymous class>.DelayedCommand.prototype.executeInternal_(file:///C:/Users/KULVIR~1/AppData/Local/Temp/anonymous4790497582178949844webdriver-profile/extensions/fxdriver@googlecode.com/components/command-processor.js:12666)\r\n\tat <anonymous class>.DelayedCommand.prototype.execute/<(file:///C:/Users/KULVIR~1/AppData/Local/Temp/anonymous4790497582178949844webdriver-profile/extensions/fxdriver@googlecode.com/components/command-processor.js:12608)\r\n"},"stage":"finished","steps":[],"attachments":[],"parameters":[],"start":1639539960027,"stop":1639539964724,"uuid":"8a893206-ae32-4dac-bb16-99ac469ddb47","historyId":"d1a2fb5c845b37caa27f2acec96935f4","fullName":"com.qa.tests.DC_DR_Activity_Integration_Testing_for_IP_Number.DoTestCaseforIP_IntegtationToSynchronizationDataToHISScreen","labels":[{"name":"package","value":"com.qa.tests.DC_DR_Activity_Integration_Testing_for_IP_Number"},{"name":"testClass","value":"com.qa.tests.DC_DR_Activity_Integration_Testing_for_IP_Number"},{"name":"testMethod","value":"DoTestCaseforIP_IntegtationToSynchronizationDataToHISScreen"},{"name":"parentSuite","value":"Default suite"},{"name":"suite","value":"Default test"},{"name":"subSuite","value":"com.qa.tests.DC_DR_Activity_Integration_Testing_for_IP_Number"},{"name":"host","value":"DESKTOP-D23LR3J"},{"name":"thread","value":"10276@DESKTOP-D23LR3J.main(1)"},{"name":"framework","value":"testng"},{"name":"language","value":"java"}],"links":[]}