{"name":"endtest","status":"broken","statusDetails":{"known":false,"muted":false,"flaky":false,"message":"Process refused to die after 10 seconds, and couldn't taskkill it: Unable to make field private final long java.lang.ProcessImpl.handle accessible: module java.base does not \"opens java.lang\" to unnamed module @2096442d","trace":"java.lang.RuntimeException: Process refused to die after 10 seconds, and couldn't taskkill it: Unable to make field private final long java.lang.ProcessImpl.handle accessible: module java.base does not \"opens java.lang\" to unnamed module @2096442d\r\n\tat org.openqa.selenium.os.ProcessUtils.killWinProcess(ProcessUtils.java:143)\r\n\tat org.openqa.selenium.os.ProcessUtils.killProcess(ProcessUtils.java:81)\r\n\tat org.openqa.selenium.os.UnixProcess$SeleniumWatchDog.destroyHarder(UnixProcess.java:247)\r\n\tat org.openqa.selenium.os.UnixProcess$SeleniumWatchDog.access$200(UnixProcess.java:201)\r\n\tat org.openqa.selenium.os.UnixProcess.destroy(UnixProcess.java:125)\r\n\tat org.openqa.selenium.os.CommandLine.destroy(CommandLine.java:155)\r\n\tat org.openqa.selenium.firefox.FirefoxBinary.quit(FirefoxBinary.java:246)\r\n\tat org.openqa.selenium.firefox.internal.NewProfileExtensionConnection.quit(NewProfileExtensionConnection.java:194)\r\n\tat org.openqa.selenium.firefox.FirefoxDriver$LazyCommandExecutor.quit(FirefoxDriver.java:364)\r\n\tat org.openqa.selenium.firefox.FirefoxDriver.stopClient(FirefoxDriver.java:310)\r\n\tat org.openqa.selenium.remote.RemoteWebDriver.quit(RemoteWebDriver.java:529)\r\n\tat com.qa.tests.InpatientManagement_IntakeOutputEntryTest.endtest(InpatientManagement_IntakeOutputEntryTest.java:67)\r\n\tat java.base/jdk.internal.reflect.NativeMethodAccessorImpl.invoke0(Native Method)\r\n\tat java.base/jdk.internal.reflect.NativeMethodAccessorImpl.invoke(NativeMethodAccessorImpl.java:78)\r\n\tat java.base/jdk.internal.reflect.DelegatingMethodAccessorImpl.invoke(DelegatingMethodAccessorImpl.java:43)\r\n\tat java.base/java.lang.reflect.Method.invoke(Method.java:567)\r\n\tat org.testng.internal.MethodInvocationHelper.invokeMethod(MethodInvocationHelper.java:133)\r\n\tat org.testng.internal.MethodInvocationHelper.invokeMethodConsideringTimeout(MethodInvocationHelper.java:62)\r\n\tat org.testng.internal.ConfigInvoker.invokeConfigurationMethod(ConfigInvoker.java:385)\r\n\tat org.testng.internal.ConfigInvoker.invokeConfigurations(ConfigInvoker.java:321)\r\n\tat org.testng.TestRunner.invokeTestConfigurations(TestRunner.java:637)\r\n\tat org.testng.TestRunner.afterRun(TestRunner.java:877)\r\n\tat org.testng.TestRunner.run(TestRunner.java:599)\r\n\tat org.testng.SuiteRunner.runTest(SuiteRunner.java:377)\r\n\tat org.testng.SuiteRunner.runSequentially(SuiteRunner.java:371)\r\n\tat org.testng.SuiteRunner.privateRun(SuiteRunner.java:332)\r\n\tat org.testng.SuiteRunner.run(SuiteRunner.java:276)\r\n\tat org.testng.SuiteRunnerWorker.runSuite(SuiteRunnerWorker.java:53)\r\n\tat org.testng.SuiteRunnerWorker.run(SuiteRunnerWorker.java:96)\r\n\tat org.testng.TestNG.runSuitesSequentially(TestNG.java:1212)\r\n\tat org.testng.TestNG.runSuitesLocally(TestNG.java:1134)\r\n\tat org.testng.TestNG.runSuites(TestNG.java:1063)\r\n\tat org.testng.TestNG.run(TestNG.java:1031)\r\n\tat org.testng.remote.AbstractRemoteTestNG.run(AbstractRemoteTestNG.java:115)\r\n\tat org.testng.remote.RemoteTestNG.initAndRun(RemoteTestNG.java:251)\r\n\tat org.testng.remote.RemoteTestNG.main(RemoteTestNG.java:77)\r\nCaused by: java.lang.reflect.InaccessibleObjectException: Unable to make field private final long java.lang.ProcessImpl.handle accessible: module java.base does not \"opens java.lang\" to unnamed module @2096442d\r\n\tat java.base/java.lang.reflect.AccessibleObject.checkCanSetAccessible(AccessibleObject.java:357)\r\n\tat java.base/java.lang.reflect.AccessibleObject.checkCanSetAccessible(AccessibleObject.java:297)\r\n\tat java.base/java.lang.reflect.Field.checkCanSetAccessible(Field.java:177)\r\n\tat java.base/java.lang.reflect.Field.setAccessible(Field.java:171)\r\n\tat org.openqa.selenium.os.ProcessUtils.killWinProcess(ProcessUtils.java:130)\r\n\t... 35 more\r\n"},"stage":"finished","steps":[],"attachments":[],"parameters":[],"start":1638526174296,"stop":1638526174296,"uuid":"a1e7ce49-aa60-42ef-aeb5-bba5f920788f","historyId":"7e121553b4a907b4e5f6e37887f71775","fullName":"com.qa.tests.InpatientManagement_IntakeOutputEntryTest.endtest","labels":[{"name":"package","value":"com.qa.tests.InpatientManagement_IntakeOutputEntryTest"},{"name":"testClass","value":"com.qa.tests.InpatientManagement_IntakeOutputEntryTest"},{"name":"testMethod","value":"endtest"},{"name":"parentSuite","value":"Default suite"},{"name":"suite","value":"Default test"},{"name":"subSuite","value":"com.qa.tests.InpatientManagement_IntakeOutputEntryTest"},{"name":"host","value":"DESKTOP-D23LR3J"},{"name":"thread","value":"12428@DESKTOP-D23LR3J.main(1)"},{"name":"framework","value":"testng"},{"name":"language","value":"java"}],"links":[]}