{"name":"teardown","status":"broken","statusDetails":{"known":false,"muted":false,"flaky":false,"message":"Window not found. The browser window may have been closed.\nCommand duration or timeout: 5 milliseconds\nBuild info: version: '2.53.0', revision: '35ae25b1534ae328c771e0856c93e187490ca824', time: '2016-03-15 10:43:46'\nSystem info: host: 'DESKTOP-D23LR3J', ip: '169.254.64.180', os.name: 'Windows 10', os.arch: 'amd64', os.version: '10.0', java.version: '16.0.2'\nDriver info: org.openqa.selenium.firefox.FirefoxDriver\nCapabilities [{applicationCacheEnabled=true, rotatable=false, handlesAlerts=true, databaseEnabled=true, version=40.0.3, platform=WINDOWS, nativeEvents=false, acceptSslCerts=true, webStorageEnabled=true, locationContextEnabled=true, browserName=firefox, takesScreenshot=true, javascriptEnabled=true, cssSelectorsEnabled=true}]\nSession ID: 20e1d69e-f231-44f0-8e44-244d16b79ac9","trace":"org.openqa.selenium.NoSuchWindowException: Window not found. The browser window may have been closed.\nCommand duration or timeout: 5 milliseconds\nBuild info: version: '2.53.0', revision: '35ae25b1534ae328c771e0856c93e187490ca824', time: '2016-03-15 10:43:46'\nSystem info: host: 'DESKTOP-D23LR3J', ip: '169.254.64.180', os.name: 'Windows 10', os.arch: 'amd64', os.version: '10.0', java.version: '16.0.2'\nDriver info: org.openqa.selenium.firefox.FirefoxDriver\nCapabilities [{applicationCacheEnabled=true, rotatable=false, handlesAlerts=true, databaseEnabled=true, version=40.0.3, platform=WINDOWS, nativeEvents=false, acceptSslCerts=true, webStorageEnabled=true, locationContextEnabled=true, browserName=firefox, takesScreenshot=true, javascriptEnabled=true, cssSelectorsEnabled=true}]\nSession ID: 20e1d69e-f231-44f0-8e44-244d16b79ac9\r\n\tat java.base/jdk.internal.reflect.NativeConstructorAccessorImpl.newInstance0(Native Method)\r\n\tat java.base/jdk.internal.reflect.NativeConstructorAccessorImpl.newInstance(NativeConstructorAccessorImpl.java:78)\r\n\tat java.base/jdk.internal.reflect.DelegatingConstructorAccessorImpl.newInstance(DelegatingConstructorAccessorImpl.java:45)\r\n\tat java.base/java.lang.reflect.Constructor.newInstanceWithCaller(Constructor.java:499)\r\n\tat java.base/java.lang.reflect.Constructor.newInstance(Constructor.java:480)\r\n\tat org.openqa.selenium.remote.ErrorHandler.createThrowable(ErrorHandler.java:206)\r\n\tat org.openqa.selenium.remote.ErrorHandler.throwIfResponseFailed(ErrorHandler.java:158)\r\n\tat org.openqa.selenium.remote.RemoteWebDriver.execute(RemoteWebDriver.java:678)\r\n\tat org.openqa.selenium.remote.RemoteWebDriver$RemoteTargetLocator.defaultContent(RemoteWebDriver.java:1039)\r\n\tat com.qa.tests.BaseTest.teardown(BaseTest.java:104)\r\n\tat java.base/jdk.internal.reflect.NativeMethodAccessorImpl.invoke0(Native Method)\r\n\tat java.base/jdk.internal.reflect.NativeMethodAccessorImpl.invoke(NativeMethodAccessorImpl.java:78)\r\n\tat java.base/jdk.internal.reflect.DelegatingMethodAccessorImpl.invoke(DelegatingMethodAccessorImpl.java:43)\r\n\tat java.base/java.lang.reflect.Method.invoke(Method.java:567)\r\n\tat org.testng.internal.MethodInvocationHelper.invokeMethod(MethodInvocationHelper.java:133)\r\n\tat org.testng.internal.MethodInvocationHelper.invokeMethodConsideringTimeout(MethodInvocationHelper.java:62)\r\n\tat org.testng.internal.ConfigInvoker.invokeConfigurationMethod(ConfigInvoker.java:385)\r\n\tat org.testng.internal.ConfigInvoker.invokeConfigurations(ConfigInvoker.java:321)\r\n\tat org.testng.internal.TestMethodWorker.invokeAfterClassMethods(TestMethodWorker.java:217)\r\n\tat org.testng.internal.TestMethodWorker.run(TestMethodWorker.java:130)\r\n\tat java.base/java.util.ArrayList.forEach(ArrayList.java:1511)\r\n\tat org.testng.TestRunner.privateRun(TestRunner.java:794)\r\n\tat org.testng.TestRunner.run(TestRunner.java:596)\r\n\tat org.testng.SuiteRunner.runTest(SuiteRunner.java:377)\r\n\tat org.testng.SuiteRunner.runSequentially(SuiteRunner.java:371)\r\n\tat org.testng.SuiteRunner.privateRun(SuiteRunner.java:332)\r\n\tat org.testng.SuiteRunner.run(SuiteRunner.java:276)\r\n\tat org.testng.SuiteRunnerWorker.runSuite(SuiteRunnerWorker.java:53)\r\n\tat org.testng.SuiteRunnerWorker.run(SuiteRunnerWorker.java:96)\r\n\tat org.testng.TestNG.runSuitesSequentially(TestNG.java:1212)\r\n\tat org.testng.TestNG.runSuitesLocally(TestNG.java:1134)\r\n\tat org.testng.TestNG.runSuites(TestNG.java:1063)\r\n\tat org.testng.TestNG.run(TestNG.java:1031)\r\n\tat org.testng.remote.AbstractRemoteTestNG.run(AbstractRemoteTestNG.java:115)\r\n\tat org.testng.remote.RemoteTestNG.initAndRun(RemoteTestNG.java:251)\r\n\tat org.testng.remote.RemoteTestNG.main(RemoteTestNG.java:77)\r\nCaused by: org.openqa.selenium.NoSuchWindowException: Window not found. The browser window may have been closed.\nBuild info: version: '2.53.0', revision: '35ae25b1534ae328c771e0856c93e187490ca824', time: '2016-03-15 10:43:46'\nSystem info: host: 'DESKTOP-D23LR3J', ip: '169.254.64.180', os.name: 'Windows 10', os.arch: 'amd64', os.version: '10.0', java.version: '16.0.2'\nDriver info: driver.version: unknown\r\n\tat <anonymous class>.nsCommandProcessor.prototype.execute(file:///C:/Users/KULVIR~1/AppData/Local/Temp/anonymous11979731075605303475webdriver-profile/extensions/fxdriver@googlecode.com/components/command-processor.js:12715)\r\n\tat <anonymous class>.Dispatcher.executeAs/<(file:///C:/Users/KULVIR~1/AppData/Local/Temp/anonymous11979731075605303475webdriver-profile/extensions/fxdriver@googlecode.com/components/driver-component.js:9558)\r\n\tat <anonymous class>.Resource.prototype.handle(file:///C:/Users/KULVIR~1/AppData/Local/Temp/anonymous11979731075605303475webdriver-profile/extensions/fxdriver@googlecode.com/components/driver-component.js:9705)\r\n\tat <anonymous class>.Dispatcher.prototype.dispatch(file:///C:/Users/KULVIR~1/AppData/Local/Temp/anonymous11979731075605303475webdriver-profile/extensions/fxdriver@googlecode.com/components/driver-component.js:9652)\r\n\tat <anonymous class>.WebDriverServer/<.handle(file:///C:/Users/KULVIR~1/AppData/Local/Temp/anonymous11979731075605303475webdriver-profile/extensions/fxdriver@googlecode.com/components/driver-component.js:12517)\r\n\tat <anonymous class>.createHandlerFunc/<(file:///C:/Users/KULVIR~1/AppData/Local/Temp/anonymous11979731075605303475webdriver-profile/extensions/fxdriver@googlecode.com/components/httpd.js:2054)\r\n\tat <anonymous class>.ServerHandler.prototype.handleResponse(file:///C:/Users/KULVIR~1/AppData/Local/Temp/anonymous11979731075605303475webdriver-profile/extensions/fxdriver@googlecode.com/components/httpd.js:2387)\r\n\tat <anonymous class>.Connection.prototype.process(file:///C:/Users/KULVIR~1/AppData/Local/Temp/anonymous11979731075605303475webdriver-profile/extensions/fxdriver@googlecode.com/components/httpd.js:1223)\r\n\tat <anonymous class>.RequestReader.prototype._handleResponse(file:///C:/Users/KULVIR~1/AppData/Local/Temp/anonymous11979731075605303475webdriver-profile/extensions/fxdriver@googlecode.com/components/httpd.js:1677)\r\n\tat <anonymous class>.RequestReader.prototype._processBody(file:///C:/Users/KULVIR~1/AppData/Local/Temp/anonymous11979731075605303475webdriver-profile/extensions/fxdriver@googlecode.com/components/httpd.js:1525)\r\n\tat <anonymous class>.RequestReader.prototype.onInputStreamReady(file:///C:/Users/KULVIR~1/AppData/Local/Temp/anonymous11979731075605303475webdriver-profile/extensions/fxdriver@googlecode.com/components/httpd.js:1393)\r\n"},"stage":"finished","steps":[],"attachments":[],"parameters":[],"start":1641208682717,"stop":1641208682718,"uuid":"a2ad46db-b92c-4169-bcc3-55c8b04f721c","historyId":"4dc76208ebcaa36278dff6a53311b705","fullName":"com.qa.tests.BaseTest.teardown","labels":[{"name":"package","value":"com.qa.tests.CDRTest"},{"name":"testClass","value":"com.qa.tests.CDRTest"},{"name":"testMethod","value":"teardown"},{"name":"parentSuite","value":"Suite"},{"name":"suite","value":"Test1"},{"name":"subSuite","value":"com.qa.tests.CDRTest"},{"name":"host","value":"DESKTOP-D23LR3J"},{"name":"thread","value":"7156@DESKTOP-D23LR3J.main(1)"},{"name":"framework","value":"testng"},{"name":"language","value":"java"}],"links":[]}