{"name":"IntakeOutputEntry","status":"broken","statusDetails":{"known":false,"muted":false,"flaky":false,"message":"Element is no longer attached to the DOM\nCommand duration or timeout: 46 milliseconds","trace":"org.openqa.selenium.StaleElementReferenceException: Element is no longer attached to the DOM\nCommand duration or timeout: 46 milliseconds\r\n\tat java.base/jdk.internal.reflect.NativeConstructorAccessorImpl.newInstance0(Native Method)\r\n\tat java.base/jdk.internal.reflect.NativeConstructorAccessorImpl.newInstance(NativeConstructorAccessorImpl.java:78)\r\n\tat java.base/jdk.internal.reflect.DelegatingConstructorAccessorImpl.newInstance(DelegatingConstructorAccessorImpl.java:45)\r\n\tat java.base/java.lang.reflect.Constructor.newInstanceWithCaller(Constructor.java:499)\r\n\tat java.base/java.lang.reflect.Constructor.newInstance(Constructor.java:480)\r\n\tat org.openqa.selenium.remote.ErrorHandler.createThrowable(ErrorHandler.java:215)\r\n\tat org.openqa.selenium.remote.ErrorHandler.throwIfResponseFailed(ErrorHandler.java:167)\r\n\tat org.openqa.selenium.remote.RemoteWebDriver.execute(RemoteWebDriver.java:671)\r\n\tat org.openqa.selenium.remote.RemoteWebElement.execute(RemoteWebElement.java:272)\r\n\tat org.openqa.selenium.remote.RemoteWebElement.isDisplayed(RemoteWebElement.java:313)\r\n\tat java.base/jdk.internal.reflect.NativeMethodAccessorImpl.invoke0(Native Method)\r\n\tat java.base/jdk.internal.reflect.NativeMethodAccessorImpl.invoke(NativeMethodAccessorImpl.java:78)\r\n\tat java.base/jdk.internal.reflect.DelegatingMethodAccessorImpl.invoke(DelegatingMethodAccessorImpl.java:43)\r\n\tat java.base/java.lang.reflect.Method.invoke(Method.java:567)\r\n\tat org.openqa.selenium.support.pagefactory.internal.LocatingElementHandler.invoke(LocatingElementHandler.java:51)\r\n\tat jdk.proxy2/jdk.proxy2.$Proxy21.isDisplayed(Unknown Source)\r\n\tat org.openqa.selenium.support.ui.ExpectedConditions.elementIfVisible(ExpectedConditions.java:302)\r\n\tat org.openqa.selenium.support.ui.ExpectedConditions.access$100(ExpectedConditions.java:44)\r\n\tat org.openqa.selenium.support.ui.ExpectedConditions$10.apply(ExpectedConditions.java:288)\r\n\tat org.openqa.selenium.support.ui.ExpectedConditions$10.apply(ExpectedConditions.java:285)\r\n\tat org.openqa.selenium.support.ui.FluentWait.until(FluentWait.java:209)\r\n\tat com.qa.pages.InpatientManagement_intakeoutputentrypages.intakeoutputwordpress(InpatientManagement_intakeoutputentrypages.java:149)\r\n\tat com.qa.tests.InpatientManagement_IntakeOutputEntryTest.IntakeOutputEntry(InpatientManagement_IntakeOutputEntryTest.java:65)\r\n\tat java.base/jdk.internal.reflect.NativeMethodAccessorImpl.invoke0(Native Method)\r\n\tat java.base/jdk.internal.reflect.NativeMethodAccessorImpl.invoke(NativeMethodAccessorImpl.java:78)\r\n\tat java.base/jdk.internal.reflect.DelegatingMethodAccessorImpl.invoke(DelegatingMethodAccessorImpl.java:43)\r\n\tat java.base/java.lang.reflect.Method.invoke(Method.java:567)\r\n\tat org.testng.internal.MethodInvocationHelper.invokeMethod(MethodInvocationHelper.java:133)\r\n\tat org.testng.internal.TestInvoker.invokeMethod(TestInvoker.java:598)\r\n\tat org.testng.internal.TestInvoker.invokeTestMethod(TestInvoker.java:173)\r\n\tat org.testng.internal.MethodRunner.runInSequence(MethodRunner.java:46)\r\n\tat org.testng.internal.TestInvoker$MethodInvocationAgent.invoke(TestInvoker.java:824)\r\n\tat org.testng.internal.TestInvoker.invokeTestMethods(TestInvoker.java:146)\r\n\tat org.testng.internal.TestMethodWorker.invokeTestMethods(TestMethodWorker.java:146)\r\n\tat org.testng.internal.TestMethodWorker.run(TestMethodWorker.java:128)\r\n\tat java.base/java.util.ArrayList.forEach(ArrayList.java:1511)\r\n\tat org.testng.TestRunner.privateRun(TestRunner.java:794)\r\n\tat org.testng.TestRunner.run(TestRunner.java:596)\r\n\tat org.testng.SuiteRunner.runTest(SuiteRunner.java:377)\r\n\tat org.testng.SuiteRunner.runSequentially(SuiteRunner.java:371)\r\n\tat org.testng.SuiteRunner.privateRun(SuiteRunner.java:332)\r\n\tat org.testng.SuiteRunner.run(SuiteRunner.java:276)\r\n\tat org.testng.SuiteRunnerWorker.runSuite(SuiteRunnerWorker.java:53)\r\n\tat org.testng.SuiteRunnerWorker.run(SuiteRunnerWorker.java:96)\r\n\tat org.testng.TestNG.runSuitesSequentially(TestNG.java:1212)\r\n\tat org.testng.TestNG.runSuitesLocally(TestNG.java:1134)\r\n\tat org.testng.TestNG.runSuites(TestNG.java:1063)\r\n\tat org.testng.TestNG.run(TestNG.java:1031)\r\n\tat org.testng.remote.AbstractRemoteTestNG.run(AbstractRemoteTestNG.java:115)\r\n\tat org.testng.remote.RemoteTestNG.initAndRun(RemoteTestNG.java:251)\r\n\tat org.testng.remote.RemoteTestNG.main(RemoteTestNG.java:77)\r\nCaused by: org.openqa.selenium.StaleElementReferenceException: Element is no longer attached to the DOM\nFor documentation on this error, please visit: http://seleniumhq.org/exceptions/stale_element_reference.html\nBuild info: version: '3.4.0', revision: 'unknown', time: 'unknown'\nSystem info: host: 'DESKTOP-D23LR3J', ip: '169.254.64.180', os.name: 'Windows 10', os.arch: 'amd64', os.version: '10.0', java.version: '16.0.2'\nDriver info: driver.version: unknown\r\n\tat <anonymous class>.fxdriver.cache.getElementAt(resource://fxdriver/modules/web-element-cache.js:9528)\r\n\tat <anonymous class>.Utils.getElementAt(file:///C:/Users/KULVIR~1/AppData/Local/Temp/anonymous4316794521374830213webdriver-profile/extensions/fxdriver@googlecode.com/components/command-processor.js:10408)\r\n\tat <anonymous class>.WebElement.isElementDisplayed(file:///C:/Users/KULVIR~1/AppData/Local/Temp/anonymous4316794521374830213webdriver-profile/extensions/fxdriver@googlecode.com/components/command-processor.js:12750)\r\n\tat <anonymous class>.DelayedCommand.prototype.executeInternal_/k(file:///C:/Users/KULVIR~1/AppData/Local/Temp/anonymous4316794521374830213webdriver-profile/extensions/fxdriver@googlecode.com/components/command-processor.js:12879)\r\n\tat <anonymous class>.DelayedCommand.prototype.executeInternal_(file:///C:/Users/KULVIR~1/AppData/Local/Temp/anonymous4316794521374830213webdriver-profile/extensions/fxdriver@googlecode.com/components/command-processor.js:12884)\r\n\tat <anonymous class>.DelayedCommand.prototype.execute/<(file:///C:/Users/KULVIR~1/AppData/Local/Temp/anonymous4316794521374830213webdriver-profile/extensions/fxdriver@googlecode.com/components/command-processor.js:12826)\r\n"},"stage":"finished","steps":[],"attachments":[],"parameters":[],"start":1649396836012,"stop":1649396872141,"uuid":"e636c0e3-da41-4605-acad-cbdfa4dbbbf1","historyId":"9c5631a4331e5b056763bb21c9c30e38","fullName":"com.qa.tests.InpatientManagement_IntakeOutputEntryTest.IntakeOutputEntry","labels":[{"name":"package","value":"com.qa.tests.InpatientManagement_IntakeOutputEntryTest"},{"name":"testClass","value":"com.qa.tests.InpatientManagement_IntakeOutputEntryTest"},{"name":"testMethod","value":"IntakeOutputEntry"},{"name":"parentSuite","value":"Default suite"},{"name":"suite","value":"Default test"},{"name":"subSuite","value":"com.qa.tests.InpatientManagement_IntakeOutputEntryTest"},{"name":"host","value":"DESKTOP-D23LR3J"},{"name":"thread","value":"16144@DESKTOP-D23LR3J.main(1)"},{"name":"framework","value":"testng"},{"name":"language","value":"java"}],"links":[]}