{"name":"dotestcaseforEmergency_Check_In_RegistrationPagesLink","status":"broken","statusDetails":{"known":false,"muted":false,"flaky":false,"message":"Element is not currently visible and so may not be interacted with\nCommand duration or timeout: 12 milliseconds\nBuild info: version: '2.53.0', revision: '35ae25b1534ae328c771e0856c93e187490ca824', time: '2016-03-15 10:43:46'\nSystem info: host: 'DESKTOP-D23LR3J', ip: '169.254.64.180', os.name: 'Windows 10', os.arch: 'amd64', os.version: '10.0', java.version: '16.0.2'\nDriver info: org.openqa.selenium.firefox.FirefoxDriver\nCapabilities [{applicationCacheEnabled=true, rotatable=false, handlesAlerts=true, databaseEnabled=true, version=40.0.3, platform=WINDOWS, nativeEvents=false, acceptSslCerts=true, webStorageEnabled=true, locationContextEnabled=true, browserName=firefox, takesScreenshot=true, javascriptEnabled=true, cssSelectorsEnabled=true}]\nSession ID: 995dc94e-3c64-464d-9b94-b4fdcab30b26","trace":"org.openqa.selenium.ElementNotVisibleException: Element is not currently visible and so may not be interacted with\nCommand duration or timeout: 12 milliseconds\nBuild info: version: '2.53.0', revision: '35ae25b1534ae328c771e0856c93e187490ca824', time: '2016-03-15 10:43:46'\nSystem info: host: 'DESKTOP-D23LR3J', ip: '169.254.64.180', os.name: 'Windows 10', os.arch: 'amd64', os.version: '10.0', java.version: '16.0.2'\nDriver info: org.openqa.selenium.firefox.FirefoxDriver\nCapabilities [{applicationCacheEnabled=true, rotatable=false, handlesAlerts=true, databaseEnabled=true, version=40.0.3, platform=WINDOWS, nativeEvents=false, acceptSslCerts=true, webStorageEnabled=true, locationContextEnabled=true, browserName=firefox, takesScreenshot=true, javascriptEnabled=true, cssSelectorsEnabled=true}]\nSession ID: 995dc94e-3c64-464d-9b94-b4fdcab30b26\r\n\tat java.base/jdk.internal.reflect.NativeConstructorAccessorImpl.newInstance0(Native Method)\r\n\tat java.base/jdk.internal.reflect.NativeConstructorAccessorImpl.newInstance(NativeConstructorAccessorImpl.java:78)\r\n\tat java.base/jdk.internal.reflect.DelegatingConstructorAccessorImpl.newInstance(DelegatingConstructorAccessorImpl.java:45)\r\n\tat java.base/java.lang.reflect.Constructor.newInstanceWithCaller(Constructor.java:499)\r\n\tat java.base/java.lang.reflect.Constructor.newInstance(Constructor.java:480)\r\n\tat org.openqa.selenium.remote.ErrorHandler.createThrowable(ErrorHandler.java:206)\r\n\tat org.openqa.selenium.remote.ErrorHandler.throwIfResponseFailed(ErrorHandler.java:158)\r\n\tat org.openqa.selenium.remote.RemoteWebDriver.execute(RemoteWebDriver.java:678)\r\n\tat org.openqa.selenium.remote.RemoteWebElement.execute(RemoteWebElement.java:327)\r\n\tat org.openqa.selenium.remote.RemoteWebElement.click(RemoteWebElement.java:85)\r\n\tat com.qa.pages.Emergency_Check_In_RegistrationPages.testcaseforeEmergency_Check_In_RegistrationPages(Emergency_Check_In_RegistrationPages.java:204)\r\n\tat com.qa.tests.Emergency_Check_In_RegistrationTest.dotestcaseforEmergency_Check_In_RegistrationPagesLink(Emergency_Check_In_RegistrationTest.java:50)\r\n\tat java.base/jdk.internal.reflect.NativeMethodAccessorImpl.invoke0(Native Method)\r\n\tat java.base/jdk.internal.reflect.NativeMethodAccessorImpl.invoke(NativeMethodAccessorImpl.java:78)\r\n\tat java.base/jdk.internal.reflect.DelegatingMethodAccessorImpl.invoke(DelegatingMethodAccessorImpl.java:43)\r\n\tat java.base/java.lang.reflect.Method.invoke(Method.java:567)\r\n\tat org.testng.internal.MethodInvocationHelper.invokeMethod(MethodInvocationHelper.java:124)\r\n\tat org.testng.internal.Invoker.invokeMethod(Invoker.java:583)\r\n\tat org.testng.internal.Invoker.invokeTestMethod(Invoker.java:719)\r\n\tat org.testng.internal.Invoker.invokeTestMethods(Invoker.java:989)\r\n\tat org.testng.internal.TestMethodWorker.invokeTestMethods(TestMethodWorker.java:125)\r\n\tat org.testng.internal.TestMethodWorker.run(TestMethodWorker.java:109)\r\n\tat org.testng.TestRunner.privateRun(TestRunner.java:648)\r\n\tat org.testng.TestRunner.run(TestRunner.java:505)\r\n\tat org.testng.SuiteRunner.runTest(SuiteRunner.java:455)\r\n\tat org.testng.SuiteRunner.runSequentially(SuiteRunner.java:450)\r\n\tat org.testng.SuiteRunner.privateRun(SuiteRunner.java:415)\r\n\tat org.testng.SuiteRunner.run(SuiteRunner.java:364)\r\n\tat org.testng.SuiteRunnerWorker.runSuite(SuiteRunnerWorker.java:52)\r\n\tat org.testng.SuiteRunnerWorker.run(SuiteRunnerWorker.java:84)\r\n\tat org.testng.TestNG.runSuitesSequentially(TestNG.java:1208)\r\n\tat org.testng.TestNG.runSuitesLocally(TestNG.java:1137)\r\n\tat org.testng.TestNG.runSuites(TestNG.java:1049)\r\n\tat org.testng.TestNG.run(TestNG.java:1017)\r\n\tat org.testng.remote.AbstractRemoteTestNG.run(AbstractRemoteTestNG.java:115)\r\n\tat org.testng.remote.RemoteTestNG.initAndRun(RemoteTestNG.java:251)\r\n\tat org.testng.remote.RemoteTestNG.main(RemoteTestNG.java:77)\r\nCaused by: org.openqa.selenium.ElementNotVisibleException: Element is not currently visible and so may not be interacted with\nBuild info: version: '2.53.0', revision: '35ae25b1534ae328c771e0856c93e187490ca824', time: '2016-03-15 10:43:46'\nSystem info: host: 'DESKTOP-D23LR3J', ip: '169.254.64.180', os.name: 'Windows 10', os.arch: 'amd64', os.version: '10.0', java.version: '16.0.2'\nDriver info: driver.version: unknown\r\n\tat <anonymous class>.fxdriver.preconditions.visible(file:///C:/Users/KULVIR~1/AppData/Local/Temp/anonymous2899968697844883566webdriver-profile/extensions/fxdriver@googlecode.com/components/command-processor.js:10092)\r\n\tat <anonymous class>.DelayedCommand.prototype.checkPreconditions_(file:///C:/Users/KULVIR~1/AppData/Local/Temp/anonymous2899968697844883566webdriver-profile/extensions/fxdriver@googlecode.com/components/command-processor.js:12644)\r\n\tat <anonymous class>.DelayedCommand.prototype.executeInternal_/h(file:///C:/Users/KULVIR~1/AppData/Local/Temp/anonymous2899968697844883566webdriver-profile/extensions/fxdriver@googlecode.com/components/command-processor.js:12661)\r\n\tat <anonymous class>.DelayedCommand.prototype.executeInternal_(file:///C:/Users/KULVIR~1/AppData/Local/Temp/anonymous2899968697844883566webdriver-profile/extensions/fxdriver@googlecode.com/components/command-processor.js:12666)\r\n\tat <anonymous class>.DelayedCommand.prototype.execute/<(file:///C:/Users/KULVIR~1/AppData/Local/Temp/anonymous2899968697844883566webdriver-profile/extensions/fxdriver@googlecode.com/components/command-processor.js:12608)\r\n"},"stage":"finished","steps":[],"attachments":[],"parameters":[],"start":1648629823472,"stop":1648629879082,"uuid":"f6018a03-4a1e-4c3d-83e6-291ba1524c6a","historyId":"441859e8a7d9bffadb2e8b9e33cb224b","fullName":"com.qa.tests.Emergency_Check_In_RegistrationTest.dotestcaseforEmergency_Check_In_RegistrationPagesLink","labels":[{"name":"package","value":"com.qa.tests.Emergency_Check_In_RegistrationTest"},{"name":"testClass","value":"com.qa.tests.Emergency_Check_In_RegistrationTest"},{"name":"testMethod","value":"dotestcaseforEmergency_Check_In_RegistrationPagesLink"},{"name":"parentSuite","value":"Default suite"},{"name":"suite","value":"Default test"},{"name":"subSuite","value":"com.qa.tests.Emergency_Check_In_RegistrationTest"},{"name":"host","value":"DESKTOP-D23LR3J"},{"name":"thread","value":"9948@DESKTOP-D23LR3J.main(1)"},{"name":"framework","value":"testng"},{"name":"language","value":"java"}],"links":[]}