<?xml version="1.0" encoding="UTF-8"?>
<!-- Generated by org.testng.reporters.JUnitXMLReporter -->
<testsuite ignored="2" hostname="DESKTOP-D23LR3J" failures="12" tests="12" name="firefox(failed)" time="40.666" errors="0" timestamp="2022-11-17T15:52:20 IST">
  <testcase classname="ESIC_HIS.ProductionScript.PM10639_printAndCutomizedPrint_SubsituteItemTest" name="doNavigateToSelectHospitalLocationTest" time="0.065">
    <failure type="java.lang.NullPointerException" message="Cannot invoke &amp;quot;com.qa.pages.HomePage.doNavigateToSelectHospitalLocation()&amp;quot; because &amp;quot;this.homepage&amp;quot; is null">
      <![CDATA[java.lang.NullPointerException: Cannot invoke "com.qa.pages.HomePage.doNavigateToSelectHospitalLocation()" because "this.homepage" is null
at ESIC_HIS.ProductionScript.PM10639_printAndCutomizedPrint_SubsituteItemTest.doNavigateToSelectHospitalLocationTest(PM10639_printAndCutomizedPrint_SubsituteItemTest.java:73)
at java.base/java.util.ArrayList.forEach(ArrayList.java:1511)
... Removed 27 stack frames]]>
    </failure>
  </testcase> <!-- doNavigateToSelectHospitalLocationTest -->
  <testcase classname="ESIC_HIS.ProductionScript.PM10639_printAndCutomizedPrint_SubsituteItemTest" name="doNavigateToHISHomeTest" time="0.003">
    <failure type="java.lang.NullPointerException" message="Cannot invoke &amp;quot;com.qa.pages.SelectHospitalLocationPage.doNavigateToHISHome(String, String, String)&amp;quot; because &amp;quot;this.selecthospitallocationpage&amp;quot; is null">
      <![CDATA[java.lang.NullPointerException: Cannot invoke "com.qa.pages.SelectHospitalLocationPage.doNavigateToHISHome(String, String, String)" because "this.selecthospitallocationpage" is null
at ESIC_HIS.ProductionScript.PM10639_printAndCutomizedPrint_SubsituteItemTest.doNavigateToHISHomeTest(PM10639_printAndCutomizedPrint_SubsituteItemTest.java:80)
at java.base/java.util.ArrayList.forEach(ArrayList.java:1511)
... Removed 27 stack frames]]>
    </failure>
  </testcase> <!-- doNavigateToHISHomeTest -->
  <testcase classname="ESIC_HIS.ProductionScript.PM10639_printAndCutomizedPrint_SubsituteItemTest" name="doNavigateToPatientCheckinLinkTest" time="0.003">
    <failure type="java.lang.NullPointerException" message="Cannot invoke &amp;quot;com.qa.pages.HISHomePage.doNavigateToPatientCheck_InforPM10639()&amp;quot; because &amp;quot;this.hishomepage&amp;quot; is null">
      <![CDATA[java.lang.NullPointerException: Cannot invoke "com.qa.pages.HISHomePage.doNavigateToPatientCheck_InforPM10639()" because "this.hishomepage" is null
at ESIC_HIS.ProductionScript.PM10639_printAndCutomizedPrint_SubsituteItemTest.doNavigateToPatientCheckinLinkTest(PM10639_printAndCutomizedPrint_SubsituteItemTest.java:87)
at java.base/java.util.ArrayList.forEach(ArrayList.java:1511)
... Removed 27 stack frames]]>
    </failure>
  </testcase> <!-- doNavigateToPatientCheckinLinkTest -->
  <testcase classname="ESIC_HIS.ProductionScript.PM10639_printAndCutomizedPrint_SubsituteItemTest" name="do_CreateCheckIn" time="12.112">
    <failure type="org.openqa.selenium.NoSuchElementException" message="Unable to locate element: #ctl00_cphpage_txtIPNO
For documentation on this error, please visit: https://selenium.dev/exceptions/#no_such_element
Build info: version: &amp;apos;4.0.0&amp;apos;, revision: &amp;apos;3a21814679&amp;apos;
System info: host: &amp;apos;DESKTOP-D23LR3J&amp;apos;, ip: &amp;apos;192.168.0.20&amp;apos;, os.name: &amp;apos;Windows 10&amp;apos;, os.arch: &amp;apos;amd64&amp;apos;, os.version: &amp;apos;10.0&amp;apos;, java.version: &amp;apos;16.0.2&amp;apos;
Driver info: org.openqa.selenium.firefox.FirefoxDriver
Command: [a1106e79-7979-409b-bd5a-f158790a3aa1, findElement {using=id, value=ctl00_cphpage_txtIPNO}]
Capabilities {acceptInsecureCerts: true, browserName: firefox, browserVersion: 106.0.5, javascriptEnabled: true, moz:accessibilityChecks: false, moz:buildID: 20221104133228, moz:debuggerAddress: 127.0.0.1:54081, moz:geckodriverVersion: 0.32.0, moz:headless: false, moz:platformVersion: 10.0, moz:processID: 14592, moz:profile: C:\Users\KULVIR~1\AppData\L..., moz:shutdownTimeout: 60000, moz:useNonSpecCompliantPointerOrigin: false, moz:webdriverClick: true, moz:windowless: false, pageLoadStrategy: normal, platform: WINDOWS, platformName: WINDOWS, proxy: Proxy(), se:cdp: ws://127.0.0.1:54081/devtoo..., se:cdpVersion: 85, setWindowRect: true, strictFileInteractability: false, timeouts: {implicit: 0, pageLoad: 300000, script: 30000}, unhandledPromptBehavior: dismiss and notify}
Session ID: a1106e79-7979-409b-bd5a-f158790a3aa1">
      <![CDATA[org.openqa.selenium.NoSuchElementException: Unable to locate element: #ctl00_cphpage_txtIPNO
For documentation on this error, please visit: https://selenium.dev/exceptions/#no_such_element
Build info: version: '4.0.0', revision: '3a21814679'
System info: host: 'DESKTOP-D23LR3J', ip: '192.168.0.20', os.name: 'Windows 10', os.arch: 'amd64', os.version: '10.0', java.version: '16.0.2'
Driver info: org.openqa.selenium.firefox.FirefoxDriver
Command: [a1106e79-7979-409b-bd5a-f158790a3aa1, findElement {using=id, value=ctl00_cphpage_txtIPNO}]
Capabilities {acceptInsecureCerts: true, browserName: firefox, browserVersion: 106.0.5, javascriptEnabled: true, moz:accessibilityChecks: false, moz:buildID: 20221104133228, moz:debuggerAddress: 127.0.0.1:54081, moz:geckodriverVersion: 0.32.0, moz:headless: false, moz:platformVersion: 10.0, moz:processID: 14592, moz:profile: C:\Users\KULVIR~1\AppData\L..., moz:shutdownTimeout: 60000, moz:useNonSpecCompliantPointerOrigin: false, moz:webdriverClick: true, moz:windowless: false, pageLoadStrategy: normal, platform: WINDOWS, platformName: WINDOWS, proxy: Proxy(), se:cdp: ws://127.0.0.1:54081/devtoo..., se:cdpVersion: 85, setWindowRect: true, strictFileInteractability: false, timeouts: {implicit: 0, pageLoad: 300000, script: 30000}, unhandledPromptBehavior: dismiss and notify}
Session ID: a1106e79-7979-409b-bd5a-f158790a3aa1
at org.openqa.selenium.remote.codec.w3c.W3CHttpResponseCodec.createException(W3CHttpResponseCodec.java:200)
at org.openqa.selenium.remote.codec.w3c.W3CHttpResponseCodec.decode(W3CHttpResponseCodec.java:133)
at org.openqa.selenium.remote.codec.w3c.W3CHttpResponseCodec.decode(W3CHttpResponseCodec.java:53)
at org.openqa.selenium.remote.HttpCommandExecutor.execute(HttpCommandExecutor.java:184)
at org.openqa.selenium.remote.service.DriverCommandExecutor.invokeExecute(DriverCommandExecutor.java:164)
at org.openqa.selenium.remote.service.DriverCommandExecutor.execute(DriverCommandExecutor.java:139)
at org.openqa.selenium.remote.RemoteWebDriver.execute(RemoteWebDriver.java:559)
at org.openqa.selenium.remote.ElementLocation$ElementFinder$2.findElement(ElementLocation.java:162)
at org.openqa.selenium.remote.ElementLocation.findElement(ElementLocation.java:66)
at org.openqa.selenium.remote.RemoteWebDriver.findElement(RemoteWebDriver.java:383)
at org.openqa.selenium.remote.RemoteWebDriver.findElement(RemoteWebDriver.java:375)
at ESIC_HIS.ProductionScript.PM10639_printAndCutomizedPrint_SubsituteItemTest.do_CreateCheckIn(PM10639_printAndCutomizedPrint_SubsituteItemTest.java:96)
at java.base/java.util.ArrayList.forEach(ArrayList.java:1511)
... Removed 32 stack frames]]>
    </failure>
  </testcase> <!-- do_CreateCheckIn -->
  <testcase classname="ESIC_HIS.ProductionScript.PM10639_printAndCutomizedPrint_SubsituteItemTest" name="dodoctorworklist" time="0.002">
    <failure type="java.lang.NullPointerException" message="Cannot invoke &amp;quot;com.qa.pages.PM10639_printAndCutomizedPrint_SubsituteItemPage.getBtncancel()&amp;quot; because &amp;quot;this.PM10639&amp;quot; is null">
      <![CDATA[java.lang.NullPointerException: Cannot invoke "com.qa.pages.PM10639_printAndCutomizedPrint_SubsituteItemPage.getBtncancel()" because "this.PM10639" is null
at ESIC_HIS.ProductionScript.PM10639_printAndCutomizedPrint_SubsituteItemTest.dodoctorworklist(PM10639_printAndCutomizedPrint_SubsituteItemTest.java:123)
at java.base/java.util.ArrayList.forEach(ArrayList.java:1511)
... Removed 27 stack frames]]>
    </failure>
  </testcase> <!-- dodoctorworklist -->
  <testcase classname="ESIC_HIS.ProductionScript.PM10639_printAndCutomizedPrint_SubsituteItemTest" name="Do_Test_Print_Button" time="0.013">
    <failure type="java.lang.NullPointerException" message="Cannot invoke &amp;quot;com.qa.pages.PM10639_printAndCutomizedPrint_SubsituteItemPage.getCasesheet_PrintButton()&amp;quot; because &amp;quot;this.PM10639&amp;quot; is null">
      <![CDATA[java.lang.NullPointerException: Cannot invoke "com.qa.pages.PM10639_printAndCutomizedPrint_SubsituteItemPage.getCasesheet_PrintButton()" because "this.PM10639" is null
at ESIC_HIS.ProductionScript.PM10639_printAndCutomizedPrint_SubsituteItemTest.Do_Test_Print_Button(PM10639_printAndCutomizedPrint_SubsituteItemTest.java:256)
at java.base/java.util.ArrayList.forEach(ArrayList.java:1511)
... Removed 27 stack frames]]>
    </failure>
  </testcase> <!-- Do_Test_Print_Button -->
  <testcase classname="ESIC_HIS.ProductionScript.PM10639_printAndCutomizedPrint_SubsituteItemTest" name="Do_Test_For_CustomizedPrintButton" time="0.001">
    <failure type="java.lang.NullPointerException" message="Cannot invoke &amp;quot;com.qa.pages.PM10639_printAndCutomizedPrint_SubsituteItemPage.getCasesheet_CustomizedPrint()&amp;quot; because &amp;quot;this.PM10639&amp;quot; is null">
      <![CDATA[java.lang.NullPointerException: Cannot invoke "com.qa.pages.PM10639_printAndCutomizedPrint_SubsituteItemPage.getCasesheet_CustomizedPrint()" because "this.PM10639" is null
at ESIC_HIS.ProductionScript.PM10639_printAndCutomizedPrint_SubsituteItemTest.Do_Test_For_CustomizedPrintButton(PM10639_printAndCutomizedPrint_SubsituteItemTest.java:297)
at java.base/java.util.ArrayList.forEach(ArrayList.java:1511)
... Removed 27 stack frames]]>
    </failure>
  </testcase> <!-- Do_Test_For_CustomizedPrintButton -->
  <testcase classname="ESIC_HIS.ProductionScript.PM10639_printAndCutomizedPrint_SubsituteItemTest" name="Do_Test_For_CustomizedPrint_UncheckAllButton" time="2.007">
    <failure type="java.lang.NullPointerException" message="Cannot invoke &amp;quot;com.qa.pages.PM10639_printAndCutomizedPrint_SubsituteItemPage.getCasesheet_CustomizedPrint_UncheckAllButton()&amp;quot; because &amp;quot;this.PM10639&amp;quot; is null">
      <![CDATA[java.lang.NullPointerException: Cannot invoke "com.qa.pages.PM10639_printAndCutomizedPrint_SubsituteItemPage.getCasesheet_CustomizedPrint_UncheckAllButton()" because "this.PM10639" is null
at ESIC_HIS.ProductionScript.PM10639_printAndCutomizedPrint_SubsituteItemTest.Do_Test_For_CustomizedPrint_UncheckAllButton(PM10639_printAndCutomizedPrint_SubsituteItemTest.java:305)
at java.base/java.util.ArrayList.forEach(ArrayList.java:1511)
... Removed 27 stack frames]]>
    </failure>
  </testcase> <!-- Do_Test_For_CustomizedPrint_UncheckAllButton -->
  <testcase classname="ESIC_HIS.ProductionScript.PM10639_printAndCutomizedPrint_SubsituteItemTest" name="Do_Test_For_CustomizedPrint_checkAllButton" time="0.003">
    <failure type="java.lang.NullPointerException" message="Cannot invoke &amp;quot;com.qa.pages.PM10639_printAndCutomizedPrint_SubsituteItemPage.getCasesheet_CustomizedPrint_CheckAllButton()&amp;quot; because &amp;quot;this.PM10639&amp;quot; is null">
      <![CDATA[java.lang.NullPointerException: Cannot invoke "com.qa.pages.PM10639_printAndCutomizedPrint_SubsituteItemPage.getCasesheet_CustomizedPrint_CheckAllButton()" because "this.PM10639" is null
at ESIC_HIS.ProductionScript.PM10639_printAndCutomizedPrint_SubsituteItemTest.Do_Test_For_CustomizedPrint_checkAllButton(PM10639_printAndCutomizedPrint_SubsituteItemTest.java:310)
at java.base/java.util.ArrayList.forEach(ArrayList.java:1511)
... Removed 27 stack frames]]>
    </failure>
  </testcase> <!-- Do_Test_For_CustomizedPrint_checkAllButton -->
  <testcase classname="ESIC_HIS.ProductionScript.PM10639_printAndCutomizedPrint_SubsituteItemTest" name="Do_Test_For_CustomizedPrint_PrintButton" time="0.001">
    <failure type="java.lang.NullPointerException" message="Cannot invoke &amp;quot;com.qa.pages.PM10639_printAndCutomizedPrint_SubsituteItemPage.getCasesheet_CustomizedPrint_ChiefCompalinCheckBox()&amp;quot; because &amp;quot;this.PM10639&amp;quot; is null">
      <![CDATA[java.lang.NullPointerException: Cannot invoke "com.qa.pages.PM10639_printAndCutomizedPrint_SubsituteItemPage.getCasesheet_CustomizedPrint_ChiefCompalinCheckBox()" because "this.PM10639" is null
at ESIC_HIS.ProductionScript.PM10639_printAndCutomizedPrint_SubsituteItemTest.Do_Test_For_CustomizedPrint_PrintButton(PM10639_printAndCutomizedPrint_SubsituteItemTest.java:315)
at java.base/java.util.ArrayList.forEach(ArrayList.java:1511)
... Removed 27 stack frames]]>
    </failure>
  </testcase> <!-- Do_Test_For_CustomizedPrint_PrintButton -->
  <testcase classname="ESIC_HIS.ProductionScript.PM10639_printAndCutomizedPrint_SubsituteItemTest" name="Do_Test_for_ChaangeLocationForStoreServices" time="2.013">
    <failure type="java.lang.NullPointerException" message="Cannot invoke &amp;quot;com.qa.pages.PM10639_printAndCutomizedPrint_SubsituteItemPage.getchange_facility_location_linkLink()&amp;quot; because &amp;quot;this.PM10639&amp;quot; is null">
      <![CDATA[java.lang.NullPointerException: Cannot invoke "com.qa.pages.PM10639_printAndCutomizedPrint_SubsituteItemPage.getchange_facility_location_linkLink()" because "this.PM10639" is null
at ESIC_HIS.ProductionScript.PM10639_printAndCutomizedPrint_SubsituteItemTest.Do_Test_for_ChaangeLocationForStoreServices(PM10639_printAndCutomizedPrint_SubsituteItemTest.java:344)
at java.base/java.util.ArrayList.forEach(ArrayList.java:1511)
... Removed 27 stack frames]]>
    </failure>
  </testcase> <!-- Do_Test_for_ChaangeLocationForStoreServices -->
  <testcase classname="ESIC_HIS.ProductionScript.PM10639_printAndCutomizedPrint_SubsituteItemTest" name="Do_Test_for_pharmacyIssueSubsituteItem" time="0.001">
    <failure type="java.lang.NullPointerException" message="Cannot invoke &amp;quot;com.qa.pages.PM10639_printAndCutomizedPrint_SubsituteItemPage.getStoreUhidTextBox()&amp;quot; because &amp;quot;this.PM10639&amp;quot; is null">
      <![CDATA[java.lang.NullPointerException: Cannot invoke "com.qa.pages.PM10639_printAndCutomizedPrint_SubsituteItemPage.getStoreUhidTextBox()" because "this.PM10639" is null
at ESIC_HIS.ProductionScript.PM10639_printAndCutomizedPrint_SubsituteItemTest.Do_Test_for_pharmacyIssueSubsituteItem(PM10639_printAndCutomizedPrint_SubsituteItemTest.java:357)
at java.base/java.util.ArrayList.forEach(ArrayList.java:1511)
... Removed 27 stack frames]]>
    </failure>
  </testcase> <!-- Do_Test_for_pharmacyIssueSubsituteItem -->
  <testcase classname="ESIC_HIS.ProductionScript.PM10639_printAndCutomizedPrint_SubsituteItemTest" name="doLoginTest" time="0.0">
    <ignored/>
  </testcase> <!-- doLoginTest -->
  <testcase classname="ESIC_HIS.ProductionScript.PM10639_printAndCutomizedPrint_SubsituteItemTest" name="Do_Test_For_DemographicDetailMatchingCaseSheetToPrintWindow" time="0.0">
    <ignored/>
  </testcase> <!-- Do_Test_For_DemographicDetailMatchingCaseSheetToPrintWindow -->
</testsuite> <!-- firefox(failed) -->
