<!DOCTYPE html PUBLIC "-//W3C//DTD XHTML 1.1//EN" "https://www.w3.org/TR/xhtml11/DTD/xhtml11.dtd">
<html xmlns="https://www.w3.org/1999/xhtml">
<head>
<meta http-equiv="content-type" content="text/html; charset=UTF-8"/>
<title>TestNG Report</title>
<style type="text/css">table {margin-bottom:10px;border-collapse:collapse;empty-cells:show}th,td {border:1px solid #009;padding:.25em .5em}th {vertical-align:bottom}td {vertical-align:top}table a {font-weight:bold}.stripe td {background-color: #E6EBF9}.num {text-align:right}.passedodd td {background-color: #3F3}.passedeven td {background-color: #0A0}.skippedodd td {background-color: #DDD}.skippedeven td {background-color: #CCC}.failedodd td,.attn {background-color: #F33}.failedeven td,.stripe .attn {background-color: #D00}.stacktrace {white-space:pre;font-family:monospace}.totop {font-size:85%;text-align:center;border-bottom:2px solid #000}.invisible {display:none}</style>
</head>
<body>
<table>
<tr><th>Test</th><th># Passed</th><th># Skipped</th><th># Retried</th><th># Failed</th><th>Time (ms)</th><th>Included Groups</th><th>Excluded Groups</th></tr>
<tr><th colspan="8">Suite</th></tr>
<tr><td><a href="#t0">Chrome</a></td><td class="num">4</td><td class="num">0</td><td class="num">0</td><td class="num attn">12</td><td class="num">715,139</td><td></td><td></td></tr>
</table>
<table id='summary'><thead><tr><th>Class</th><th>Method</th><th>Start</th><th>Time (ms)</th></tr></thead><tbody><tr><th colspan="4">Suite</th></tr></tbody><tbody id="t0"><tr><th colspan="4">Chrome &#8212; failed</th></tr><tr class="failedeven"><td rowspan="12">com.qa.HIS.BrowserCompatibility_HIS.DoctorWorklistTest</td><td><a href="#m0">CLM_Dr_worklist_TC_10</a></td><td rowspan="1">1741752621407</td><td rowspan="1">41276</td></tr><tr class="failedeven"><td><a href="#m1">CLM_Dr_worklist_TC_11</a></td><td rowspan="1">1741752662990</td><td rowspan="1">41301</td></tr><tr class="failedeven"><td><a href="#m2">CLM_Dr_worklist_TC_12</a></td><td rowspan="1">1741752704523</td><td rowspan="1">41268</td></tr><tr class="failedeven"><td><a href="#m3">CLM_Dr_worklist_TC_15</a></td><td rowspan="1">1741752746051</td><td rowspan="1">839</td></tr><tr class="failedeven"><td><a href="#m4">CLM_Dr_worklist_TC_16</a></td><td rowspan="1">1741752747144</td><td rowspan="1">200211</td></tr><tr class="failedeven"><td><a href="#m5">CLM_Dr_worklist_TC_17</a></td><td rowspan="1">1741752947629</td><td rowspan="1">112331</td></tr><tr class="failedeven"><td><a href="#m6">CLM_Dr_worklist_TC_3</a></td><td rowspan="1">1741753060197</td><td rowspan="1">40199</td></tr><tr class="failedeven"><td><a href="#m7">CLM_Dr_worklist_TC_4</a></td><td rowspan="1">1741752477706</td><td rowspan="1">51300</td></tr><tr class="failedeven"><td><a href="#m8">CLM_Dr_worklist_TC_5</a></td><td rowspan="1">1741752529293</td><td rowspan="1">49910</td></tr><tr class="failedeven"><td><a href="#m9">CLM_Dr_worklist_TC_6</a></td><td rowspan="1">1741752579459</td><td rowspan="1">41676</td></tr><tr class="failedeven"><td><a href="#m10">doNavigateToDoctorWorklistTest</a></td><td rowspan="1">1741752457311</td><td rowspan="1">20071</td></tr><tr class="failedeven"><td><a href="#m11">doPatientCheckINTest</a></td><td rowspan="1">1741752420211</td><td rowspan="1">36804</td></tr><tr><th colspan="4">Chrome &#8212; passed</th></tr><tr class="passedeven"><td rowspan="4">com.qa.HIS.BrowserCompatibility_HIS.DoctorWorklistTest</td><td><a href="#m12">doLoginTest</a></td><td rowspan="1">1741752393078</td><td rowspan="1">4880</td></tr><tr class="passedeven"><td><a href="#m13">doNavigateToHISHomeTest</a></td><td rowspan="1">1741752398792</td><td rowspan="1">15553</td></tr><tr class="passedeven"><td><a href="#m14">doNavigateToPatientCheckInTest</a></td><td rowspan="1">1741752414622</td><td rowspan="1">5250</td></tr><tr class="passedeven"><td><a href="#m15">doNavigateToSelectHospitalLocationTest</a></td><td rowspan="1">1741752398518</td><td rowspan="1">8</td></tr></tbody>
</table>
<h2>Chrome</h2><h3 id="m0">com.qa.HIS.BrowserCompatibility_HIS.DoctorWorklistTest#CLM_Dr_worklist_TC_10</h3><table class="result"><tr><th>Exception</th></tr><tr><td><div class="stacktrace">java.lang.NullPointerException: Cannot invoke &quot;org.openqa.selenium.WebElement.click()&quot; because the return value of &quot;com.qa.pages.HISHomePage.getDoctorWorklistLink()&quot; is null
	at com.qa.pages.HISHomePage.donavigatetoDoctorworklist(HISHomePage.java:691)
	at com.qa.HIS.BrowserCompatibility_HIS.DoctorWorklistTest.CLM_Dr_worklist_TC_10(DoctorWorklistTest.java:414)
	at java.base/java.util.ArrayList.forEach(ArrayList.java:1511)
... Removed 27 stack frames</div></td></tr></table><p class="totop"><a href="#summary">back to summary</a></p>
<h3 id="m1">com.qa.HIS.BrowserCompatibility_HIS.DoctorWorklistTest#CLM_Dr_worklist_TC_11</h3><table class="result"><tr><th>Exception</th></tr><tr><td><div class="stacktrace">java.lang.NullPointerException: Cannot invoke &quot;org.openqa.selenium.WebElement.click()&quot; because the return value of &quot;com.qa.pages.HISHomePage.getDoctorWorklistLink()&quot; is null
	at com.qa.pages.HISHomePage.donavigatetoDoctorworklist(HISHomePage.java:691)
	at com.qa.HIS.BrowserCompatibility_HIS.DoctorWorklistTest.CLM_Dr_worklist_TC_11(DoctorWorklistTest.java:454)
	at java.base/java.util.ArrayList.forEach(ArrayList.java:1511)
... Removed 27 stack frames</div></td></tr></table><p class="totop"><a href="#summary">back to summary</a></p>
<h3 id="m2">com.qa.HIS.BrowserCompatibility_HIS.DoctorWorklistTest#CLM_Dr_worklist_TC_12</h3><table class="result"><tr><th>Exception</th></tr><tr><td><div class="stacktrace">java.lang.NullPointerException: Cannot invoke &quot;org.openqa.selenium.WebElement.click()&quot; because the return value of &quot;com.qa.pages.HISHomePage.getDoctorWorklistLink()&quot; is null
	at com.qa.pages.HISHomePage.donavigatetoDoctorworklist(HISHomePage.java:691)
	at com.qa.HIS.BrowserCompatibility_HIS.DoctorWorklistTest.CLM_Dr_worklist_TC_12(DoctorWorklistTest.java:497)
	at java.base/java.util.ArrayList.forEach(ArrayList.java:1511)
... Removed 27 stack frames</div></td></tr></table><p class="totop"><a href="#summary">back to summary</a></p>
<h3 id="m3">com.qa.HIS.BrowserCompatibility_HIS.DoctorWorklistTest#CLM_Dr_worklist_TC_15</h3><table class="result"><tr><th>Exception</th></tr><tr><td><div class="stacktrace">org.openqa.selenium.WebDriverException: unknown error: Element &lt;input type=&quot;image&quot; name=&quot;ctl00$cphpage$imageScreenSearch&quot; id=&quot;ctl00_cphpage_imageScreenSearch&quot; src=&quot;../Images/i_search.gif&quot; style=&quot;border-width:0px;&quot; tabindex=&quot;-1&quot;&gt; is not clickable at point (1195, 185). Other element would receive the click: &lt;div id=&quot;ctl00_cphpage_MyMessageBoxInfo_ModalPopupExtenderMessageOK_backgroundElement&quot; class=&quot;modalBackground&quot; style=&quot;position: fixed; left: 0px; top: 0px; z-index: 10000; width: 1707px; height: 753px;&quot;&gt;&lt;/div&gt;
  (Session info: chrome=134.0.6998.36)
  (Driver info: chromedriver=2.40.565498 (ea082db3280dd6843ebfb08a625e3eb905c4f5ab),platform=Windows NT 10.0.22621 x86_64) (WARNING: The server did not provide any stacktrace information)
Command duration or timeout: 0 milliseconds
Build info: version: &apos;4.0.0&apos;, revision: &apos;3a21814679&apos;
System info: host: &apos;JOSHNARAJPUT&apos;, ip: &apos;10.20.25.6&apos;, os.name: &apos;Windows 11&apos;, os.arch: &apos;amd64&apos;, os.version: &apos;10.0&apos;, java.version: &apos;17.0.8.1&apos;
Driver info: org.openqa.selenium.chrome.ChromeDriver
Command: [ba72504242a6a89fe536f84b2616faae, clickElement {id=0.7801333364715002-8}]
Capabilities {acceptInsecureCerts: false, acceptSslCerts: false, applicationCacheEnabled: false, browserConnectionEnabled: false, browserName: chrome, chrome: {chromedriverVersion: 2.40.565498 (ea082db3280dd6..., userDataDir: C:\Users\PRESTO~1\AppData\L...}, cssSelectorsEnabled: true, databaseEnabled: false, handlesAlerts: true, hasTouchScreen: false, javascriptEnabled: true, locationContextEnabled: true, mobileEmulationEnabled: false, nativeEvents: true, networkConnectionEnabled: false, pageLoadStrategy: normal, platform: XP, platformName: XP, rotatable: false, setWindowRect: true, takesHeapSnapshot: true, takesScreenshot: true, unexpectedAlertBehaviour: , unhandledPromptBehavior: , version: 134.0.6998.36, webStorageEnabled: true}
Element: [[ChromeDriver: chrome on XP (ba72504242a6a89fe536f84b2616faae)] -&gt; id: ctl00_cphpage_imageScreenSearch]
Session ID: ba72504242a6a89fe536f84b2616faae
	at org.openqa.selenium.remote.ErrorHandler.createThrowable(ErrorHandler.java:217)
	at org.openqa.selenium.remote.ErrorHandler.throwIfResponseFailed(ErrorHandler.java:169)
	at org.openqa.selenium.remote.codec.jwp.JsonHttpResponseCodec.reconstructValue(JsonHttpResponseCodec.java:41)
	at org.openqa.selenium.remote.codec.AbstractHttpResponseCodec.decode(AbstractHttpResponseCodec.java:83)
	at org.openqa.selenium.remote.codec.AbstractHttpResponseCodec.decode(AbstractHttpResponseCodec.java:47)
	at org.openqa.selenium.remote.HttpCommandExecutor.execute(HttpCommandExecutor.java:184)
	at org.openqa.selenium.remote.service.DriverCommandExecutor.invokeExecute(DriverCommandExecutor.java:164)
	at org.openqa.selenium.remote.service.DriverCommandExecutor.execute(DriverCommandExecutor.java:139)
	at org.openqa.selenium.remote.RemoteWebDriver.execute(RemoteWebDriver.java:559)
	at org.openqa.selenium.remote.RemoteWebElement.execute(RemoteWebElement.java:251)
	at org.openqa.selenium.remote.RemoteWebElement.click(RemoteWebElement.java:77)
	at com.qa.HIS.BrowserCompatibility_HIS.DoctorWorklistTest.CLM_Dr_worklist_TC_15(DoctorWorklistTest.java:527)
	at java.base/java.util.ArrayList.forEach(ArrayList.java:1511)
... Removed 32 stack frames</div></td></tr></table><p class="totop"><a href="#summary">back to summary</a></p>
<h3 id="m4">com.qa.HIS.BrowserCompatibility_HIS.DoctorWorklistTest#CLM_Dr_worklist_TC_16</h3><table class="result"><tr><th>Exception</th></tr><tr><td><div class="stacktrace">java.lang.NullPointerException: Cannot invoke &quot;org.openqa.selenium.WebElement.click()&quot; because the return value of &quot;com.qa.pages.HISHomePage.getDoctorWorklistLink()&quot; is null
	at com.qa.pages.HISHomePage.donavigatetoDoctorworklist(HISHomePage.java:691)
	at com.qa.HIS.BrowserCompatibility_HIS.DoctorWorklistTest.CLM_Dr_worklist_TC_16(DoctorWorklistTest.java:547)
	at java.base/java.util.ArrayList.forEach(ArrayList.java:1511)
... Removed 27 stack frames</div></td></tr></table><p class="totop"><a href="#summary">back to summary</a></p>
<h3 id="m5">com.qa.HIS.BrowserCompatibility_HIS.DoctorWorklistTest#CLM_Dr_worklist_TC_17</h3><table class="result"><tr><th>Exception</th></tr><tr><td><div class="stacktrace">org.openqa.selenium.WebDriverException: unknown error: Element &lt;input type=&quot;submit&quot; name=&quot;ctl00$cphpage$btnSaveDisplay&quot; value=&quot;Save&quot; onclick=&quot;return validateControls(this);&quot; id=&quot;ctl00_cphpage_btnSaveDisplay&quot; class=&quot;btnNormal&quot;&gt; is not clickable at point (1039, 497). Other element would receive the click: &lt;div id=&quot;popup_overlay&quot; style=&quot;position: absolute; z-index: 99998; top: 0px; left: 0px; width: 100%; height: 753px; background: rgb(255, 255, 255); opacity: 0.01;&quot;&gt;&lt;/div&gt;
  (Session info: chrome=134.0.6998.36)
  (Driver info: chromedriver=2.40.565498 (ea082db3280dd6843ebfb08a625e3eb905c4f5ab),platform=Windows NT 10.0.22621 x86_64) (WARNING: The server did not provide any stacktrace information)
Command duration or timeout: 0 milliseconds
Build info: version: &apos;4.0.0&apos;, revision: &apos;3a21814679&apos;
System info: host: &apos;JOSHNARAJPUT&apos;, ip: &apos;10.20.25.6&apos;, os.name: &apos;Windows 11&apos;, os.arch: &apos;amd64&apos;, os.version: &apos;10.0&apos;, java.version: &apos;17.0.8.1&apos;
Driver info: org.openqa.selenium.chrome.ChromeDriver
Command: [ba72504242a6a89fe536f84b2616faae, clickElement {id=0.19484691782180463-7}]
Capabilities {acceptInsecureCerts: false, acceptSslCerts: false, applicationCacheEnabled: false, browserConnectionEnabled: false, browserName: chrome, chrome: {chromedriverVersion: 2.40.565498 (ea082db3280dd6..., userDataDir: C:\Users\PRESTO~1\AppData\L...}, cssSelectorsEnabled: true, databaseEnabled: false, handlesAlerts: true, hasTouchScreen: false, javascriptEnabled: true, locationContextEnabled: true, mobileEmulationEnabled: false, nativeEvents: true, networkConnectionEnabled: false, pageLoadStrategy: normal, platform: XP, platformName: XP, rotatable: false, setWindowRect: true, takesHeapSnapshot: true, takesScreenshot: true, unexpectedAlertBehaviour: , unhandledPromptBehavior: , version: 134.0.6998.36, webStorageEnabled: true}
Element: [[ChromeDriver: chrome on XP (ba72504242a6a89fe536f84b2616faae)] -&gt; id: ctl00_cphpage_btnSaveDisplay]
Session ID: ba72504242a6a89fe536f84b2616faae
	at org.openqa.selenium.remote.ErrorHandler.createThrowable(ErrorHandler.java:217)
	at org.openqa.selenium.remote.ErrorHandler.throwIfResponseFailed(ErrorHandler.java:169)
	at org.openqa.selenium.remote.codec.jwp.JsonHttpResponseCodec.reconstructValue(JsonHttpResponseCodec.java:41)
	at org.openqa.selenium.remote.codec.AbstractHttpResponseCodec.decode(AbstractHttpResponseCodec.java:83)
	at org.openqa.selenium.remote.codec.AbstractHttpResponseCodec.decode(AbstractHttpResponseCodec.java:47)
	at org.openqa.selenium.remote.HttpCommandExecutor.execute(HttpCommandExecutor.java:184)
	at org.openqa.selenium.remote.service.DriverCommandExecutor.invokeExecute(DriverCommandExecutor.java:164)
	at org.openqa.selenium.remote.service.DriverCommandExecutor.execute(DriverCommandExecutor.java:139)
	at org.openqa.selenium.remote.RemoteWebDriver.execute(RemoteWebDriver.java:559)
	at org.openqa.selenium.remote.RemoteWebElement.execute(RemoteWebElement.java:251)
	at org.openqa.selenium.remote.RemoteWebElement.click(RemoteWebElement.java:77)
	at com.qa.HIS.BrowserCompatibility_HIS.DoctorWorklistTest.CLM_Dr_worklist_TC_17(DoctorWorklistTest.java:621)
	at java.base/java.util.ArrayList.forEach(ArrayList.java:1511)
... Removed 32 stack frames</div></td></tr></table><p class="totop"><a href="#summary">back to summary</a></p>
<h3 id="m6">com.qa.HIS.BrowserCompatibility_HIS.DoctorWorklistTest#CLM_Dr_worklist_TC_3</h3><table class="result"><tr><th>Exception</th></tr><tr><td><div class="stacktrace">java.lang.NullPointerException: Cannot invoke &quot;org.openqa.selenium.WebElement.click()&quot; because the return value of &quot;com.qa.pages.HISHomePage.getDoctorWorklistLink()&quot; is null
	at com.qa.pages.HISHomePage.donavigatetoDoctorworklist(HISHomePage.java:691)
	at com.qa.HIS.BrowserCompatibility_HIS.DoctorWorklistTest.CLM_Dr_worklist_TC_3(DoctorWorklistTest.java:649)
	at java.base/java.util.ArrayList.forEach(ArrayList.java:1511)
... Removed 27 stack frames</div></td></tr></table><p class="totop"><a href="#summary">back to summary</a></p>
<h3 id="m7">com.qa.HIS.BrowserCompatibility_HIS.DoctorWorklistTest#CLM_Dr_worklist_TC_4</h3><table class="result"><tr><th>Exception</th></tr><tr><td><div class="stacktrace">java.lang.NullPointerException: Cannot invoke &quot;org.openqa.selenium.WebElement.sendKeys(java.lang.CharSequence[])&quot; because the return value of &quot;com.qa.pages.DoctorWorklistPage.getTxtboxCheckInno()&quot; is null
	at com.qa.HIS.BrowserCompatibility_HIS.DoctorWorklistTest.CLM_Dr_worklist_TC_4(DoctorWorklistTest.java:152)
	at java.base/java.util.ArrayList.forEach(ArrayList.java:1511)
... Removed 27 stack frames</div></td></tr></table><p class="totop"><a href="#summary">back to summary</a></p>
<h3 id="m8">com.qa.HIS.BrowserCompatibility_HIS.DoctorWorklistTest#CLM_Dr_worklist_TC_5</h3><table class="result"><tr class="param"><th>Parameter #1</th></tr><tr class="param stripe"><td>Chrome</td></tr><tr><th>Exception</th></tr><tr><td><div class="stacktrace">java.lang.NullPointerException: Cannot invoke &quot;org.openqa.selenium.WebElement.isDisplayed()&quot; because &quot;element&quot; is null
	at org.openqa.selenium.support.ui.ExpectedConditions.elementIfVisible(ExpectedConditions.java:307)
	at org.openqa.selenium.support.ui.ExpectedConditions.access$000(ExpectedConditions.java:40)
	at org.openqa.selenium.support.ui.ExpectedConditions$10.apply(ExpectedConditions.java:293)
	at org.openqa.selenium.support.ui.ExpectedConditions$10.apply(ExpectedConditions.java:290)
	at org.openqa.selenium.support.ui.FluentWait.until(FluentWait.java:208)
	at com.qa.HIS.BrowserCompatibility_HIS.DoctorWorklistTest.CLM_Dr_worklist_TC_5(DoctorWorklistTest.java:302)
	at java.base/java.util.ArrayList.forEach(ArrayList.java:1511)
... Removed 27 stack frames</div></td></tr></table><p class="totop"><a href="#summary">back to summary</a></p>
<h3 id="m9">com.qa.HIS.BrowserCompatibility_HIS.DoctorWorklistTest#CLM_Dr_worklist_TC_6</h3><table class="result"><tr><th>Exception</th></tr><tr><td><div class="stacktrace">java.lang.NullPointerException: Cannot invoke &quot;org.openqa.selenium.WebElement.click()&quot; because the return value of &quot;com.qa.pages.HISHomePage.getDoctorWorklistLink()&quot; is null
	at com.qa.pages.HISHomePage.donavigatetoDoctorworklist(HISHomePage.java:691)
	at com.qa.HIS.BrowserCompatibility_HIS.DoctorWorklistTest.CLM_Dr_worklist_TC_6(DoctorWorklistTest.java:369)
	at java.base/java.util.ArrayList.forEach(ArrayList.java:1511)
... Removed 27 stack frames</div></td></tr></table><p class="totop"><a href="#summary">back to summary</a></p>
<h3 id="m10">com.qa.HIS.BrowserCompatibility_HIS.DoctorWorklistTest#doNavigateToDoctorWorklistTest</h3><table class="result"><tr><th>Exception</th></tr><tr><td><div class="stacktrace">java.lang.NullPointerException: Cannot invoke &quot;org.openqa.selenium.WebElement.getText()&quot; because the return value of &quot;com.qa.pages.DoctorWorklistPage.getPopupmessage()&quot; is null
	at com.qa.HIS.BrowserCompatibility_HIS.DoctorWorklistTest.doNavigateToDoctorWorklistTest(DoctorWorklistTest.java:119)
	at java.base/java.util.ArrayList.forEach(ArrayList.java:1511)
... Removed 27 stack frames</div></td></tr></table><p class="totop"><a href="#summary">back to summary</a></p>
<h3 id="m11">com.qa.HIS.BrowserCompatibility_HIS.DoctorWorklistTest#doPatientCheckINTest</h3><table class="result"><tr class="param"><th>Parameter #1</th></tr><tr class="param stripe"><td>Chrome</td></tr><tr><th>Exception</th></tr><tr><td><div class="stacktrace">java.lang.IllegalArgumentException: Element must be set
	at org.openqa.selenium.internal.Require.nonNull(Require.java:56)
	at org.openqa.selenium.interactions.PointerInput$Origin.fromElement(PointerInput.java:219)
	at org.openqa.selenium.interactions.Actions.moveInTicks(Actions.java:391)
	at org.openqa.selenium.interactions.Actions.click(Actions.java:298)
	at com.qa.util.util.ActionClick(util.java:159)
	at com.qa.HIS.BrowserCompatibility_HIS.DoctorWorklistTest.doPatientCheckINTest(DoctorWorklistTest.java:96)
	at java.base/java.util.ArrayList.forEach(ArrayList.java:1511)
... Removed 27 stack frames</div></td></tr></table><p class="totop"><a href="#summary">back to summary</a></p>
<h3 id="m12">com.qa.HIS.BrowserCompatibility_HIS.DoctorWorklistTest#doLoginTest</h3><table class="result"><tr><th class="invisible"/></tr></table><p class="totop"><a href="#summary">back to summary</a></p>
<h3 id="m13">com.qa.HIS.BrowserCompatibility_HIS.DoctorWorklistTest#doNavigateToHISHomeTest</h3><table class="result"><tr class="param"><th>Parameter #1</th></tr><tr class="param stripe"><td>Chrome</td></tr></table><p class="totop"><a href="#summary">back to summary</a></p>
<h3 id="m14">com.qa.HIS.BrowserCompatibility_HIS.DoctorWorklistTest#doNavigateToPatientCheckInTest</h3><table class="result"><tr><th class="invisible"/></tr></table><p class="totop"><a href="#summary">back to summary</a></p>
<h3 id="m15">com.qa.HIS.BrowserCompatibility_HIS.DoctorWorklistTest#doNavigateToSelectHospitalLocationTest</h3><table class="result"><tr><th class="invisible"/></tr></table><p class="totop"><a href="#summary">back to summary</a></p>
</body>
</html>
