<?xml version="1.0" encoding="UTF-8"?>
<!-- Generated by org.testng.reporters.JUnitReportReporter -->
<testsuite hostname="DESKTOP-D23LR3J" failures="0" tests="14" name="com.qa.HIS.BrowserCompatibility_HIS.MiniCaseSheetTest" time="312.484" errors="1" timestamp="2022-04-12T14:19:46 IST" skipped="0">
  <testcase classname="com.qa.HIS.BrowserCompatibility_HIS.MiniCaseSheetTest" name="doLoginTest" time="2.998"/>
  <system-out/>
  <testcase classname="com.qa.HIS.BrowserCompatibility_HIS.MiniCaseSheetTest" name="doNavigateToSelectHospitalLocationTest" time="0.006"/>
  <system-out/>
  <testcase classname="com.qa.HIS.BrowserCompatibility_HIS.MiniCaseSheetTest" name="doNavigateToHISHomeTest" time="12.058"/>
  <system-out/>
  <testcase classname="com.qa.HIS.BrowserCompatibility_HIS.MiniCaseSheetTest" name="donavigateToPatientCheckIn" time="44.366"/>
  <system-out/>
  <testcase classname="com.qa.HIS.BrowserCompatibility_HIS.MiniCaseSheetTest" name="CLM_Mini_Standard_Casesheet_5" time="24.443"/>
  <system-out/>
  <testcase classname="com.qa.HIS.BrowserCompatibility_HIS.MiniCaseSheetTest" name="CLM_Mini_Standard_Casesheet_6" time="38.142"/>
  <system-out/>
  <testcase classname="com.qa.HIS.BrowserCompatibility_HIS.MiniCaseSheetTest" name="CLM_Mini_Standard_Casesheet_7" time="38.332"/>
  <system-out/>
  <testcase classname="com.qa.HIS.BrowserCompatibility_HIS.MiniCaseSheetTest" name="CLM_Mini_Standard_Casesheet_8" time="25.342"/>
  <system-out/>
  <testcase classname="com.qa.HIS.BrowserCompatibility_HIS.MiniCaseSheetTest" name="CLM_Mini_Standard_Casesheet_9" time="39.764"/>
  <system-out/>
  <testcase classname="com.qa.HIS.BrowserCompatibility_HIS.MiniCaseSheetTest" name="CLM_Mini_Standard_Casesheet_10" time="17.956"/>
  <system-out/>
  <testcase classname="com.qa.HIS.BrowserCompatibility_HIS.MiniCaseSheetTest" name="CLM_Mini_Standard_Casesheet_11" time="18.205"/>
  <system-out/>
  <testcase classname="com.qa.HIS.BrowserCompatibility_HIS.MiniCaseSheetTest" name="CLM_Mini_Standard_Casesheet_15" time="25.874"/>
  <system-out/>
  <testcase classname="com.qa.HIS.BrowserCompatibility_HIS.MiniCaseSheetTest" name="CLM_Mini_Standard_Casesheet_17" time="4.688"/>
  <system-out/>
  <testcase classname="com.qa.HIS.BrowserCompatibility_HIS.MiniCaseSheetTest" name="CLM_Mini_Standard_Casesheet_14" time="20.310">
    <error message="Unable to locate element: #ctl00_cphpage_btnCMiniCS
For documentation on this error, please visit: https://selenium.dev/exceptions/#no_such_element
Build info: version: &#039;4.0.0&#039;, revision: &#039;3a21814679&#039;
System info: host: &#039;DESKTOP-D23LR3J&#039;, ip: &#039;169.254.64.180&#039;, os.name: &#039;Windows 10&#039;, os.arch: &#039;amd64&#039;, os.version: &#039;10.0&#039;, java.version: &#039;16.0.2&#039;
Driver info: org.openqa.selenium.firefox.FirefoxDriver
Command: [0eb60bc6-7575-493b-96a9-9849afe40222, findElement {using=id, value=ctl00_cphpage_btnCMiniCS}]
Capabilities {acceptInsecureCerts: true, browserName: firefox, browserVersion: 99.0, javascriptEnabled: true, moz:accessibilityChecks: false, moz:buildID: 20220330194208, moz:debuggerAddress: localhost:49275, moz:geckodriverVersion: 0.30.0, moz:headless: false, moz:processID: 14420, moz:profile: C:\Users\KULVIR~1\AppData\L..., moz:shutdownTimeout: 60000, moz:useNonSpecCompliantPointerOrigin: false, moz:webdriverClick: true, pageLoadStrategy: normal, platform: WINDOWS, platformName: WINDOWS, platformVersion: 10.0, proxy: Proxy(), se:cdp: ws://localhost:49275/devtoo..., se:cdpVersion: 85, setWindowRect: true, strictFileInteractability: false, timeouts: {implicit: 0, pageLoad: 300000, script: 30000}, unhandledPromptBehavior: dismiss and notify}
Session ID: 0eb60bc6-7575-493b-96a9-9849afe40222" type="org.openqa.selenium.NoSuchElementException">
      <![CDATA[org.openqa.selenium.NoSuchElementException: Unable to locate element: #ctl00_cphpage_btnCMiniCS
For documentation on this error, please visit: https://selenium.dev/exceptions/#no_such_element
Build info: version: '4.0.0', revision: '3a21814679'
System info: host: 'DESKTOP-D23LR3J', ip: '169.254.64.180', os.name: 'Windows 10', os.arch: 'amd64', os.version: '10.0', java.version: '16.0.2'
Driver info: org.openqa.selenium.firefox.FirefoxDriver
Command: [0eb60bc6-7575-493b-96a9-9849afe40222, findElement {using=id, value=ctl00_cphpage_btnCMiniCS}]
Capabilities {acceptInsecureCerts: true, browserName: firefox, browserVersion: 99.0, javascriptEnabled: true, moz:accessibilityChecks: false, moz:buildID: 20220330194208, moz:debuggerAddress: localhost:49275, moz:geckodriverVersion: 0.30.0, moz:headless: false, moz:processID: 14420, moz:profile: C:\Users\KULVIR~1\AppData\L..., moz:shutdownTimeout: 60000, moz:useNonSpecCompliantPointerOrigin: false, moz:webdriverClick: true, pageLoadStrategy: normal, platform: WINDOWS, platformName: WINDOWS, platformVersion: 10.0, proxy: Proxy(), se:cdp: ws://localhost:49275/devtoo..., se:cdpVersion: 85, setWindowRect: true, strictFileInteractability: false, timeouts: {implicit: 0, pageLoad: 300000, script: 30000}, unhandledPromptBehavior: dismiss and notify}
Session ID: 0eb60bc6-7575-493b-96a9-9849afe40222
at java.base/jdk.internal.reflect.NativeConstructorAccessorImpl.newInstance0(Native Method)
at java.base/jdk.internal.reflect.NativeConstructorAccessorImpl.newInstance(NativeConstructorAccessorImpl.java:78)
at java.base/jdk.internal.reflect.DelegatingConstructorAccessorImpl.newInstance(DelegatingConstructorAccessorImpl.java:45)
at java.base/java.lang.reflect.Constructor.newInstanceWithCaller(Constructor.java:499)
at java.base/java.lang.reflect.Constructor.newInstance(Constructor.java:480)
at org.openqa.selenium.remote.codec.w3c.W3CHttpResponseCodec.createException(W3CHttpResponseCodec.java:200)
at org.openqa.selenium.remote.codec.w3c.W3CHttpResponseCodec.decode(W3CHttpResponseCodec.java:133)
at org.openqa.selenium.remote.codec.w3c.W3CHttpResponseCodec.decode(W3CHttpResponseCodec.java:53)
at org.openqa.selenium.remote.HttpCommandExecutor.execute(HttpCommandExecutor.java:184)
at org.openqa.selenium.remote.service.DriverCommandExecutor.invokeExecute(DriverCommandExecutor.java:164)
at org.openqa.selenium.remote.service.DriverCommandExecutor.execute(DriverCommandExecutor.java:139)
at org.openqa.selenium.remote.RemoteWebDriver.execute(RemoteWebDriver.java:559)
at org.openqa.selenium.remote.ElementLocation$ElementFinder$2.findElement(ElementLocation.java:162)
at org.openqa.selenium.remote.ElementLocation.findElement(ElementLocation.java:60)
at org.openqa.selenium.remote.RemoteWebDriver.findElement(RemoteWebDriver.java:383)
at org.openqa.selenium.remote.RemoteWebDriver.findElement(RemoteWebDriver.java:375)
at com.qa.HIS.BrowserCompatibility_HIS.MiniCaseSheetTest.CLM_Mini_Standard_Casesheet_14(MiniCaseSheetTest.java:416)
at java.base/jdk.internal.reflect.NativeMethodAccessorImpl.invoke0(Native Method)
at java.base/jdk.internal.reflect.NativeMethodAccessorImpl.invoke(NativeMethodAccessorImpl.java:78)
at java.base/jdk.internal.reflect.DelegatingMethodAccessorImpl.invoke(DelegatingMethodAccessorImpl.java:43)
at java.base/java.lang.reflect.Method.invoke(Method.java:567)
at org.testng.internal.MethodInvocationHelper.invokeMethod(MethodInvocationHelper.java:133)
at org.testng.internal.TestInvoker.invokeMethod(TestInvoker.java:598)
at org.testng.internal.TestInvoker.invokeTestMethod(TestInvoker.java:173)
at org.testng.internal.MethodRunner.runInSequence(MethodRunner.java:46)
at org.testng.internal.TestInvoker$MethodInvocationAgent.invoke(TestInvoker.java:824)
at org.testng.internal.TestInvoker.invokeTestMethods(TestInvoker.java:146)
at org.testng.internal.TestMethodWorker.invokeTestMethods(TestMethodWorker.java:146)
at org.testng.internal.TestMethodWorker.run(TestMethodWorker.java:128)
at java.base/java.util.ArrayList.forEach(ArrayList.java:1511)
at org.testng.TestRunner.privateRun(TestRunner.java:794)
at org.testng.TestRunner.run(TestRunner.java:596)
at org.testng.SuiteRunner.runTest(SuiteRunner.java:377)
at org.testng.SuiteRunner.runSequentially(SuiteRunner.java:371)
at org.testng.SuiteRunner.privateRun(SuiteRunner.java:332)
at org.testng.SuiteRunner.run(SuiteRunner.java:276)
at org.testng.SuiteRunnerWorker.runSuite(SuiteRunnerWorker.java:53)
at org.testng.SuiteRunnerWorker.run(SuiteRunnerWorker.java:96)
at org.testng.TestNG.runSuitesSequentially(TestNG.java:1212)
at org.testng.TestNG.runSuitesLocally(TestNG.java:1134)
at org.testng.TestNG.runSuites(TestNG.java:1063)
at org.testng.TestNG.run(TestNG.java:1031)
at org.testng.remote.AbstractRemoteTestNG.run(AbstractRemoteTestNG.java:115)
at org.testng.remote.RemoteTestNG.initAndRun(RemoteTestNG.java:251)
at org.testng.remote.RemoteTestNG.main(RemoteTestNG.java:77)
]]>
    </error>
  </testcase> <!-- CLM_Mini_Standard_Casesheet_14 -->
  <system-out/>
</testsuite> <!-- com.qa.HIS.BrowserCompatibility_HIS.MiniCaseSheetTest -->
