<?xml version="1.0" encoding="UTF-8"?>
<!-- Generated by org.testng.reporters.JUnitReportReporter -->
<testsuite hostname="DESKTOP-D23LR3J" failures="0" tests="13" name="com.qa.HIS.BrowserCompatibility_HIS.ANMServicesTest" time="145.081" errors="1" timestamp="2022-04-05T16:36:17 IST" skipped="0">
  <testcase classname="com.qa.HIS.BrowserCompatibility_HIS.ANMServicesTest" name="doLoginTest" time="0.663"/>
  <system-out/>
  <testcase classname="com.qa.HIS.BrowserCompatibility_HIS.ANMServicesTest" name="doNavigateToSelectHospitalLocationTest" time="0.002"/>
  <system-out/>
  <testcase classname="com.qa.HIS.BrowserCompatibility_HIS.ANMServicesTest" name="doNavigateToHISHomeTest" time="11.746"/>
  <system-out/>
  <testcase classname="com.qa.HIS.BrowserCompatibility_HIS.ANMServicesTest" name="doNavigateToPatientCheckInTest" time="0.670"/>
  <system-out/>
  <testcase classname="com.qa.HIS.BrowserCompatibility_HIS.ANMServicesTest" name="doPatientCheckINTest" time="22.307"/>
  <system-out/>
  <testcase classname="com.qa.HIS.BrowserCompatibility_HIS.ANMServicesTest" name="doNavigateToDoctorWorklistTest" time="17.634"/>
  <system-out/>
  <testcase classname="com.qa.HIS.BrowserCompatibility_HIS.ANMServicesTest" name="doCasesheetprecripstionTest" time="43.669"/>
  <system-out/>
  <testcase classname="com.qa.HIS.BrowserCompatibility_HIS.ANMServicesTest" name="doANMServicesTest" time="0.756"/>
  <system-out/>
  <testcase classname="com.qa.HIS.BrowserCompatibility_HIS.ANMServicesTest" name="CLM_ANM_servicess_TC_004" time="2.143"/>
  <system-out/>
  <testcase classname="com.qa.HIS.BrowserCompatibility_HIS.ANMServicesTest" name="CLM_ANM_servicess_TC_005" time="6.765"/>
  <system-out/>
  <testcase classname="com.qa.HIS.BrowserCompatibility_HIS.ANMServicesTest" name="CLM_ANM_servicess_TC_006" time="17.200">
    <error message="Element &lt;input id=&quot;ctl00_cphpage_MyMessageBoxInfo_ButtonOK&quot; class=&quot;btnNormal&quot; name=&quot;ctl00$cphpage$MyMessageBoxInfo$ButtonOK&quot; type=&quot;submit&quot;&gt; could not be scrolled into view
Build info: version: &#039;4.0.0&#039;, revision: &#039;3a21814679&#039;
System info: host: &#039;DESKTOP-D23LR3J&#039;, ip: &#039;169.254.64.180&#039;, os.name: &#039;Windows 10&#039;, os.arch: &#039;amd64&#039;, os.version: &#039;10.0&#039;, java.version: &#039;16.0.2&#039;
Driver info: org.openqa.selenium.firefox.FirefoxDriver
Command: [d6255bde-6116-4d3d-b947-81bce937957e, clickElement {id=7cf1f115-dd41-4eda-a978-6c1aa6b2add8}]
Capabilities {acceptInsecureCerts: true, browserName: firefox, browserVersion: 98.0.2, javascriptEnabled: true, moz:accessibilityChecks: false, moz:buildID: 20220322144853, moz:debuggerAddress: localhost:49563, moz:geckodriverVersion: 0.30.0, moz:headless: false, moz:processID: 7452, moz:profile: C:\Users\Kulvir Singh\AppDa..., moz:shutdownTimeout: 60000, moz:useNonSpecCompliantPointerOrigin: false, moz:webdriverClick: true, pageLoadStrategy: normal, platform: WINDOWS, platformName: WINDOWS, platformVersion: 10.0, proxy: Proxy(), se:cdp: ws://localhost:49563/devtoo..., se:cdpVersion: 85, setWindowRect: true, strictFileInteractability: false, timeouts: {implicit: 0, pageLoad: 300000, script: 30000}, unhandledPromptBehavior: dismiss and notify}
Element: [[FirefoxDriver: firefox on WINDOWS (d6255bde-6116-4d3d-b947-81bce937957e)] -&gt; id: ctl00_cphpage_MyMessageBoxInfo_ButtonOK]
Session ID: d6255bde-6116-4d3d-b947-81bce937957e" type="org.openqa.selenium.ElementNotInteractableException">
      <![CDATA[org.openqa.selenium.ElementNotInteractableException: Element <input id="ctl00_cphpage_MyMessageBoxInfo_ButtonOK" class="btnNormal" name="ctl00$cphpage$MyMessageBoxInfo$ButtonOK" type="submit"> could not be scrolled into view
Build info: version: '4.0.0', revision: '3a21814679'
System info: host: 'DESKTOP-D23LR3J', ip: '169.254.64.180', os.name: 'Windows 10', os.arch: 'amd64', os.version: '10.0', java.version: '16.0.2'
Driver info: org.openqa.selenium.firefox.FirefoxDriver
Command: [d6255bde-6116-4d3d-b947-81bce937957e, clickElement {id=7cf1f115-dd41-4eda-a978-6c1aa6b2add8}]
Capabilities {acceptInsecureCerts: true, browserName: firefox, browserVersion: 98.0.2, javascriptEnabled: true, moz:accessibilityChecks: false, moz:buildID: 20220322144853, moz:debuggerAddress: localhost:49563, moz:geckodriverVersion: 0.30.0, moz:headless: false, moz:processID: 7452, moz:profile: C:\Users\Kulvir Singh\AppDa..., moz:shutdownTimeout: 60000, moz:useNonSpecCompliantPointerOrigin: false, moz:webdriverClick: true, pageLoadStrategy: normal, platform: WINDOWS, platformName: WINDOWS, platformVersion: 10.0, proxy: Proxy(), se:cdp: ws://localhost:49563/devtoo..., se:cdpVersion: 85, setWindowRect: true, strictFileInteractability: false, timeouts: {implicit: 0, pageLoad: 300000, script: 30000}, unhandledPromptBehavior: dismiss and notify}
Element: [[FirefoxDriver: firefox on WINDOWS (d6255bde-6116-4d3d-b947-81bce937957e)] -> id: ctl00_cphpage_MyMessageBoxInfo_ButtonOK]
Session ID: d6255bde-6116-4d3d-b947-81bce937957e
at java.base/jdk.internal.reflect.NativeConstructorAccessorImpl.newInstance0(Native Method)
at java.base/jdk.internal.reflect.NativeConstructorAccessorImpl.newInstance(NativeConstructorAccessorImpl.java:78)
at java.base/jdk.internal.reflect.DelegatingConstructorAccessorImpl.newInstance(DelegatingConstructorAccessorImpl.java:45)
at java.base/java.lang.reflect.Constructor.newInstanceWithCaller(Constructor.java:499)
at java.base/java.lang.reflect.Constructor.newInstance(Constructor.java:480)
at org.openqa.selenium.remote.codec.w3c.W3CHttpResponseCodec.createException(W3CHttpResponseCodec.java:200)
at org.openqa.selenium.remote.codec.w3c.W3CHttpResponseCodec.decode(W3CHttpResponseCodec.java:133)
at org.openqa.selenium.remote.codec.w3c.W3CHttpResponseCodec.decode(W3CHttpResponseCodec.java:53)
at org.openqa.selenium.remote.HttpCommandExecutor.execute(HttpCommandExecutor.java:184)
at org.openqa.selenium.remote.service.DriverCommandExecutor.invokeExecute(DriverCommandExecutor.java:164)
at org.openqa.selenium.remote.service.DriverCommandExecutor.execute(DriverCommandExecutor.java:139)
at org.openqa.selenium.remote.RemoteWebDriver.execute(RemoteWebDriver.java:559)
at org.openqa.selenium.remote.RemoteWebElement.execute(RemoteWebElement.java:251)
at org.openqa.selenium.remote.RemoteWebElement.click(RemoteWebElement.java:77)
at com.qa.HIS.BrowserCompatibility_HIS.ANMServicesTest.CLM_ANM_servicess_TC_006(ANMServicesTest.java:229)
at java.base/jdk.internal.reflect.NativeMethodAccessorImpl.invoke0(Native Method)
at java.base/jdk.internal.reflect.NativeMethodAccessorImpl.invoke(NativeMethodAccessorImpl.java:78)
at java.base/jdk.internal.reflect.DelegatingMethodAccessorImpl.invoke(DelegatingMethodAccessorImpl.java:43)
at java.base/java.lang.reflect.Method.invoke(Method.java:567)
at org.testng.internal.MethodInvocationHelper.invokeMethod(MethodInvocationHelper.java:133)
at org.testng.internal.TestInvoker.invokeMethod(TestInvoker.java:598)
at org.testng.internal.TestInvoker.invokeTestMethod(TestInvoker.java:173)
at org.testng.internal.MethodRunner.runInSequence(MethodRunner.java:46)
at org.testng.internal.TestInvoker$MethodInvocationAgent.invoke(TestInvoker.java:824)
at org.testng.internal.TestInvoker.invokeTestMethods(TestInvoker.java:146)
at org.testng.internal.TestMethodWorker.invokeTestMethods(TestMethodWorker.java:146)
at org.testng.internal.TestMethodWorker.run(TestMethodWorker.java:128)
at java.base/java.util.ArrayList.forEach(ArrayList.java:1511)
at org.testng.TestRunner.privateRun(TestRunner.java:794)
at org.testng.TestRunner.run(TestRunner.java:596)
at org.testng.SuiteRunner.runTest(SuiteRunner.java:377)
at org.testng.SuiteRunner.runSequentially(SuiteRunner.java:371)
at org.testng.SuiteRunner.privateRun(SuiteRunner.java:332)
at org.testng.SuiteRunner.run(SuiteRunner.java:276)
at org.testng.SuiteRunnerWorker.runSuite(SuiteRunnerWorker.java:53)
at org.testng.SuiteRunnerWorker.run(SuiteRunnerWorker.java:96)
at org.testng.TestNG.runSuitesSequentially(TestNG.java:1212)
at org.testng.TestNG.runSuitesLocally(TestNG.java:1134)
at org.testng.TestNG.runSuites(TestNG.java:1063)
at org.testng.TestNG.run(TestNG.java:1031)
at org.testng.remote.AbstractRemoteTestNG.run(AbstractRemoteTestNG.java:115)
at org.testng.remote.RemoteTestNG.initAndRun(RemoteTestNG.java:251)
at org.testng.remote.RemoteTestNG.main(RemoteTestNG.java:77)
]]>
    </error>
  </testcase> <!-- CLM_ANM_servicess_TC_006 -->
  <system-out/>
  <testcase classname="com.qa.HIS.BrowserCompatibility_HIS.ANMServicesTest" name="CLM_ANM_servicess_TC_0010" time="14.934"/>
  <system-out/>
  <testcase classname="com.qa.HIS.BrowserCompatibility_HIS.ANMServicesTest" name="CLM_ANM_servicess_TC_008" time="6.592"/>
  <system-out/>
</testsuite> <!-- com.qa.HIS.BrowserCompatibility_HIS.ANMServicesTest -->
