<?xml version="1.0" encoding="UTF-8"?>
<!-- Generated by org.testng.reporters.JUnitReportReporter -->
<testsuite hostname="DESKTOP-V3HC333" failures="1" tests="15" name="com.qa.HIS.BrowserCompatibility_HIS.MAApprovalTest8" time="23.595" errors="0" timestamp="2024-02-19T20:16:32 IST" skipped="0">
  <testcase classname="com.qa.HIS.BrowserCompatibility_HIS.MAApprovalTest8" name="doLoginTest" time="0.638"/>
  <system-out/>
  <testcase classname="com.qa.HIS.BrowserCompatibility_HIS.MAApprovalTest8" name="doNavigateToSelectHospitalLocationTest" time="0.001"/>
  <system-out/>
  <testcase classname="com.qa.HIS.BrowserCompatibility_HIS.MAApprovalTest8" name="doNavigateToHISHomeTest" time="7.323"/>
  <system-out/>
  <testcase classname="com.qa.HIS.BrowserCompatibility_HIS.MAApprovalTest8" name="doNavigateToMALetterGenerationforHosptitaslLinks" time="0.779"/>
  <system-out/>
  <testcase classname="com.qa.HIS.BrowserCompatibility_HIS.MAApprovalTest8" name="TC_MA_004" time="0.003"/>
  <system-out/>
  <testcase classname="com.qa.HIS.BrowserCompatibility_HIS.MAApprovalTest8" name="TC_MA_Page_8_All_department_dropdown" time="1.914"/>
  <system-out/>
  <testcase classname="com.qa.HIS.BrowserCompatibility_HIS.MAApprovalTest8" name="TC_MA_Page_8_All_alphnumeric_50_characters_max" time="3.179"/>
  <system-out/>
  <testcase classname="com.qa.HIS.BrowserCompatibility_HIS.MAApprovalTest8" name="TC_MA_Page_8_All_available_numeric" time="1.413"/>
  <system-out/>
  <testcase classname="com.qa.HIS.BrowserCompatibility_HIS.MAApprovalTest8" name="TC_MA_Page_8_All_functional_numeric" time="1.475"/>
  <system-out/>
  <testcase classname="com.qa.HIS.BrowserCompatibility_HIS.MAApprovalTest8" name="TC_MA_Page_8_All_non_functional_numeric" time="1.518"/>
  <system-out/>
  <testcase classname="com.qa.HIS.BrowserCompatibility_HIS.MAApprovalTest8" name="TC_MA_Page_8_All_AMCCMC_dropdown" time="1.500"/>
  <system-out/>
  <testcase classname="com.qa.HIS.BrowserCompatibility_HIS.MAApprovalTest8" name="TC_MA_Page_8_All_remarks" time="3.152"/>
  <system-out/>
  <testcase classname="com.qa.HIS.BrowserCompatibility_HIS.MAApprovalTest8" name="TC_MA_mandatory_alert_check" time="0.248"/>
  <system-out/>
  <testcase classname="com.qa.HIS.BrowserCompatibility_HIS.MAApprovalTest8" name="TC_MA_mandatory_field_50_characters_max" time="0.131"/>
  <system-out/>
  <testcase classname="com.qa.HIS.BrowserCompatibility_HIS.MAApprovalTest8" name="TC_MA_Page_8_approve_and_print" time="0.321">
    <failure message="expected [Monthly Assesment for the month has been approved successfully.] but found []" type="java.lang.AssertionError">
      <![CDATA[java.lang.AssertionError: expected [Monthly Assesment for the month has been approved successfully.] but found []
at org.testng.Assert.fail(Assert.java:99)
at org.testng.Assert.failNotEquals(Assert.java:1037)
at org.testng.Assert.assertEqualsImpl(Assert.java:140)
at org.testng.Assert.assertEquals(Assert.java:122)
at org.testng.Assert.assertEquals(Assert.java:629)
at org.testng.Assert.assertEquals(Assert.java:639)
at com.qa.HIS.BrowserCompatibility_HIS.MAApprovalTest8.TC_MA_Page_8_approve_and_print(MAApprovalTest8.java:436)
at java.base/jdk.internal.reflect.NativeMethodAccessorImpl.invoke0(Native Method)
at java.base/jdk.internal.reflect.NativeMethodAccessorImpl.invoke(NativeMethodAccessorImpl.java:77)
at java.base/jdk.internal.reflect.DelegatingMethodAccessorImpl.invoke(DelegatingMethodAccessorImpl.java:43)
at java.base/java.lang.reflect.Method.invoke(Method.java:568)
at org.testng.internal.MethodInvocationHelper.invokeMethod(MethodInvocationHelper.java:133)
at org.testng.internal.TestInvoker.invokeMethod(TestInvoker.java:598)
at org.testng.internal.TestInvoker.invokeTestMethod(TestInvoker.java:173)
at org.testng.internal.MethodRunner.runInSequence(MethodRunner.java:46)
at org.testng.internal.TestInvoker$MethodInvocationAgent.invoke(TestInvoker.java:824)
at org.testng.internal.TestInvoker.invokeTestMethods(TestInvoker.java:146)
at org.testng.internal.TestMethodWorker.invokeTestMethods(TestMethodWorker.java:146)
at org.testng.internal.TestMethodWorker.run(TestMethodWorker.java:128)
at java.base/java.util.ArrayList.forEach(ArrayList.java:1511)
at org.testng.TestRunner.privateRun(TestRunner.java:794)
at org.testng.TestRunner.run(TestRunner.java:596)
at org.testng.SuiteRunner.runTest(SuiteRunner.java:377)
at org.testng.SuiteRunner.runSequentially(SuiteRunner.java:371)
at org.testng.SuiteRunner.privateRun(SuiteRunner.java:332)
at org.testng.SuiteRunner.run(SuiteRunner.java:276)
at org.testng.SuiteRunnerWorker.runSuite(SuiteRunnerWorker.java:53)
at org.testng.SuiteRunnerWorker.run(SuiteRunnerWorker.java:96)
at org.testng.TestNG.runSuitesSequentially(TestNG.java:1212)
at org.testng.TestNG.runSuitesLocally(TestNG.java:1134)
at org.testng.TestNG.runSuites(TestNG.java:1063)
at org.testng.TestNG.run(TestNG.java:1031)
at org.testng.remote.AbstractRemoteTestNG.run(AbstractRemoteTestNG.java:115)
at org.testng.remote.RemoteTestNG.initAndRun(RemoteTestNG.java:251)
at org.testng.remote.RemoteTestNG.main(RemoteTestNG.java:77)
]]>
    </failure>
  </testcase> <!-- TC_MA_Page_8_approve_and_print -->
  <system-out/>
</testsuite> <!-- com.qa.HIS.BrowserCompatibility_HIS.MAApprovalTest8 -->
