<?xml version="1.0" encoding="UTF-8"?>
<!-- Generated by org.testng.reporters.JUnitReportReporter -->
<testsuite hostname="JoshnaRajput" failures="1" tests="6" name="com.qa.HIS.BrowserCompatibility_HIS.EditCertificateTest" time="62.625" errors="0" timestamp="2025-03-28T16:13:27 IST" skipped="0">
  <testcase classname="com.qa.HIS.BrowserCompatibility_HIS.EditCertificateTest" name="doLoginOpenVisitTest" time="0.941"/>
  <testcase classname="com.qa.HIS.BrowserCompatibility_HIS.EditCertificateTest" name="doNavigateToSelectHospitalLocationTest" time="0.007"/>
  <testcase classname="com.qa.HIS.BrowserCompatibility_HIS.EditCertificateTest" name="doNavigateToHISHomeTest" time="7.631"/>
  <testcase classname="com.qa.HIS.BrowserCompatibility_HIS.EditCertificateTest" name="doNavigateToEditCertificateTest" time="1.580"/>
  <testcase classname="com.qa.HIS.BrowserCompatibility_HIS.EditCertificateTest" name="CheckTheFunctionalityOfRequestForChangedUPdateButton" time="24.489"/>
  <testcase classname="com.qa.HIS.BrowserCompatibility_HIS.EditCertificateTest" name="ChecktheFunctionalityOfUpdateButtonOfEditMeternityCertificatePages" time="27.977">
    <failure message="Remarks text box is not visible even after waiting." type="java.lang.AssertionError">
      <![CDATA[java.lang.AssertionError: Remarks text box is not visible even after waiting.
at org.testng.Assert.fail(Assert.java:99)
at com.qa.HIS.BrowserCompatibility_HIS.EditCertificateTest.ChecktheFunctionalityOfUpdateButtonOfEditMeternityCertificatePages(EditCertificateTest.java:139)
at java.base/jdk.internal.reflect.DirectMethodHandleAccessor.invoke(DirectMethodHandleAccessor.java:103)
at java.base/java.lang.reflect.Method.invoke(Method.java:580)
at org.testng.internal.invokers.MethodInvocationHelper.invokeMethod(MethodInvocationHelper.java:141)
at org.testng.internal.invokers.TestInvoker.invokeMethod(TestInvoker.java:687)
at org.testng.internal.invokers.TestInvoker.invokeTestMethod(TestInvoker.java:230)
at org.testng.internal.invokers.MethodRunner.runInSequence(MethodRunner.java:63)
at org.testng.internal.invokers.TestInvoker$MethodInvocationAgent.invoke(TestInvoker.java:995)
at org.testng.internal.invokers.TestInvoker.invokeTestMethods(TestInvoker.java:203)
at org.testng.internal.invokers.TestMethodWorker.invokeTestMethods(TestMethodWorker.java:154)
at org.testng.internal.invokers.TestMethodWorker.run(TestMethodWorker.java:134)
at java.base/java.util.ArrayList.forEach(ArrayList.java:1596)
at org.testng.TestRunner.privateRun(TestRunner.java:741)
at org.testng.TestRunner.run(TestRunner.java:616)
at org.testng.SuiteRunner.runTest(SuiteRunner.java:421)
at org.testng.SuiteRunner.runSequentially(SuiteRunner.java:413)
at org.testng.SuiteRunner.privateRun(SuiteRunner.java:373)
at org.testng.SuiteRunner.run(SuiteRunner.java:312)
at org.testng.SuiteRunnerWorker.runSuite(SuiteRunnerWorker.java:52)
at org.testng.SuiteRunnerWorker.run(SuiteRunnerWorker.java:95)
at org.testng.TestNG.runSuitesSequentially(TestNG.java:1274)
at org.testng.TestNG.runSuitesLocally(TestNG.java:1208)
at org.testng.TestNG.runSuites(TestNG.java:1112)
at org.testng.TestNG.run(TestNG.java:1079)
at org.testng.remote.AbstractRemoteTestNG.run(AbstractRemoteTestNG.java:115)
at org.testng.remote.RemoteTestNG.initAndRun(RemoteTestNG.java:293)
at org.testng.remote.RemoteTestNG.main(RemoteTestNG.java:91)
Caused by: java.lang.NullPointerException: Cannot invoke "org.openqa.selenium.WebElement.isDisplayed()" because "element" is null
at org.openqa.selenium.support.ui.ExpectedConditions.elementIfVisible(ExpectedConditions.java:304)
at org.openqa.selenium.support.ui.ExpectedConditions.access$000(ExpectedConditions.java:37)
at org.openqa.selenium.support.ui.ExpectedConditions$10.apply(ExpectedConditions.java:290)
at org.openqa.selenium.support.ui.ExpectedConditions$10.apply(ExpectedConditions.java:287)
at org.openqa.selenium.support.ui.FluentWait.until(FluentWait.java:205)
at com.qa.HIS.BrowserCompatibility_HIS.EditCertificateTest.ChecktheFunctionalityOfUpdateButtonOfEditMeternityCertificatePages(EditCertificateTest.java:132)
... 26 more
]]>
    </failure>
  </testcase> <!-- ChecktheFunctionalityOfUpdateButtonOfEditMeternityCertificatePages -->
</testsuite> <!-- com.qa.HIS.BrowserCompatibility_HIS.EditCertificateTest -->
