<?xml version="1.0" encoding="UTF-8"?>
<!-- Generated by org.testng.reporters.JUnitReportReporter -->
<testsuite hostname="JoshnaRajput" failures="3" tests="13" name="com.qa.HIS.BrowserCompatibility_HIS.ANMServicesTest" time="282.223" errors="0" timestamp="2025-03-26T11:45:49 IST" skipped="1">
  <testcase classname="com.qa.HIS.BrowserCompatibility_HIS.ANMServicesTest" name="doLoginTest" time="2.265"/>
  <testcase classname="com.qa.HIS.BrowserCompatibility_HIS.ANMServicesTest" name="doNavigateToSelectHospitalLocationTest" time="0.005"/>
  <testcase classname="com.qa.HIS.BrowserCompatibility_HIS.ANMServicesTest" name="doNavigateToHISHomeTest" time="9.712"/>
  <testcase classname="com.qa.HIS.BrowserCompatibility_HIS.ANMServicesTest" name="doNavigateToPatientCheckInTest" time="4.196"/>
  <testcase classname="com.qa.HIS.BrowserCompatibility_HIS.ANMServicesTest" name="doPatientCheckINTest" time="5.937"/>
  <testcase classname="com.qa.HIS.BrowserCompatibility_HIS.ANMServicesTest" name="doNavigateToDoctorWorklistTest" time="111.491"/>
  <testcase classname="com.qa.HIS.BrowserCompatibility_HIS.ANMServicesTest" name="doCasesheetprecripstionTest" time="40.612">
    <skipped/>
  </testcase> <!-- doCasesheetprecripstionTest -->
  <testcase classname="com.qa.HIS.BrowserCompatibility_HIS.ANMServicesTest" name="doANMServicesTest" time="7.179"/>
  <testcase classname="com.qa.HIS.BrowserCompatibility_HIS.ANMServicesTest" name="CLM_ANM_servicess_TC_004" time="64.397"/>
  <testcase classname="com.qa.HIS.BrowserCompatibility_HIS.ANMServicesTest" name="CLM_ANM_servicess_TC_005" time="1.623">
    <failure message="expected [Record(s) saved successfully] but found [Select OP-Checkin No.]" type="java.lang.AssertionError">
      <![CDATA[java.lang.AssertionError: expected [Record(s) saved successfully] but found [Select OP-Checkin No.]
at org.testng.Assert.fail(Assert.java:111)
at org.testng.Assert.failNotEquals(Assert.java:1590)
at org.testng.Assert.assertEqualsImpl(Assert.java:150)
at org.testng.Assert.assertEquals(Assert.java:132)
at org.testng.Assert.assertEquals(Assert.java:656)
at org.testng.Assert.assertEquals(Assert.java:666)
at com.qa.HIS.BrowserCompatibility_HIS.ANMServicesTest.CLM_ANM_servicess_TC_005(ANMServicesTest.java:302)
at java.base/jdk.internal.reflect.DirectMethodHandleAccessor.invoke(DirectMethodHandleAccessor.java:103)
at java.base/java.lang.reflect.Method.invoke(Method.java:580)
at org.testng.internal.invokers.MethodInvocationHelper.invokeMethod(MethodInvocationHelper.java:141)
at org.testng.internal.invokers.TestInvoker.invokeMethod(TestInvoker.java:687)
at org.testng.internal.invokers.TestInvoker.invokeTestMethod(TestInvoker.java:230)
at org.testng.internal.invokers.MethodRunner.runInSequence(MethodRunner.java:63)
at org.testng.internal.invokers.TestInvoker$MethodInvocationAgent.invoke(TestInvoker.java:995)
at org.testng.internal.invokers.TestInvoker.invokeTestMethods(TestInvoker.java:203)
at org.testng.internal.invokers.TestMethodWorker.invokeTestMethods(TestMethodWorker.java:154)
at org.testng.internal.invokers.TestMethodWorker.run(TestMethodWorker.java:134)
at java.base/java.util.ArrayList.forEach(ArrayList.java:1596)
at org.testng.TestRunner.privateRun(TestRunner.java:741)
at org.testng.TestRunner.run(TestRunner.java:616)
at org.testng.SuiteRunner.runTest(SuiteRunner.java:421)
at org.testng.SuiteRunner.runSequentially(SuiteRunner.java:413)
at org.testng.SuiteRunner.privateRun(SuiteRunner.java:373)
at org.testng.SuiteRunner.run(SuiteRunner.java:312)
at org.testng.SuiteRunnerWorker.runSuite(SuiteRunnerWorker.java:52)
at org.testng.SuiteRunnerWorker.run(SuiteRunnerWorker.java:95)
at org.testng.TestNG.runSuitesSequentially(TestNG.java:1274)
at org.testng.TestNG.runSuitesLocally(TestNG.java:1208)
at org.testng.TestNG.runSuites(TestNG.java:1112)
at org.testng.TestNG.run(TestNG.java:1079)
at org.testng.remote.AbstractRemoteTestNG.run(AbstractRemoteTestNG.java:115)
at org.testng.remote.RemoteTestNG.initAndRun(RemoteTestNG.java:293)
at org.testng.remote.RemoteTestNG.main(RemoteTestNG.java:91)
]]>
    </failure>
  </testcase> <!-- CLM_ANM_servicess_TC_005 -->
  <testcase classname="com.qa.HIS.BrowserCompatibility_HIS.ANMServicesTest" name="CLM_ANM_servicess_TC_006" time="0.606"/>
  <testcase classname="com.qa.HIS.BrowserCompatibility_HIS.ANMServicesTest" name="CLM_ANM_servicess_TC_0010" time="23.458">
    <failure message="expected [Please enter the reason for deleting] but found []" type="java.lang.AssertionError">
      <![CDATA[java.lang.AssertionError: expected [Please enter the reason for deleting] but found []
at org.testng.Assert.fail(Assert.java:111)
at org.testng.Assert.failNotEquals(Assert.java:1590)
at org.testng.Assert.assertEqualsImpl(Assert.java:150)
at org.testng.Assert.assertEquals(Assert.java:132)
at org.testng.Assert.assertEquals(Assert.java:656)
at org.testng.Assert.assertEquals(Assert.java:666)
at com.qa.HIS.BrowserCompatibility_HIS.ANMServicesTest.CLM_ANM_servicess_TC_0010(ANMServicesTest.java:355)
at java.base/jdk.internal.reflect.DirectMethodHandleAccessor.invoke(DirectMethodHandleAccessor.java:103)
at java.base/java.lang.reflect.Method.invoke(Method.java:580)
at org.testng.internal.invokers.MethodInvocationHelper.invokeMethod(MethodInvocationHelper.java:141)
at org.testng.internal.invokers.TestInvoker.invokeMethod(TestInvoker.java:687)
at org.testng.internal.invokers.TestInvoker.invokeTestMethod(TestInvoker.java:230)
at org.testng.internal.invokers.MethodRunner.runInSequence(MethodRunner.java:63)
at org.testng.internal.invokers.TestInvoker$MethodInvocationAgent.invoke(TestInvoker.java:995)
at org.testng.internal.invokers.TestInvoker.invokeTestMethods(TestInvoker.java:203)
at org.testng.internal.invokers.TestMethodWorker.invokeTestMethods(TestMethodWorker.java:154)
at org.testng.internal.invokers.TestMethodWorker.run(TestMethodWorker.java:134)
at java.base/java.util.ArrayList.forEach(ArrayList.java:1596)
at org.testng.TestRunner.privateRun(TestRunner.java:741)
at org.testng.TestRunner.run(TestRunner.java:616)
at org.testng.SuiteRunner.runTest(SuiteRunner.java:421)
at org.testng.SuiteRunner.runSequentially(SuiteRunner.java:413)
at org.testng.SuiteRunner.privateRun(SuiteRunner.java:373)
at org.testng.SuiteRunner.run(SuiteRunner.java:312)
at org.testng.SuiteRunnerWorker.runSuite(SuiteRunnerWorker.java:52)
at org.testng.SuiteRunnerWorker.run(SuiteRunnerWorker.java:95)
at org.testng.TestNG.runSuitesSequentially(TestNG.java:1274)
at org.testng.TestNG.runSuitesLocally(TestNG.java:1208)
at org.testng.TestNG.runSuites(TestNG.java:1112)
at org.testng.TestNG.run(TestNG.java:1079)
at org.testng.remote.AbstractRemoteTestNG.run(AbstractRemoteTestNG.java:115)
at org.testng.remote.RemoteTestNG.initAndRun(RemoteTestNG.java:293)
at org.testng.remote.RemoteTestNG.main(RemoteTestNG.java:91)
]]>
    </failure>
  </testcase> <!-- CLM_ANM_servicess_TC_0010 -->
  <testcase classname="com.qa.HIS.BrowserCompatibility_HIS.ANMServicesTest" name="CLM_ANM_servicess_TC_011" time="10.742">
    <failure message="Test failed: OP-Checkin number is invalid, and reason field did not appear." type="java.lang.AssertionError">
      <![CDATA[java.lang.AssertionError: Test failed: OP-Checkin number is invalid, and reason field did not appear.
at org.testng.Assert.fail(Assert.java:111)
at com.qa.HIS.BrowserCompatibility_HIS.ANMServicesTest.CLM_ANM_servicess_TC_011(ANMServicesTest.java:370)
at java.base/jdk.internal.reflect.DirectMethodHandleAccessor.invoke(DirectMethodHandleAccessor.java:103)
at java.base/java.lang.reflect.Method.invoke(Method.java:580)
at org.testng.internal.invokers.MethodInvocationHelper.invokeMethod(MethodInvocationHelper.java:141)
at org.testng.internal.invokers.TestInvoker.invokeMethod(TestInvoker.java:687)
at org.testng.internal.invokers.TestInvoker.invokeTestMethod(TestInvoker.java:230)
at org.testng.internal.invokers.MethodRunner.runInSequence(MethodRunner.java:63)
at org.testng.internal.invokers.TestInvoker$MethodInvocationAgent.invoke(TestInvoker.java:995)
at org.testng.internal.invokers.TestInvoker.invokeTestMethods(TestInvoker.java:203)
at org.testng.internal.invokers.TestMethodWorker.invokeTestMethods(TestMethodWorker.java:154)
at org.testng.internal.invokers.TestMethodWorker.run(TestMethodWorker.java:134)
at java.base/java.util.ArrayList.forEach(ArrayList.java:1596)
at org.testng.TestRunner.privateRun(TestRunner.java:741)
at org.testng.TestRunner.run(TestRunner.java:616)
at org.testng.SuiteRunner.runTest(SuiteRunner.java:421)
at org.testng.SuiteRunner.runSequentially(SuiteRunner.java:413)
at org.testng.SuiteRunner.privateRun(SuiteRunner.java:373)
at org.testng.SuiteRunner.run(SuiteRunner.java:312)
at org.testng.SuiteRunnerWorker.runSuite(SuiteRunnerWorker.java:52)
at org.testng.SuiteRunnerWorker.run(SuiteRunnerWorker.java:95)
at org.testng.TestNG.runSuitesSequentially(TestNG.java:1274)
at org.testng.TestNG.runSuitesLocally(TestNG.java:1208)
at org.testng.TestNG.runSuites(TestNG.java:1112)
at org.testng.TestNG.run(TestNG.java:1079)
at org.testng.remote.AbstractRemoteTestNG.run(AbstractRemoteTestNG.java:115)
at org.testng.remote.RemoteTestNG.initAndRun(RemoteTestNG.java:293)
at org.testng.remote.RemoteTestNG.main(RemoteTestNG.java:91)
]]>
    </failure>
  </testcase> <!-- CLM_ANM_servicess_TC_011 -->
</testsuite> <!-- com.qa.HIS.BrowserCompatibility_HIS.ANMServicesTest -->
