<?xml version="1.0" encoding="UTF-8"?>
<!-- Generated by org.testng.reporters.JUnitReportReporter -->
<testsuite hostname="DESKTOP-V3HC333" failures="0" tests="11" name="com.qa.HIS.BrowserCompatibility_HIS.StoreConsumptionTest" time="89.134" errors="2" timestamp="2023-11-14T16:25:59 IST" skipped="0">
  <testcase classname="com.qa.HIS.BrowserCompatibility_HIS.StoreConsumptionTest" name="doLoginTest" time="0.741"/>
  <system-out/>
  <testcase classname="com.qa.HIS.BrowserCompatibility_HIS.StoreConsumptionTest" name="doNavigateToSelectHospitalLocationTest" time="0.003"/>
  <system-out/>
  <testcase classname="com.qa.HIS.BrowserCompatibility_HIS.StoreConsumptionTest" name="doNavigateToHISHomeTest" time="12.024"/>
  <system-out/>
  <testcase classname="com.qa.HIS.BrowserCompatibility_HIS.StoreConsumptionTest" name="doNavigateStoreConsumptionTest" time="1.243"/>
  <system-out/>
  <testcase classname="com.qa.HIS.BrowserCompatibility_HIS.StoreConsumptionTest" name="TC_Store_Consumption_004" time="3.102"/>
  <system-out/>
  <testcase classname="com.qa.HIS.BrowserCompatibility_HIS.StoreConsumptionTest" name="TC_Store_Consumption_005" time="5.408"/>
  <system-out/>
  <testcase classname="com.qa.HIS.BrowserCompatibility_HIS.StoreConsumptionTest" name="TC_Store_Consumption_006" time="8.788"/>
  <system-out/>
  <testcase classname="com.qa.HIS.BrowserCompatibility_HIS.StoreConsumptionTest" name="TC_Store_Consumption_009" time="4.298"/>
  <system-out/>
  <testcase classname="com.qa.HIS.BrowserCompatibility_HIS.StoreConsumptionTest" name="TC_Store_Consumption_010" time="24.626">
    <error message="Cannot invoke &quot;org.openqa.selenium.WebElement.isDisplayed()&quot; because &quot;element&quot; is null" type="java.lang.NullPointerException">
      <![CDATA[java.lang.NullPointerException: Cannot invoke "org.openqa.selenium.WebElement.isDisplayed()" because "element" is null
at org.openqa.selenium.support.ui.ExpectedConditions.isInvisible(ExpectedConditions.java:1389)
at org.openqa.selenium.support.ui.ExpectedConditions.access$200(ExpectedConditions.java:40)
at org.openqa.selenium.support.ui.ExpectedConditions$48.apply(ExpectedConditions.java:1377)
at org.openqa.selenium.support.ui.ExpectedConditions$48.apply(ExpectedConditions.java:1373)
at org.openqa.selenium.support.ui.FluentWait.until(FluentWait.java:208)
at com.qa.HIS.BrowserCompatibility_HIS.StoreConsumptionTest.TC_Store_Consumption_010(StoreConsumptionTest.java:119)
at java.base/jdk.internal.reflect.NativeMethodAccessorImpl.invoke0(Native Method)
at java.base/jdk.internal.reflect.NativeMethodAccessorImpl.invoke(NativeMethodAccessorImpl.java:77)
at java.base/jdk.internal.reflect.DelegatingMethodAccessorImpl.invoke(DelegatingMethodAccessorImpl.java:43)
at java.base/java.lang.reflect.Method.invoke(Method.java:568)
at org.testng.internal.MethodInvocationHelper.invokeMethod(MethodInvocationHelper.java:133)
at org.testng.internal.TestInvoker.invokeMethod(TestInvoker.java:598)
at org.testng.internal.TestInvoker.invokeTestMethod(TestInvoker.java:173)
at org.testng.internal.MethodRunner.runInSequence(MethodRunner.java:46)
at org.testng.internal.TestInvoker$MethodInvocationAgent.invoke(TestInvoker.java:824)
at org.testng.internal.TestInvoker.invokeTestMethods(TestInvoker.java:146)
at org.testng.internal.TestMethodWorker.invokeTestMethods(TestMethodWorker.java:146)
at org.testng.internal.TestMethodWorker.run(TestMethodWorker.java:128)
at java.base/java.util.ArrayList.forEach(ArrayList.java:1511)
at org.testng.TestRunner.privateRun(TestRunner.java:794)
at org.testng.TestRunner.run(TestRunner.java:596)
at org.testng.SuiteRunner.runTest(SuiteRunner.java:377)
at org.testng.SuiteRunner.runSequentially(SuiteRunner.java:371)
at org.testng.SuiteRunner.privateRun(SuiteRunner.java:332)
at org.testng.SuiteRunner.run(SuiteRunner.java:276)
at org.testng.SuiteRunnerWorker.runSuite(SuiteRunnerWorker.java:53)
at org.testng.SuiteRunnerWorker.run(SuiteRunnerWorker.java:96)
at org.testng.TestNG.runSuitesSequentially(TestNG.java:1212)
at org.testng.TestNG.runSuitesLocally(TestNG.java:1134)
at org.testng.TestNG.runSuites(TestNG.java:1063)
at org.testng.TestNG.run(TestNG.java:1031)
at org.testng.remote.AbstractRemoteTestNG.run(AbstractRemoteTestNG.java:115)
at org.testng.remote.RemoteTestNG.initAndRun(RemoteTestNG.java:251)
at org.testng.remote.RemoteTestNG.main(RemoteTestNG.java:77)
]]>
    </error>
  </testcase> <!-- TC_Store_Consumption_010 -->
  <system-out/>
  <testcase classname="com.qa.HIS.BrowserCompatibility_HIS.StoreConsumptionTest" name="TC_Store_Consumption_011" time="4.553"/>
  <system-out/>
  <testcase classname="com.qa.HIS.BrowserCompatibility_HIS.StoreConsumptionTest" name="TC_Store_Consumption_012" time="24.348">
    <error message="Cannot invoke &quot;org.openqa.selenium.WebElement.click()&quot; because the return value of &quot;com.qa.pages.AdjustmentLBStoreConsumptionPage.getAdjustmentNoCheckbox()&quot; is null" type="java.lang.NullPointerException">
      <![CDATA[java.lang.NullPointerException: Cannot invoke "org.openqa.selenium.WebElement.click()" because the return value of "com.qa.pages.AdjustmentLBStoreConsumptionPage.getAdjustmentNoCheckbox()" is null
at com.qa.HIS.BrowserCompatibility_HIS.StoreConsumptionTest.TC_Store_Consumption_012(StoreConsumptionTest.java:134)
at java.base/jdk.internal.reflect.NativeMethodAccessorImpl.invoke0(Native Method)
at java.base/jdk.internal.reflect.NativeMethodAccessorImpl.invoke(NativeMethodAccessorImpl.java:77)
at java.base/jdk.internal.reflect.DelegatingMethodAccessorImpl.invoke(DelegatingMethodAccessorImpl.java:43)
at java.base/java.lang.reflect.Method.invoke(Method.java:568)
at org.testng.internal.MethodInvocationHelper.invokeMethod(MethodInvocationHelper.java:133)
at org.testng.internal.TestInvoker.invokeMethod(TestInvoker.java:598)
at org.testng.internal.TestInvoker.invokeTestMethod(TestInvoker.java:173)
at org.testng.internal.MethodRunner.runInSequence(MethodRunner.java:46)
at org.testng.internal.TestInvoker$MethodInvocationAgent.invoke(TestInvoker.java:824)
at org.testng.internal.TestInvoker.invokeTestMethods(TestInvoker.java:146)
at org.testng.internal.TestMethodWorker.invokeTestMethods(TestMethodWorker.java:146)
at org.testng.internal.TestMethodWorker.run(TestMethodWorker.java:128)
at java.base/java.util.ArrayList.forEach(ArrayList.java:1511)
at org.testng.TestRunner.privateRun(TestRunner.java:794)
at org.testng.TestRunner.run(TestRunner.java:596)
at org.testng.SuiteRunner.runTest(SuiteRunner.java:377)
at org.testng.SuiteRunner.runSequentially(SuiteRunner.java:371)
at org.testng.SuiteRunner.privateRun(SuiteRunner.java:332)
at org.testng.SuiteRunner.run(SuiteRunner.java:276)
at org.testng.SuiteRunnerWorker.runSuite(SuiteRunnerWorker.java:53)
at org.testng.SuiteRunnerWorker.run(SuiteRunnerWorker.java:96)
at org.testng.TestNG.runSuitesSequentially(TestNG.java:1212)
at org.testng.TestNG.runSuitesLocally(TestNG.java:1134)
at org.testng.TestNG.runSuites(TestNG.java:1063)
at org.testng.TestNG.run(TestNG.java:1031)
at org.testng.remote.AbstractRemoteTestNG.run(AbstractRemoteTestNG.java:115)
at org.testng.remote.RemoteTestNG.initAndRun(RemoteTestNG.java:251)
at org.testng.remote.RemoteTestNG.main(RemoteTestNG.java:77)
]]>
    </error>
  </testcase> <!-- TC_Store_Consumption_012 -->
  <system-out/>
</testsuite> <!-- com.qa.HIS.BrowserCompatibility_HIS.StoreConsumptionTest -->
