<?xml version="1.0" encoding="UTF-8"?>
<!-- Generated by org.testng.reporters.JUnitReportReporter -->
<testsuite hostname="DESKTOP-7NG2LHI" failures="0" tests="11" name="com.qa.HIS.BrowserCompatibility_HIS.PatientAdmissionTest" time="399.954" errors="1" timestamp="2024-04-19T15:34:03 IST" skipped="0">
  <testcase classname="com.qa.HIS.BrowserCompatibility_HIS.PatientAdmissionTest" name="doLoginTest" time="1.364"/>
  <system-out/>
  <testcase classname="com.qa.HIS.BrowserCompatibility_HIS.PatientAdmissionTest" name="doNavigateToSelectHospitalLocationTest" time="1.019"/>
  <system-out/>
  <testcase classname="com.qa.HIS.BrowserCompatibility_HIS.PatientAdmissionTest" name="doNavigateToHISHomeTest" time="7.514"/>
  <system-out/>
  <testcase classname="com.qa.HIS.BrowserCompatibility_HIS.PatientAdmissionTest" name="doNavigateToPatientAdmissionTest" time="3.153"/>
  <system-out/>
  <testcase classname="com.qa.HIS.BrowserCompatibility_HIS.PatientAdmissionTest" name="Registration_Patient_Admission_TC_1" time="79.679"/>
  <system-out/>
  <testcase classname="com.qa.HIS.BrowserCompatibility_HIS.PatientAdmissionTest" name="Registration_Patient_Admission_TC_2" time="75.201"/>
  <system-out/>
  <testcase classname="com.qa.HIS.BrowserCompatibility_HIS.PatientAdmissionTest" name="Registration_Patient_Admission_TC_3" time="12.231"/>
  <system-out/>
  <testcase classname="com.qa.HIS.BrowserCompatibility_HIS.PatientAdmissionTest" name="Registration_Patient_Admission_TC_5" time="62.415">
    <error message="Expected condition failed: waiting for element to be clickable: By.id: ctl00_cphpage_btnDepositDetails (tried for 60 second(s) with 500 milliseconds interval)
Build info: version: &#039;4.0.0&#039;, revision: &#039;3a21814679&#039;
System info: host: &#039;DESKTOP-7NG2LHI&#039;, ip: &#039;10.20.22.17&#039;, os.name: &#039;Windows 11&#039;, os.arch: &#039;amd64&#039;, os.version: &#039;10.0&#039;, java.version: &#039;17.0.8.1&#039;
Driver info: org.openqa.selenium.firefox.FirefoxDriver
Capabilities {acceptInsecureCerts: true, browserName: firefox, browserVersion: 124.0.2, javascriptEnabled: true, moz:accessibilityChecks: false, moz:buildID: 20240401114208, moz:debuggerAddress: 127.0.0.1:57097, moz:geckodriverVersion: 0.30.0, moz:headless: false, moz:platformVersion: 10.0, moz:processID: 4216, moz:profile: C:\Users\PRESTO~1\AppData\L..., moz:shutdownTimeout: 60000, moz:webdriverClick: true, moz:windowless: false, pageLoadStrategy: normal, platform: WINDOWS, platformName: WINDOWS, proxy: Proxy(), se:cdp: ws://127.0.0.1:57097/devtoo..., se:cdpVersion: 85, setWindowRect: true, strictFileInteractability: false, timeouts: {implicit: 0, pageLoad: 300000, script: 30000}, unhandledPromptBehavior: dismiss and notify}
Session ID: 1e9a50fb-1a83-4304-8473-d39aa6a8bad1" type="org.openqa.selenium.TimeoutException">
      <![CDATA[org.openqa.selenium.TimeoutException: Expected condition failed: waiting for element to be clickable: By.id: ctl00_cphpage_btnDepositDetails (tried for 60 second(s) with 500 milliseconds interval)
Build info: version: '4.0.0', revision: '3a21814679'
System info: host: 'DESKTOP-7NG2LHI', ip: '10.20.22.17', os.name: 'Windows 11', os.arch: 'amd64', os.version: '10.0', java.version: '17.0.8.1'
Driver info: org.openqa.selenium.firefox.FirefoxDriver
Capabilities {acceptInsecureCerts: true, browserName: firefox, browserVersion: 124.0.2, javascriptEnabled: true, moz:accessibilityChecks: false, moz:buildID: 20240401114208, moz:debuggerAddress: 127.0.0.1:57097, moz:geckodriverVersion: 0.30.0, moz:headless: false, moz:platformVersion: 10.0, moz:processID: 4216, moz:profile: C:\Users\PRESTO~1\AppData\L..., moz:shutdownTimeout: 60000, moz:webdriverClick: true, moz:windowless: false, pageLoadStrategy: normal, platform: WINDOWS, platformName: WINDOWS, proxy: Proxy(), se:cdp: ws://127.0.0.1:57097/devtoo..., se:cdpVersion: 85, setWindowRect: true, strictFileInteractability: false, timeouts: {implicit: 0, pageLoad: 300000, script: 30000}, unhandledPromptBehavior: dismiss and notify}
Session ID: 1e9a50fb-1a83-4304-8473-d39aa6a8bad1
at org.openqa.selenium.support.ui.WebDriverWait.timeoutException(WebDriverWait.java:138)
at org.openqa.selenium.support.ui.FluentWait.until(FluentWait.java:231)
at com.qa.HIS.BrowserCompatibility_HIS.PatientAdmissionTest.Registration_Patient_Admission_TC_5(PatientAdmissionTest.java:163)
at java.base/jdk.internal.reflect.NativeMethodAccessorImpl.invoke0(Native Method)
at java.base/jdk.internal.reflect.NativeMethodAccessorImpl.invoke(NativeMethodAccessorImpl.java:77)
at java.base/jdk.internal.reflect.DelegatingMethodAccessorImpl.invoke(DelegatingMethodAccessorImpl.java:43)
at java.base/java.lang.reflect.Method.invoke(Method.java:568)
at org.testng.internal.MethodInvocationHelper.invokeMethod(MethodInvocationHelper.java:133)
at org.testng.internal.TestInvoker.invokeMethod(TestInvoker.java:598)
at org.testng.internal.TestInvoker.invokeTestMethod(TestInvoker.java:173)
at org.testng.internal.MethodRunner.runInSequence(MethodRunner.java:46)
at org.testng.internal.TestInvoker$MethodInvocationAgent.invoke(TestInvoker.java:824)
at org.testng.internal.TestInvoker.invokeTestMethods(TestInvoker.java:146)
at org.testng.internal.TestMethodWorker.invokeTestMethods(TestMethodWorker.java:146)
at org.testng.internal.TestMethodWorker.run(TestMethodWorker.java:128)
at java.base/java.util.ArrayList.forEach(ArrayList.java:1511)
at org.testng.TestRunner.privateRun(TestRunner.java:794)
at org.testng.TestRunner.run(TestRunner.java:596)
at org.testng.SuiteRunner.runTest(SuiteRunner.java:377)
at org.testng.SuiteRunner.runSequentially(SuiteRunner.java:371)
at org.testng.SuiteRunner.privateRun(SuiteRunner.java:332)
at org.testng.SuiteRunner.run(SuiteRunner.java:276)
at org.testng.SuiteRunnerWorker.runSuite(SuiteRunnerWorker.java:53)
at org.testng.SuiteRunnerWorker.run(SuiteRunnerWorker.java:96)
at org.testng.TestNG.runSuitesSequentially(TestNG.java:1212)
at org.testng.TestNG.runSuitesLocally(TestNG.java:1134)
at org.testng.TestNG.runSuites(TestNG.java:1063)
at org.testng.TestNG.run(TestNG.java:1031)
at org.testng.remote.AbstractRemoteTestNG.run(AbstractRemoteTestNG.java:115)
at org.testng.remote.RemoteTestNG.initAndRun(RemoteTestNG.java:251)
at org.testng.remote.RemoteTestNG.main(RemoteTestNG.java:77)
]]>
    </error>
  </testcase> <!-- Registration_Patient_Admission_TC_5 -->
  <system-out/>
  <testcase classname="com.qa.HIS.BrowserCompatibility_HIS.PatientAdmissionTest" name="Registration_Patient_Admission_TC_7" time="125.476"/>
  <system-out/>
  <testcase classname="com.qa.HIS.BrowserCompatibility_HIS.PatientAdmissionTest" name="Registration_Patient_Admission_TC_9" time="27.392"/>
  <system-out/>
  <testcase classname="com.qa.HIS.BrowserCompatibility_HIS.PatientAdmissionTest" name="Registration_Patient_Admission_TC_6" time="4.510"/>
  <system-out/>
</testsuite> <!-- com.qa.HIS.BrowserCompatibility_HIS.PatientAdmissionTest -->
