<?xml version="1.0" encoding="UTF-8"?>
<!-- Generated by org.testng.reporters.JUnitReportReporter -->
<testsuite hostname="DESKTOP-V3HC333" failures="1" tests="30" name="com.qa.HIS.BrowserCompatibility_HIS.MATest2" time="72.300" errors="2" timestamp="2024-02-19T18:43:35 IST" skipped="0">
  <testcase classname="com.qa.HIS.BrowserCompatibility_HIS.MATest2" name="doLoginTest" time="0.560"/>
  <system-out/>
  <testcase classname="com.qa.HIS.BrowserCompatibility_HIS.MATest2" name="doNavigateToSelectHospitalLocationTest" time="0.003"/>
  <system-out/>
  <testcase classname="com.qa.HIS.BrowserCompatibility_HIS.MATest2" name="doNavigateToHISHomeTest" time="7.017"/>
  <system-out/>
  <testcase classname="com.qa.HIS.BrowserCompatibility_HIS.MATest2" name="doNavigateToMALetterGenerationforHosptitaslLinks" time="0.551"/>
  <system-out/>
  <testcase classname="com.qa.HIS.BrowserCompatibility_HIS.MATest2" name="TC_MA_004" time="0.002"/>
  <system-out/>
  <testcase classname="com.qa.HIS.BrowserCompatibility_HIS.MATest2" name="TC_MA_Page2_All_checkbox" time="8.305"/>
  <system-out/>
  <testcase classname="com.qa.HIS.BrowserCompatibility_HIS.MATest2" name="TC_MA_Page2_All_Dropdown" time="8.758"/>
  <system-out/>
  <testcase classname="com.qa.HIS.BrowserCompatibility_HIS.MATest2" name="TC_MA_Page2_All_entries" time="0.894"/>
  <system-out/>
  <testcase classname="com.qa.HIS.BrowserCompatibility_HIS.MATest2" name="TC_MA_Page2_All_unchecking" time="8.526"/>
  <system-out/>
  <testcase classname="com.qa.HIS.BrowserCompatibility_HIS.MATest2" name="TC_MA_Page2_Redo_All_checkbox" time="8.476"/>
  <system-out/>
  <testcase classname="com.qa.HIS.BrowserCompatibility_HIS.MATest2" name="TC_MA_Page2_Redo_All_Dropdown" time="8.650"/>
  <system-out/>
  <testcase classname="com.qa.HIS.BrowserCompatibility_HIS.MATest2" name="TC_MA_Page2_Redo_All_entries" time="0.869"/>
  <system-out/>
  <testcase classname="com.qa.HIS.BrowserCompatibility_HIS.MATest2" name="TC_MA_Page2_add_new_field" time="1.059"/>
  <system-out/>
  <testcase classname="com.qa.HIS.BrowserCompatibility_HIS.MATest2" name="TC_MA_Page2_new_field_2" time="0.869"/>
  <system-out/>
  <testcase classname="com.qa.HIS.BrowserCompatibility_HIS.MATest2" name="TC_MA_Page2_add_new_field3" time="0.879"/>
  <system-out/>
  <testcase classname="com.qa.HIS.BrowserCompatibility_HIS.MATest2" name="TC_MA_Page2_add_new_field4" time="0.301">
    <failure message="expected [enthropology1244567788] but found [enthropology1234567788]" type="java.lang.AssertionError">
      <![CDATA[java.lang.AssertionError: expected [enthropology1244567788] but found [enthropology1234567788]
at org.testng.Assert.fail(Assert.java:99)
at org.testng.Assert.failNotEquals(Assert.java:1037)
at org.testng.Assert.assertEqualsImpl(Assert.java:140)
at org.testng.Assert.assertEquals(Assert.java:122)
at org.testng.Assert.assertEquals(Assert.java:629)
at org.testng.Assert.assertEquals(Assert.java:639)
at com.qa.HIS.BrowserCompatibility_HIS.MATest2.TC_MA_Page2_add_new_field4(MATest2.java:439)
at java.base/jdk.internal.reflect.NativeMethodAccessorImpl.invoke0(Native Method)
at java.base/jdk.internal.reflect.NativeMethodAccessorImpl.invoke(NativeMethodAccessorImpl.java:77)
at java.base/jdk.internal.reflect.DelegatingMethodAccessorImpl.invoke(DelegatingMethodAccessorImpl.java:43)
at java.base/java.lang.reflect.Method.invoke(Method.java:568)
at org.testng.internal.MethodInvocationHelper.invokeMethod(MethodInvocationHelper.java:133)
at org.testng.internal.TestInvoker.invokeMethod(TestInvoker.java:598)
at org.testng.internal.TestInvoker.invokeTestMethod(TestInvoker.java:173)
at org.testng.internal.MethodRunner.runInSequence(MethodRunner.java:46)
at org.testng.internal.TestInvoker$MethodInvocationAgent.invoke(TestInvoker.java:824)
at org.testng.internal.TestInvoker.invokeTestMethods(TestInvoker.java:146)
at org.testng.internal.TestMethodWorker.invokeTestMethods(TestMethodWorker.java:146)
at org.testng.internal.TestMethodWorker.run(TestMethodWorker.java:128)
at java.base/java.util.ArrayList.forEach(ArrayList.java:1511)
at org.testng.TestRunner.privateRun(TestRunner.java:794)
at org.testng.TestRunner.run(TestRunner.java:596)
at org.testng.SuiteRunner.runTest(SuiteRunner.java:377)
at org.testng.SuiteRunner.runSequentially(SuiteRunner.java:371)
at org.testng.SuiteRunner.privateRun(SuiteRunner.java:332)
at org.testng.SuiteRunner.run(SuiteRunner.java:276)
at org.testng.SuiteRunnerWorker.runSuite(SuiteRunnerWorker.java:53)
at org.testng.SuiteRunnerWorker.run(SuiteRunnerWorker.java:96)
at org.testng.TestNG.runSuitesSequentially(TestNG.java:1212)
at org.testng.TestNG.runSuitesLocally(TestNG.java:1134)
at org.testng.TestNG.runSuites(TestNG.java:1063)
at org.testng.TestNG.run(TestNG.java:1031)
at org.testng.remote.AbstractRemoteTestNG.run(AbstractRemoteTestNG.java:115)
at org.testng.remote.RemoteTestNG.initAndRun(RemoteTestNG.java:251)
at org.testng.remote.RemoteTestNG.main(RemoteTestNG.java:77)
]]>
    </failure>
  </testcase> <!-- TC_MA_Page2_add_new_field4 -->
  <system-out/>
  <testcase classname="com.qa.HIS.BrowserCompatibility_HIS.MATest2" name="TC_MA_Page2_add_new_field5" time="0.883"/>
  <system-out/>
  <testcase classname="com.qa.HIS.BrowserCompatibility_HIS.MATest2" name="TC_MA_Page2_new_field_2_delete" time="0.252"/>
  <system-out/>
  <testcase classname="com.qa.HIS.BrowserCompatibility_HIS.MATest2" name="TC_MA_Page2_Is_Ayush_available" time="0.257"/>
  <system-out/>
  <testcase classname="com.qa.HIS.BrowserCompatibility_HIS.MATest2" name="TC_MA_Ayush_checkbox" time="1.481"/>
  <system-out/>
  <testcase classname="com.qa.HIS.BrowserCompatibility_HIS.MATest2" name="TC_MA_Ayush_dropdown" time="1.513"/>
  <system-out/>
  <testcase classname="com.qa.HIS.BrowserCompatibility_HIS.MATest2" name="TC_MA_Ayush_entry" time="2.327"/>
  <system-out/>
  <testcase classname="com.qa.HIS.BrowserCompatibility_HIS.MATest2" name="TC_MA_Ayush_unchecking" time="1.496"/>
  <system-out/>
  <testcase classname="com.qa.HIS.BrowserCompatibility_HIS.MATest2" name="TC_MA_Ayush_Redo_checkbox" time="1.498"/>
  <system-out/>
  <testcase classname="com.qa.HIS.BrowserCompatibility_HIS.MATest2" name="TC_MA_Ayush_Redo_dropdown" time="1.527"/>
  <system-out/>
  <testcase classname="com.qa.HIS.BrowserCompatibility_HIS.MATest2" name="TC_MA_Ayush_Redo_entry" time="2.335"/>
  <system-out/>
  <testcase classname="com.qa.HIS.BrowserCompatibility_HIS.MATest2" name="TC_MA_Ayush_entry_Autocheck" time="0.126"/>
  <system-out/>
  <testcase classname="com.qa.HIS.BrowserCompatibility_HIS.MATest2" name="TC_MA_Page_2_mandatory_alert_check" time="0.190">
    <error message="Dismissed user prompt dialog: Please enter Dynamic Column 4 value.: 
Build info: version: &#039;4.0.0&#039;, revision: &#039;3a21814679&#039;
System info: host: &#039;DESKTOP-V3HC333&#039;, ip: &#039;192.168.0.117&#039;, os.name: &#039;Windows 11&#039;, os.arch: &#039;amd64&#039;, os.version: &#039;10.0&#039;, java.version: &#039;17.0.8.1&#039;
Driver info: org.openqa.selenium.firefox.FirefoxDriver
Command: [27200adc-de03-400e-91fd-8ad600b55235, screenshot {}]
Capabilities {acceptInsecureCerts: true, browserName: firefox, browserVersion: 121.0.1, javascriptEnabled: true, moz:accessibilityChecks: false, moz:buildID: 20240108143603, moz:debuggerAddress: 127.0.0.1:57697, moz:geckodriverVersion: 0.30.0, moz:headless: false, moz:platformVersion: 10.0, moz:processID: 23900, moz:profile: C:\Users\Presto\AppData\Loc..., moz:shutdownTimeout: 60000, moz:webdriverClick: true, moz:windowless: false, pageLoadStrategy: normal, platform: WINDOWS, platformName: WINDOWS, proxy: Proxy(), se:cdp: ws://127.0.0.1:57697/devtoo..., se:cdpVersion: 85, setWindowRect: true, strictFileInteractability: false, timeouts: {implicit: 0, pageLoad: 300000, script: 30000}, unhandledPromptBehavior: dismiss and notify}
Session ID: 27200adc-de03-400e-91fd-8ad600b55235" type="org.openqa.selenium.UnhandledAlertException">
      <![CDATA[org.openqa.selenium.UnhandledAlertException: Dismissed user prompt dialog: Please enter Dynamic Column 4 value.: 
Build info: version: '4.0.0', revision: '3a21814679'
System info: host: 'DESKTOP-V3HC333', ip: '192.168.0.117', os.name: 'Windows 11', os.arch: 'amd64', os.version: '10.0', java.version: '17.0.8.1'
Driver info: org.openqa.selenium.firefox.FirefoxDriver
Command: [27200adc-de03-400e-91fd-8ad600b55235, screenshot {}]
Capabilities {acceptInsecureCerts: true, browserName: firefox, browserVersion: 121.0.1, javascriptEnabled: true, moz:accessibilityChecks: false, moz:buildID: 20240108143603, moz:debuggerAddress: 127.0.0.1:57697, moz:geckodriverVersion: 0.30.0, moz:headless: false, moz:platformVersion: 10.0, moz:processID: 23900, moz:profile: C:\Users\Presto\AppData\Loc..., moz:shutdownTimeout: 60000, moz:webdriverClick: true, moz:windowless: false, pageLoadStrategy: normal, platform: WINDOWS, platformName: WINDOWS, proxy: Proxy(), se:cdp: ws://127.0.0.1:57697/devtoo..., se:cdpVersion: 85, setWindowRect: true, strictFileInteractability: false, timeouts: {implicit: 0, pageLoad: 300000, script: 30000}, unhandledPromptBehavior: dismiss and notify}
Session ID: 27200adc-de03-400e-91fd-8ad600b55235
at org.openqa.selenium.remote.codec.w3c.W3CHttpResponseCodec.decode(W3CHttpResponseCodec.java:131)
at org.openqa.selenium.remote.codec.w3c.W3CHttpResponseCodec.decode(W3CHttpResponseCodec.java:53)
at org.openqa.selenium.remote.HttpCommandExecutor.execute(HttpCommandExecutor.java:184)
at org.openqa.selenium.remote.service.DriverCommandExecutor.invokeExecute(DriverCommandExecutor.java:164)
at org.openqa.selenium.remote.service.DriverCommandExecutor.execute(DriverCommandExecutor.java:139)
at org.openqa.selenium.remote.RemoteWebDriver.execute(RemoteWebDriver.java:559)
at org.openqa.selenium.remote.RemoteWebDriver.execute(RemoteWebDriver.java:614)
at org.openqa.selenium.remote.RemoteWebDriver.execute(RemoteWebDriver.java:618)
at org.openqa.selenium.remote.RemoteWebDriver.getScreenshotAs(RemoteWebDriver.java:349)
at com.qa.HIS.BrowserCompatibility_HIS.util.getScreenshot(util.java:419)
at com.qa.HIS.BrowserCompatibility_HIS.Listner.onTestFailure(Listner.java:71)
at org.testng.internal.TestListenerHelper.runTestListeners(TestListenerHelper.java:96)
at org.testng.internal.TestInvoker.runTestResultListener(TestInvoker.java:219)
at org.testng.internal.TestInvoker.invokeMethod(TestInvoker.java:656)
at org.testng.internal.TestInvoker.invokeTestMethod(TestInvoker.java:173)
at org.testng.internal.MethodRunner.runInSequence(MethodRunner.java:46)
at org.testng.internal.TestInvoker$MethodInvocationAgent.invoke(TestInvoker.java:824)
at org.testng.internal.TestInvoker.invokeTestMethods(TestInvoker.java:146)
at org.testng.internal.TestMethodWorker.invokeTestMethods(TestMethodWorker.java:146)
at org.testng.internal.TestMethodWorker.run(TestMethodWorker.java:128)
at java.base/java.util.ArrayList.forEach(ArrayList.java:1511)
at org.testng.TestRunner.privateRun(TestRunner.java:794)
at org.testng.TestRunner.run(TestRunner.java:596)
at org.testng.SuiteRunner.runTest(SuiteRunner.java:377)
at org.testng.SuiteRunner.runSequentially(SuiteRunner.java:371)
at org.testng.SuiteRunner.privateRun(SuiteRunner.java:332)
at org.testng.SuiteRunner.run(SuiteRunner.java:276)
at org.testng.SuiteRunnerWorker.runSuite(SuiteRunnerWorker.java:53)
at org.testng.SuiteRunnerWorker.run(SuiteRunnerWorker.java:96)
at org.testng.TestNG.runSuitesSequentially(TestNG.java:1212)
at org.testng.TestNG.runSuitesLocally(TestNG.java:1134)
at org.testng.TestNG.runSuites(TestNG.java:1063)
at org.testng.TestNG.run(TestNG.java:1031)
at org.testng.remote.AbstractRemoteTestNG.run(AbstractRemoteTestNG.java:115)
at org.testng.remote.RemoteTestNG.initAndRun(RemoteTestNG.java:251)
at org.testng.remote.RemoteTestNG.main(RemoteTestNG.java:77)
]]>
    </error>
  </testcase> <!-- TC_MA_Page_2_mandatory_alert_check -->
  <system-out/>
  <testcase classname="com.qa.HIS.BrowserCompatibility_HIS.MATest2" name="TC_MA_Page_1_AttendanceAyurveda_plus_AverageAttendanceAyurveda_autocheck" time="0.614"/>
  <system-out/>
  <testcase classname="com.qa.HIS.BrowserCompatibility_HIS.MATest2" name="TC_MA_Page_2_save_and_next_and_previous" time="2.082">
    <error message="Dismissed user prompt dialog: Please enter Dynamic Column 4 value.: 
Build info: version: &#039;4.0.0&#039;, revision: &#039;3a21814679&#039;
System info: host: &#039;DESKTOP-V3HC333&#039;, ip: &#039;192.168.0.117&#039;, os.name: &#039;Windows 11&#039;, os.arch: &#039;amd64&#039;, os.version: &#039;10.0&#039;, java.version: &#039;17.0.8.1&#039;
Driver info: org.openqa.selenium.firefox.FirefoxDriver
Command: [27200adc-de03-400e-91fd-8ad600b55235, findElement {using=id, value=ctl00_cphpage_btnPrevious}]
Capabilities {acceptInsecureCerts: true, browserName: firefox, browserVersion: 121.0.1, javascriptEnabled: true, moz:accessibilityChecks: false, moz:buildID: 20240108143603, moz:debuggerAddress: 127.0.0.1:57697, moz:geckodriverVersion: 0.30.0, moz:headless: false, moz:platformVersion: 10.0, moz:processID: 23900, moz:profile: C:\Users\Presto\AppData\Loc..., moz:shutdownTimeout: 60000, moz:webdriverClick: true, moz:windowless: false, pageLoadStrategy: normal, platform: WINDOWS, platformName: WINDOWS, proxy: Proxy(), se:cdp: ws://127.0.0.1:57697/devtoo..., se:cdpVersion: 85, setWindowRect: true, strictFileInteractability: false, timeouts: {implicit: 0, pageLoad: 300000, script: 30000}, unhandledPromptBehavior: dismiss and notify}
Session ID: 27200adc-de03-400e-91fd-8ad600b55235" type="org.openqa.selenium.UnhandledAlertException">
      <![CDATA[org.openqa.selenium.UnhandledAlertException: Dismissed user prompt dialog: Please enter Dynamic Column 4 value.: 
Build info: version: '4.0.0', revision: '3a21814679'
System info: host: 'DESKTOP-V3HC333', ip: '192.168.0.117', os.name: 'Windows 11', os.arch: 'amd64', os.version: '10.0', java.version: '17.0.8.1'
Driver info: org.openqa.selenium.firefox.FirefoxDriver
Command: [27200adc-de03-400e-91fd-8ad600b55235, findElement {using=id, value=ctl00_cphpage_btnPrevious}]
Capabilities {acceptInsecureCerts: true, browserName: firefox, browserVersion: 121.0.1, javascriptEnabled: true, moz:accessibilityChecks: false, moz:buildID: 20240108143603, moz:debuggerAddress: 127.0.0.1:57697, moz:geckodriverVersion: 0.30.0, moz:headless: false, moz:platformVersion: 10.0, moz:processID: 23900, moz:profile: C:\Users\Presto\AppData\Loc..., moz:shutdownTimeout: 60000, moz:webdriverClick: true, moz:windowless: false, pageLoadStrategy: normal, platform: WINDOWS, platformName: WINDOWS, proxy: Proxy(), se:cdp: ws://127.0.0.1:57697/devtoo..., se:cdpVersion: 85, setWindowRect: true, strictFileInteractability: false, timeouts: {implicit: 0, pageLoad: 300000, script: 30000}, unhandledPromptBehavior: dismiss and notify}
Session ID: 27200adc-de03-400e-91fd-8ad600b55235
at org.openqa.selenium.remote.codec.w3c.W3CHttpResponseCodec.decode(W3CHttpResponseCodec.java:131)
at org.openqa.selenium.remote.codec.w3c.W3CHttpResponseCodec.decode(W3CHttpResponseCodec.java:53)
at org.openqa.selenium.remote.HttpCommandExecutor.execute(HttpCommandExecutor.java:184)
at org.openqa.selenium.remote.service.DriverCommandExecutor.invokeExecute(DriverCommandExecutor.java:164)
at org.openqa.selenium.remote.service.DriverCommandExecutor.execute(DriverCommandExecutor.java:139)
at org.openqa.selenium.remote.RemoteWebDriver.execute(RemoteWebDriver.java:559)
at org.openqa.selenium.remote.ElementLocation$ElementFinder$2.findElement(ElementLocation.java:162)
at org.openqa.selenium.remote.ElementLocation.findElement(ElementLocation.java:60)
at org.openqa.selenium.remote.RemoteWebDriver.findElement(RemoteWebDriver.java:383)
at org.openqa.selenium.remote.RemoteWebDriver.findElement(RemoteWebDriver.java:375)
at com.qa.HIS.BrowserCompatibility_HIS.MATest2.TC_MA_Page_2_save_and_next_and_previous(MATest2.java:644)
at java.base/jdk.internal.reflect.NativeMethodAccessorImpl.invoke0(Native Method)
at java.base/jdk.internal.reflect.NativeMethodAccessorImpl.invoke(NativeMethodAccessorImpl.java:77)
at java.base/jdk.internal.reflect.DelegatingMethodAccessorImpl.invoke(DelegatingMethodAccessorImpl.java:43)
at java.base/java.lang.reflect.Method.invoke(Method.java:568)
at org.testng.internal.MethodInvocationHelper.invokeMethod(MethodInvocationHelper.java:133)
at org.testng.internal.TestInvoker.invokeMethod(TestInvoker.java:598)
at org.testng.internal.TestInvoker.invokeTestMethod(TestInvoker.java:173)
at org.testng.internal.MethodRunner.runInSequence(MethodRunner.java:46)
at org.testng.internal.TestInvoker$MethodInvocationAgent.invoke(TestInvoker.java:824)
at org.testng.internal.TestInvoker.invokeTestMethods(TestInvoker.java:146)
at org.testng.internal.TestMethodWorker.invokeTestMethods(TestMethodWorker.java:146)
at org.testng.internal.TestMethodWorker.run(TestMethodWorker.java:128)
at java.base/java.util.ArrayList.forEach(ArrayList.java:1511)
at org.testng.TestRunner.privateRun(TestRunner.java:794)
at org.testng.TestRunner.run(TestRunner.java:596)
at org.testng.SuiteRunner.runTest(SuiteRunner.java:377)
at org.testng.SuiteRunner.runSequentially(SuiteRunner.java:371)
at org.testng.SuiteRunner.privateRun(SuiteRunner.java:332)
at org.testng.SuiteRunner.run(SuiteRunner.java:276)
at org.testng.SuiteRunnerWorker.runSuite(SuiteRunnerWorker.java:53)
at org.testng.SuiteRunnerWorker.run(SuiteRunnerWorker.java:96)
at org.testng.TestNG.runSuitesSequentially(TestNG.java:1212)
at org.testng.TestNG.runSuitesLocally(TestNG.java:1134)
at org.testng.TestNG.runSuites(TestNG.java:1063)
at org.testng.TestNG.run(TestNG.java:1031)
at org.testng.remote.AbstractRemoteTestNG.run(AbstractRemoteTestNG.java:115)
at org.testng.remote.RemoteTestNG.initAndRun(RemoteTestNG.java:251)
at org.testng.remote.RemoteTestNG.main(RemoteTestNG.java:77)
]]>
    </error>
  </testcase> <!-- TC_MA_Page_2_save_and_next_and_previous -->
  <system-out/>
</testsuite> <!-- com.qa.HIS.BrowserCompatibility_HIS.MATest2 -->
