<?xml version="1.0" encoding="UTF-8"?>
<!-- Generated by org.testng.reporters.JUnitReportReporter -->
<testsuite hostname="JoshnaRajput" failures="2" tests="13" name="com.qa.HIS.BrowserCompatibility_HIS.MiniCaseSheetTest" time="402.327" errors="0" timestamp="2025-03-27T11:04:50 IST" skipped="0">
  <testcase classname="com.qa.HIS.BrowserCompatibility_HIS.MiniCaseSheetTest" name="doLoginTest" time="5.961"/>
  <testcase classname="com.qa.HIS.BrowserCompatibility_HIS.MiniCaseSheetTest" name="doNavigateToSelectHospitalLocationTest" time="0.009"/>
  <testcase classname="com.qa.HIS.BrowserCompatibility_HIS.MiniCaseSheetTest" name="doNavigateToHISHomeTest" time="10.116"/>
  <testcase classname="com.qa.HIS.BrowserCompatibility_HIS.MiniCaseSheetTest" name="donavigateToPatientCheckIn" time="35.374"/>
  <testcase classname="com.qa.HIS.BrowserCompatibility_HIS.MiniCaseSheetTest" name="CLM_Mini_Standard_Casesheet_5" time="19.972"/>
  <testcase classname="com.qa.HIS.BrowserCompatibility_HIS.MiniCaseSheetTest" name="CLM_Mini_Standard_Casesheet_6" time="37.335"/>
  <testcase classname="com.qa.HIS.BrowserCompatibility_HIS.MiniCaseSheetTest" name="CLM_Mini_Standard_Casesheet_7" time="17.798"/>
  <testcase classname="com.qa.HIS.BrowserCompatibility_HIS.MiniCaseSheetTest" name="CLM_Mini_Standard_Casesheet_8" time="22.407"/>
  <testcase classname="com.qa.HIS.BrowserCompatibility_HIS.MiniCaseSheetTest" name="CLM_Mini_Standard_Casesheet_9" time="11.100">
    <failure message="It seems there&#039;s an error after trying to find medication using search did not expect [Error !!!] but found [Error !!!]" type="java.lang.AssertionError">
      <![CDATA[java.lang.AssertionError: It seems there's an error after trying to find medication using search did not expect [Error !!!] but found [Error !!!]
at org.testng.Assert.fail(Assert.java:111)
at org.testng.Assert.failEquals(Assert.java:1594)
at org.testng.Assert.assertNotEqualsImpl(Assert.java:157)
at org.testng.Assert.assertNotEquals(Assert.java:2217)
at com.qa.HIS.BrowserCompatibility_HIS.MiniCaseSheetTest.CLM_Mini_Standard_Casesheet_9(MiniCaseSheetTest.java:379)
at java.base/jdk.internal.reflect.DirectMethodHandleAccessor.invoke(DirectMethodHandleAccessor.java:103)
at java.base/java.lang.reflect.Method.invoke(Method.java:580)
at org.testng.internal.invokers.MethodInvocationHelper.invokeMethod(MethodInvocationHelper.java:141)
at org.testng.internal.invokers.TestInvoker.invokeMethod(TestInvoker.java:687)
at org.testng.internal.invokers.TestInvoker.invokeTestMethod(TestInvoker.java:230)
at org.testng.internal.invokers.MethodRunner.runInSequence(MethodRunner.java:63)
at org.testng.internal.invokers.TestInvoker$MethodInvocationAgent.invoke(TestInvoker.java:995)
at org.testng.internal.invokers.TestInvoker.invokeTestMethods(TestInvoker.java:203)
at org.testng.internal.invokers.TestMethodWorker.invokeTestMethods(TestMethodWorker.java:154)
at org.testng.internal.invokers.TestMethodWorker.run(TestMethodWorker.java:134)
at java.base/java.util.ArrayList.forEach(ArrayList.java:1596)
at org.testng.TestRunner.privateRun(TestRunner.java:741)
at org.testng.TestRunner.run(TestRunner.java:616)
at org.testng.SuiteRunner.runTest(SuiteRunner.java:421)
at org.testng.SuiteRunner.runSequentially(SuiteRunner.java:413)
at org.testng.SuiteRunner.privateRun(SuiteRunner.java:373)
at org.testng.SuiteRunner.run(SuiteRunner.java:312)
at org.testng.SuiteRunnerWorker.runSuite(SuiteRunnerWorker.java:52)
at org.testng.SuiteRunnerWorker.run(SuiteRunnerWorker.java:95)
at org.testng.TestNG.runSuitesSequentially(TestNG.java:1274)
at org.testng.TestNG.runSuitesLocally(TestNG.java:1208)
at org.testng.TestNG.runSuites(TestNG.java:1112)
at org.testng.TestNG.run(TestNG.java:1079)
at org.testng.remote.AbstractRemoteTestNG.run(AbstractRemoteTestNG.java:115)
at org.testng.remote.RemoteTestNG.initAndRun(RemoteTestNG.java:293)
at org.testng.remote.RemoteTestNG.main(RemoteTestNG.java:91)
]]>
    </failure>
  </testcase> <!-- CLM_Mini_Standard_Casesheet_9 -->
  <testcase classname="com.qa.HIS.BrowserCompatibility_HIS.MiniCaseSheetTest" name="CLM_Mini_Standard_Casesheet_10" time="21.053"/>
  <testcase classname="com.qa.HIS.BrowserCompatibility_HIS.MiniCaseSheetTest" name="CLM_Mini_Standard_Casesheet_11" time="201.982">
    <failure message="Test failed: Unable to locate &#039;Advice Referral Radio Button&#039; due to server issue." type="java.lang.AssertionError">
      <![CDATA[java.lang.AssertionError: Test failed: Unable to locate 'Advice Referral Radio Button' due to server issue.
at org.testng.Assert.fail(Assert.java:111)
at com.qa.HIS.BrowserCompatibility_HIS.MiniCaseSheetTest.CLM_Mini_Standard_Casesheet_11(MiniCaseSheetTest.java:476)
at java.base/jdk.internal.reflect.DirectMethodHandleAccessor.invoke(DirectMethodHandleAccessor.java:103)
at java.base/java.lang.reflect.Method.invoke(Method.java:580)
at org.testng.internal.invokers.MethodInvocationHelper.invokeMethod(MethodInvocationHelper.java:141)
at org.testng.internal.invokers.TestInvoker.invokeMethod(TestInvoker.java:687)
at org.testng.internal.invokers.TestInvoker.invokeTestMethod(TestInvoker.java:230)
at org.testng.internal.invokers.MethodRunner.runInSequence(MethodRunner.java:63)
at org.testng.internal.invokers.TestInvoker$MethodInvocationAgent.invoke(TestInvoker.java:995)
at org.testng.internal.invokers.TestInvoker.invokeTestMethods(TestInvoker.java:203)
at org.testng.internal.invokers.TestMethodWorker.invokeTestMethods(TestMethodWorker.java:154)
at org.testng.internal.invokers.TestMethodWorker.run(TestMethodWorker.java:134)
at java.base/java.util.ArrayList.forEach(ArrayList.java:1596)
at org.testng.TestRunner.privateRun(TestRunner.java:741)
at org.testng.TestRunner.run(TestRunner.java:616)
at org.testng.SuiteRunner.runTest(SuiteRunner.java:421)
at org.testng.SuiteRunner.runSequentially(SuiteRunner.java:413)
at org.testng.SuiteRunner.privateRun(SuiteRunner.java:373)
at org.testng.SuiteRunner.run(SuiteRunner.java:312)
at org.testng.SuiteRunnerWorker.runSuite(SuiteRunnerWorker.java:52)
at org.testng.SuiteRunnerWorker.run(SuiteRunnerWorker.java:95)
at org.testng.TestNG.runSuitesSequentially(TestNG.java:1274)
at org.testng.TestNG.runSuitesLocally(TestNG.java:1208)
at org.testng.TestNG.runSuites(TestNG.java:1112)
at org.testng.TestNG.run(TestNG.java:1079)
at org.testng.remote.AbstractRemoteTestNG.run(AbstractRemoteTestNG.java:115)
at org.testng.remote.RemoteTestNG.initAndRun(RemoteTestNG.java:293)
at org.testng.remote.RemoteTestNG.main(RemoteTestNG.java:91)
]]>
    </failure>
  </testcase> <!-- CLM_Mini_Standard_Casesheet_11 -->
  <testcase classname="com.qa.HIS.BrowserCompatibility_HIS.MiniCaseSheetTest" name="CLM_Mini_Standard_Casesheet_15" time="14.343"/>
  <testcase classname="com.qa.HIS.BrowserCompatibility_HIS.MiniCaseSheetTest" name="CLM_Mini_Standard_Casesheet_17" time="4.877"/>
</testsuite> <!-- com.qa.HIS.BrowserCompatibility_HIS.MiniCaseSheetTest -->
