<?xml version="1.0" encoding="UTF-8"?>
<!-- Generated by org.testng.reporters.JUnitReportReporter -->
<testsuite hostname="JoshnaRajput" failures="1" tests="9" name="com.qa.HIS.BrowserCompatibility_HIS.Clinical_Record_ReportTest" time="205.757" errors="0" timestamp="2025-03-27T17:36:22 IST" skipped="0">
  <testcase classname="com.qa.HIS.BrowserCompatibility_HIS.Clinical_Record_ReportTest" name="doLoginTest" time="3.300"/>
  <testcase classname="com.qa.HIS.BrowserCompatibility_HIS.Clinical_Record_ReportTest" name="doNavigateToSelectHospitalLocationTest" time="0.004"/>
  <testcase classname="com.qa.HIS.BrowserCompatibility_HIS.Clinical_Record_ReportTest" name="doNavigateToHISHomeTest" time="9.886"/>
  <testcase classname="com.qa.HIS.BrowserCompatibility_HIS.Clinical_Record_ReportTest" name="doNavigateToClinical_Record_Reports" time="2.207"/>
  <testcase classname="com.qa.HIS.BrowserCompatibility_HIS.Clinical_Record_ReportTest" name="checkTheFunctionalityOfItemMasterdata" time="5.348"/>
  <testcase classname="com.qa.HIS.BrowserCompatibility_HIS.Clinical_Record_ReportTest" name="checkTheFunctionalityOfprescreption_itemIssue" time="5.814"/>
  <testcase classname="com.qa.HIS.BrowserCompatibility_HIS.Clinical_Record_ReportTest" name="checkTheFunctionalityOfStockStatus_StationWise" time="6.542"/>
  <testcase classname="com.qa.HIS.BrowserCompatibility_HIS.Clinical_Record_ReportTest" name="checkTheFunctionalityOfExportReport" time="79.883">
    <failure message="Test failed: Export Report button is missing." type="java.lang.AssertionError">
      <![CDATA[java.lang.AssertionError: Test failed: Export Report button is missing.
at org.testng.Assert.fail(Assert.java:111)
at com.qa.HIS.BrowserCompatibility_HIS.Clinical_Record_ReportTest.checkTheFunctionalityOfExportReport(Clinical_Record_ReportTest.java:137)
at java.base/jdk.internal.reflect.DirectMethodHandleAccessor.invoke(DirectMethodHandleAccessor.java:103)
at java.base/java.lang.reflect.Method.invoke(Method.java:580)
at org.testng.internal.invokers.MethodInvocationHelper.invokeMethod(MethodInvocationHelper.java:141)
at org.testng.internal.invokers.TestInvoker.invokeMethod(TestInvoker.java:687)
at org.testng.internal.invokers.TestInvoker.invokeTestMethod(TestInvoker.java:230)
at org.testng.internal.invokers.MethodRunner.runInSequence(MethodRunner.java:63)
at org.testng.internal.invokers.TestInvoker$MethodInvocationAgent.invoke(TestInvoker.java:995)
at org.testng.internal.invokers.TestInvoker.invokeTestMethods(TestInvoker.java:203)
at org.testng.internal.invokers.TestMethodWorker.invokeTestMethods(TestMethodWorker.java:154)
at org.testng.internal.invokers.TestMethodWorker.run(TestMethodWorker.java:134)
at java.base/java.util.ArrayList.forEach(ArrayList.java:1596)
at org.testng.TestRunner.privateRun(TestRunner.java:741)
at org.testng.TestRunner.run(TestRunner.java:616)
at org.testng.SuiteRunner.runTest(SuiteRunner.java:421)
at org.testng.SuiteRunner.runSequentially(SuiteRunner.java:413)
at org.testng.SuiteRunner.privateRun(SuiteRunner.java:373)
at org.testng.SuiteRunner.run(SuiteRunner.java:312)
at org.testng.SuiteRunnerWorker.runSuite(SuiteRunnerWorker.java:52)
at org.testng.SuiteRunnerWorker.run(SuiteRunnerWorker.java:95)
at org.testng.TestNG.runSuitesSequentially(TestNG.java:1274)
at org.testng.TestNG.runSuitesLocally(TestNG.java:1208)
at org.testng.TestNG.runSuites(TestNG.java:1112)
at org.testng.TestNG.run(TestNG.java:1079)
at org.testng.remote.AbstractRemoteTestNG.run(AbstractRemoteTestNG.java:115)
at org.testng.remote.RemoteTestNG.initAndRun(RemoteTestNG.java:293)
at org.testng.remote.RemoteTestNG.main(RemoteTestNG.java:91)
]]>
    </failure>
  </testcase> <!-- checkTheFunctionalityOfExportReport -->
  <testcase classname="com.qa.HIS.BrowserCompatibility_HIS.Clinical_Record_ReportTest" name="ChecktheFunctionalityofClearButton" time="92.773"/>
</testsuite> <!-- com.qa.HIS.BrowserCompatibility_HIS.Clinical_Record_ReportTest -->
