<?xml version="1.0" encoding="UTF-8"?>
<!-- Generated by org.testng.reporters.JUnitReportReporter -->
<testsuite hostname="DESKTOP-V3HC333" failures="1" tests="39" name="com.qa.HIS.BrowserCompatibility_HIS.MATest3" time="64.446" errors="0" timestamp="2024-02-19T19:16:06 IST" skipped="0">
  <testcase classname="com.qa.HIS.BrowserCompatibility_HIS.MATest3" name="doLoginTest" time="1.091"/>
  <system-out/>
  <testcase classname="com.qa.HIS.BrowserCompatibility_HIS.MATest3" name="doNavigateToSelectHospitalLocationTest" time="0.003"/>
  <system-out/>
  <testcase classname="com.qa.HIS.BrowserCompatibility_HIS.MATest3" name="doNavigateToHISHomeTest" time="7.306"/>
  <system-out/>
  <testcase classname="com.qa.HIS.BrowserCompatibility_HIS.MATest3" name="doNavigateToMALetterGenerationforHosptitaslLinks" time="0.776"/>
  <system-out/>
  <testcase classname="com.qa.HIS.BrowserCompatibility_HIS.MATest3" name="TC_MA_004" time="0.006"/>
  <system-out/>
  <testcase classname="com.qa.HIS.BrowserCompatibility_HIS.MATest3" name="TC_MA_Page_3_7_IPD_Attendance" time="5.708"/>
  <system-out/>
  <testcase classname="com.qa.HIS.BrowserCompatibility_HIS.MATest3" name="TC_MA_Page_3_7_Extra_field_add_delete" time="5.486"/>
  <system-out/>
  <testcase classname="com.qa.HIS.BrowserCompatibility_HIS.MATest3" name="TC_MA_Page_3_7_2_super_speciality_availability" time="0.290"/>
  <system-out/>
  <testcase classname="com.qa.HIS.BrowserCompatibility_HIS.MATest3" name="TC_MA_Page_3_7_2_super_speciality_entries" time="0.718"/>
  <system-out/>
  <testcase classname="com.qa.HIS.BrowserCompatibility_HIS.MATest3" name="TC_MA_Page_3_7_2_super_speciality_extra_fields" time="9.395"/>
  <system-out/>
  <testcase classname="com.qa.HIS.BrowserCompatibility_HIS.MATest3" name="TC_MA_Page_3_7_2_super_speciality_availability_no" time="1.609"/>
  <system-out/>
  <testcase classname="com.qa.HIS.BrowserCompatibility_HIS.MATest3" name="TC_MA_Page_3_7_2_super_speciality_entries_redo" time="0.659"/>
  <system-out/>
  <testcase classname="com.qa.HIS.BrowserCompatibility_HIS.MATest3" name="TC_MA_Page_3_7_2_super_speciality_extra_fields_redo" time="9.185"/>
  <system-out/>
  <testcase classname="com.qa.HIS.BrowserCompatibility_HIS.MATest3" name="TC_MA_Page_3_7_checkboxes" time="1.036"/>
  <system-out/>
  <testcase classname="com.qa.HIS.BrowserCompatibility_HIS.MATest3" name="TC_MA_Page_3_7_dropdown" time="1.172"/>
  <system-out/>
  <testcase classname="com.qa.HIS.BrowserCompatibility_HIS.MATest3" name="TC_MA_Page_3_7_entries_float" time="0.248">
    <failure message="expected [12347.1234] but found [123471234]" type="java.lang.AssertionError">
      <![CDATA[java.lang.AssertionError: expected [12347.1234] but found [123471234]
at org.testng.Assert.fail(Assert.java:99)
at org.testng.Assert.failNotEquals(Assert.java:1037)
at org.testng.Assert.assertEqualsImpl(Assert.java:140)
at org.testng.Assert.assertEquals(Assert.java:122)
at org.testng.Assert.assertEquals(Assert.java:629)
at org.testng.Assert.assertEquals(Assert.java:639)
at com.qa.HIS.BrowserCompatibility_HIS.MATest3.TC_MA_Page_3_7_entries_float(MATest3.java:549)
at java.base/jdk.internal.reflect.NativeMethodAccessorImpl.invoke0(Native Method)
at java.base/jdk.internal.reflect.NativeMethodAccessorImpl.invoke(NativeMethodAccessorImpl.java:77)
at java.base/jdk.internal.reflect.DelegatingMethodAccessorImpl.invoke(DelegatingMethodAccessorImpl.java:43)
at java.base/java.lang.reflect.Method.invoke(Method.java:568)
at org.testng.internal.MethodInvocationHelper.invokeMethod(MethodInvocationHelper.java:133)
at org.testng.internal.TestInvoker.invokeMethod(TestInvoker.java:598)
at org.testng.internal.TestInvoker.invokeTestMethod(TestInvoker.java:173)
at org.testng.internal.MethodRunner.runInSequence(MethodRunner.java:46)
at org.testng.internal.TestInvoker$MethodInvocationAgent.invoke(TestInvoker.java:824)
at org.testng.internal.TestInvoker.invokeTestMethods(TestInvoker.java:146)
at org.testng.internal.TestMethodWorker.invokeTestMethods(TestMethodWorker.java:146)
at org.testng.internal.TestMethodWorker.run(TestMethodWorker.java:128)
at java.base/java.util.ArrayList.forEach(ArrayList.java:1511)
at org.testng.TestRunner.privateRun(TestRunner.java:794)
at org.testng.TestRunner.run(TestRunner.java:596)
at org.testng.SuiteRunner.runTest(SuiteRunner.java:377)
at org.testng.SuiteRunner.runSequentially(SuiteRunner.java:371)
at org.testng.SuiteRunner.privateRun(SuiteRunner.java:332)
at org.testng.SuiteRunner.run(SuiteRunner.java:276)
at org.testng.SuiteRunnerWorker.runSuite(SuiteRunnerWorker.java:53)
at org.testng.SuiteRunnerWorker.run(SuiteRunnerWorker.java:96)
at org.testng.TestNG.runSuitesSequentially(TestNG.java:1212)
at org.testng.TestNG.runSuitesLocally(TestNG.java:1134)
at org.testng.TestNG.runSuites(TestNG.java:1063)
at org.testng.TestNG.run(TestNG.java:1031)
at org.testng.remote.AbstractRemoteTestNG.run(AbstractRemoteTestNG.java:115)
at org.testng.remote.RemoteTestNG.initAndRun(RemoteTestNG.java:251)
at org.testng.remote.RemoteTestNG.main(RemoteTestNG.java:77)
]]>
    </failure>
  </testcase> <!-- TC_MA_Page_3_7_entries_float -->
  <system-out/>
  <testcase classname="com.qa.HIS.BrowserCompatibility_HIS.MATest3" name="TC_MA_Page_3_7_uncheck" time="1.077"/>
  <system-out/>
  <testcase classname="com.qa.HIS.BrowserCompatibility_HIS.MATest3" name="TC_MA_Page_3_7_recheck" time="1.074"/>
  <system-out/>
  <testcase classname="com.qa.HIS.BrowserCompatibility_HIS.MATest3" name="TC_MA_Page_3_7_dropdown_redo" time="1.171"/>
  <system-out/>
  <testcase classname="com.qa.HIS.BrowserCompatibility_HIS.MATest3" name="TC_MA_Page_3_7_entries_redo" time="0.194"/>
  <system-out/>
  <testcase classname="com.qa.HIS.BrowserCompatibility_HIS.MATest3" name="TC_MA_Page_3_remarks" time="0.187"/>
  <system-out/>
  <testcase classname="com.qa.HIS.BrowserCompatibility_HIS.MATest3" name="TC_MA_Page_3_8_status_drugs_float" time="0.291"/>
  <system-out/>
  <testcase classname="com.qa.HIS.BrowserCompatibility_HIS.MATest3" name="TC_MA_Page_3_8_status_drugs_numeric" time="0.628"/>
  <system-out/>
  <testcase classname="com.qa.HIS.BrowserCompatibility_HIS.MATest3" name="TC_MA_Page_3_8_GEM_NONGEM_float_plus_numeric" time="0.408"/>
  <system-out/>
  <testcase classname="com.qa.HIS.BrowserCompatibility_HIS.MATest3" name="TC_MA_Page_3_8_status_drugs_autofetch_check" time="0.081"/>
  <system-out/>
  <testcase classname="com.qa.HIS.BrowserCompatibility_HIS.MATest3" name="TC_MA_Page_3_8_LPRCDrugsAmount_float" time="0.116"/>
  <system-out/>
  <testcase classname="com.qa.HIS.BrowserCompatibility_HIS.MATest3" name="TC_MA_Page_3_8_LPRCDrugsReason_alphanumeric_plus_special_characters" time="0.131"/>
  <system-out/>
  <testcase classname="com.qa.HIS.BrowserCompatibility_HIS.MATest3" name="TC_MA_Page_3_8_LPNonRCDrugs_numeric_amount" time="0.199"/>
  <system-out/>
  <testcase classname="com.qa.HIS.BrowserCompatibility_HIS.MATest3" name="TC_MA_Page_3_8_RCNonRCExpenditure_float" time="0.588"/>
  <system-out/>
  <testcase classname="com.qa.HIS.BrowserCompatibility_HIS.MATest3" name="TC_MA_Page_3_9_ICUHDUNICU_Checkbox" time="0.807"/>
  <system-out/>
  <testcase classname="com.qa.HIS.BrowserCompatibility_HIS.MATest3" name="TC_MA_Page_3_9_ICUHDUNICU_Dropdown" time="0.874"/>
  <system-out/>
  <testcase classname="com.qa.HIS.BrowserCompatibility_HIS.MATest3" name="TC_MA_Page_3_9_ICUHDUNICU_entries" time="0.157"/>
  <system-out/>
  <testcase classname="com.qa.HIS.BrowserCompatibility_HIS.MATest3" name="TC_MA_Page_3_9_ICUHDUNICU_unchecking" time="0.801"/>
  <system-out/>
  <testcase classname="com.qa.HIS.BrowserCompatibility_HIS.MATest3" name="TC_MA_Page_3_9_ICUHDUNICU_redo_Checkbox" time="0.798"/>
  <system-out/>
  <testcase classname="com.qa.HIS.BrowserCompatibility_HIS.MATest3" name="TC_MA_Page_3_9_ICUHDUNICU_redo_Dropdown" time="0.873"/>
  <system-out/>
  <testcase classname="com.qa.HIS.BrowserCompatibility_HIS.MATest3" name="TC_MA_Page_3_9_ICUHDUNICU_redo_entries" time="0.144"/>
  <system-out/>
  <testcase classname="com.qa.HIS.BrowserCompatibility_HIS.MATest3" name="TC_MA_Page_3_mandatory_alert_check" time="0.233"/>
  <system-out/>
  <testcase classname="com.qa.HIS.BrowserCompatibility_HIS.MATest3" name="TC_MA_Page_3_8_GemPurchaseDrugs_float" time="0.104"/>
  <system-out/>
  <testcase classname="com.qa.HIS.BrowserCompatibility_HIS.MATest3" name="TC_MA_Page_3_save_and_next_and_previous" time="8.822"/>
  <system-out/>
</testsuite> <!-- com.qa.HIS.BrowserCompatibility_HIS.MATest3 -->
