<?xml version="1.0" encoding="UTF-8"?>
<!-- Generated by org.testng.reporters.JUnitReportReporter -->
<testsuite hostname="DESKTOP-V3HC333" failures="0" tests="12" name="com.qa.HIS.BrowserCompatibility_HIS.AdjustmentTest" time="206.520" errors="1" timestamp="2023-11-14T16:25:59 IST" skipped="0">
  <testcase classname="com.qa.HIS.BrowserCompatibility_HIS.AdjustmentTest" name="doLoginTest" time="1.139"/>
  <system-out/>
  <testcase classname="com.qa.HIS.BrowserCompatibility_HIS.AdjustmentTest" name="doNavigateToSelectHospitalLocationTest" time="0.003"/>
  <system-out/>
  <testcase classname="com.qa.HIS.BrowserCompatibility_HIS.AdjustmentTest" name="doNavigateToHISHomeTest" time="11.711"/>
  <system-out/>
  <testcase classname="com.qa.HIS.BrowserCompatibility_HIS.AdjustmentTest" name="doNavigateAdjustmentLinkTest" time="3.270"/>
  <system-out/>
  <testcase classname="com.qa.HIS.BrowserCompatibility_HIS.AdjustmentTest" name="TC_Store_Adjustment_004" time="2.752"/>
  <system-out/>
  <testcase classname="com.qa.HIS.BrowserCompatibility_HIS.AdjustmentTest" name="TC_Store_Adjustment_005" time="2.555"/>
  <system-out/>
  <testcase classname="com.qa.HIS.BrowserCompatibility_HIS.AdjustmentTest" name="TC_Store_Adjustment_006" time="24.197"/>
  <system-out/>
  <testcase classname="com.qa.HIS.BrowserCompatibility_HIS.AdjustmentTest" name="TC_Store_Adjustment_009" time="4.315"/>
  <system-out/>
  <testcase classname="com.qa.HIS.BrowserCompatibility_HIS.AdjustmentTest" name="TC_Store_Adjustment_008" time="23.137"/>
  <system-out/>
  <testcase classname="com.qa.HIS.BrowserCompatibility_HIS.AdjustmentTest" name="TC_Store_Adjustment_010" time="4.565"/>
  <system-out/>
  <testcase classname="com.qa.HIS.BrowserCompatibility_HIS.AdjustmentTest" name="TC_Store_Adjustment_011" time="6.570"/>
  <system-out/>
  <testcase classname="com.qa.HIS.BrowserCompatibility_HIS.AdjustmentTest" name="TC_Store_Adjustment_012" time="122.306">
    <error message="Cannot invoke &quot;org.openqa.selenium.WebElement.click()&quot; because the return value of &quot;com.qa.pages.AdjustmentLBStoreConsumptionPage.getAdjustmentNoCheckbox()&quot; is null" type="java.lang.NullPointerException">
      <![CDATA[java.lang.NullPointerException: Cannot invoke "org.openqa.selenium.WebElement.click()" because the return value of "com.qa.pages.AdjustmentLBStoreConsumptionPage.getAdjustmentNoCheckbox()" is null
at com.qa.HIS.BrowserCompatibility_HIS.AdjustmentTest.TC_Store_Adjustment_012(AdjustmentTest.java:208)
at java.base/jdk.internal.reflect.NativeMethodAccessorImpl.invoke0(Native Method)
at java.base/jdk.internal.reflect.NativeMethodAccessorImpl.invoke(NativeMethodAccessorImpl.java:77)
at java.base/jdk.internal.reflect.DelegatingMethodAccessorImpl.invoke(DelegatingMethodAccessorImpl.java:43)
at java.base/java.lang.reflect.Method.invoke(Method.java:568)
at org.testng.internal.MethodInvocationHelper.invokeMethod(MethodInvocationHelper.java:133)
at org.testng.internal.TestInvoker.invokeMethod(TestInvoker.java:598)
at org.testng.internal.TestInvoker.invokeTestMethod(TestInvoker.java:173)
at org.testng.internal.MethodRunner.runInSequence(MethodRunner.java:46)
at org.testng.internal.TestInvoker$MethodInvocationAgent.invoke(TestInvoker.java:824)
at org.testng.internal.TestInvoker.invokeTestMethods(TestInvoker.java:146)
at org.testng.internal.TestMethodWorker.invokeTestMethods(TestMethodWorker.java:146)
at org.testng.internal.TestMethodWorker.run(TestMethodWorker.java:128)
at java.base/java.util.ArrayList.forEach(ArrayList.java:1511)
at org.testng.TestRunner.privateRun(TestRunner.java:794)
at org.testng.TestRunner.run(TestRunner.java:596)
at org.testng.SuiteRunner.runTest(SuiteRunner.java:377)
at org.testng.SuiteRunner.runSequentially(SuiteRunner.java:371)
at org.testng.SuiteRunner.privateRun(SuiteRunner.java:332)
at org.testng.SuiteRunner.run(SuiteRunner.java:276)
at org.testng.SuiteRunnerWorker.runSuite(SuiteRunnerWorker.java:53)
at org.testng.SuiteRunnerWorker.run(SuiteRunnerWorker.java:96)
at org.testng.TestNG.runSuitesSequentially(TestNG.java:1212)
at org.testng.TestNG.runSuitesLocally(TestNG.java:1134)
at org.testng.TestNG.runSuites(TestNG.java:1063)
at org.testng.TestNG.run(TestNG.java:1031)
at org.testng.remote.AbstractRemoteTestNG.run(AbstractRemoteTestNG.java:115)
at org.testng.remote.RemoteTestNG.initAndRun(RemoteTestNG.java:251)
at org.testng.remote.RemoteTestNG.main(RemoteTestNG.java:77)
]]>
    </error>
  </testcase> <!-- TC_Store_Adjustment_012 -->
  <system-out/>
</testsuite> <!-- com.qa.HIS.BrowserCompatibility_HIS.AdjustmentTest -->
